Internal Server Error: /admin/resources/add_resource/
Traceback (most recent call last):
  File "C:\Python3.6.1\lib\site-packages\django\core\handlers\exception.py", line 41, in inner
    response = get_response(request)
  File "C:\Python3.6.1\lib\site-packages\django\core\handlers\base.py", line 187, in _get_response
    response = self.process_exception_by_middleware(e, request)
  File "C:\Python3.6.1\lib\site-packages\django\core\handlers\base.py", line 185, in _get_response
    response = wrapped_callback(request, *callback_args, **callback_kwargs)
  File "C:\Users\timig\PycharmProjects\GrabTheTrade\gtt\views.py", line 73, in add_resource
    return json.JSONEncoder(True)
TypeError: __init__() takes 1 positional argument but 2 were given
Internal Server Error: /admin/resources/add_resource/
Traceback (most recent call last):
  File "C:\Python3.6.1\lib\site-packages\django\core\handlers\exception.py", line 41, in inner
    response = get_response(request)
  File "C:\Python3.6.1\lib\site-packages\django\core\handlers\base.py", line 187, in _get_response
    response = self.process_exception_by_middleware(e, request)
  File "C:\Python3.6.1\lib\site-packages\django\core\handlers\base.py", line 185, in _get_response
    response = wrapped_callback(request, *callback_args, **callback_kwargs)
  File "C:\Users\timig\PycharmProjects\GrabTheTrade\gtt\views.py", line 73, in add_resource
    return json.dump(True)
TypeError: dump() missing 1 required positional argument: 'fp'
Internal Server Error: /admin/resources/add_resource/
Traceback (most recent call last):
  File "C:\Python3.6.1\lib\site-packages\django\core\handlers\exception.py", line 41, in inner
    response = get_response(request)
  File "C:\Python3.6.1\lib\site-packages\django\utils\deprecation.py", line 142, in __call__
    response = self.process_response(request, response)
  File "C:\Python3.6.1\lib\site-packages\django\middleware\clickjacking.py", line 32, in process_response
    if response.get('X-Frame-Options') is not None:
AttributeError: 'str' object has no attribute 'get'
Internal Server Error: /admin/resources/add_resource/
Traceback (most recent call last):
  File "C:\Python3.6.1\lib\site-packages\django\core\handlers\exception.py", line 41, in inner
    response = get_response(request)
  File "C:\Python3.6.1\lib\site-packages\django\utils\deprecation.py", line 142, in __call__
    response = self.process_response(request, response)
  File "C:\Python3.6.1\lib\site-packages\django\middleware\clickjacking.py", line 32, in process_response
    if response.get('X-Frame-Options') is not None:
AttributeError: 'bool' object has no attribute 'get'
Internal Server Error: /admin/resources/add_resource/
Traceback (most recent call last):
  File "C:\Python3.6.1\lib\site-packages\django\core\handlers\exception.py", line 41, in inner
    response = get_response(request)
  File "C:\Python3.6.1\lib\site-packages\django\core\handlers\base.py", line 187, in _get_response
    response = self.process_exception_by_middleware(e, request)
  File "C:\Python3.6.1\lib\site-packages\django\core\handlers\base.py", line 185, in _get_response
    response = wrapped_callback(request, *callback_args, **callback_kwargs)
  File "C:\Users\timig\PycharmProjects\GrabTheTrade\gtt\views.py", line 73, in add_resource
    return JsonResponse(True)
  File "C:\Python3.6.1\lib\site-packages\django\http\response.py", line 524, in __init__
    'In order to allow non-dict objects to be serialized set the '
TypeError: In order to allow non-dict objects to be serialized set the safe parameter to False.
Not Found: /favicon.ico
Not Found: /favicon.ico
Not Found: /favicon.ico
Internal Server Error: /admin/resources/add_resource/
Traceback (most recent call last):
  File "C:\Python3.6.1\lib\site-packages\django\core\handlers\exception.py", line 41, in inner
    response = get_response(request)
  File "C:\Python3.6.1\lib\site-packages\django\core\handlers\base.py", line 187, in _get_response
    response = self.process_exception_by_middleware(e, request)
  File "C:\Python3.6.1\lib\site-packages\django\core\handlers\base.py", line 185, in _get_response
    response = wrapped_callback(request, *callback_args, **callback_kwargs)
  File "C:\Users\timig\PycharmProjects\GrabTheTrade\gtt\views.py", line 73, in add_resource
    print(request.REQUEST)
AttributeError: 'WSGIRequest' object has no attribute 'REQUEST'
Internal Server Error: /admin/resources/add_resource/
Traceback (most recent call last):
  File "C:\Python3.6.1\lib\site-packages\django\core\handlers\exception.py", line 41, in inner
    response = get_response(request)
  File "C:\Python3.6.1\lib\site-packages\django\core\handlers\base.py", line 187, in _get_response
    response = self.process_exception_by_middleware(e, request)
  File "C:\Python3.6.1\lib\site-packages\django\core\handlers\base.py", line 185, in _get_response
    response = wrapped_callback(request, *callback_args, **callback_kwargs)
  File "C:\Users\timig\PycharmProjects\GrabTheTrade\gtt\views.py", line 74, in add_resource
    print(q.pop())
AttributeError: 'generator' object has no attribute 'pop'
Internal Server Error: /admin/resources/add_resource/
Traceback (most recent call last):
  File "C:\Python3.6.1\lib\site-packages\django\core\handlers\exception.py", line 41, in inner
    response = get_response(request)
  File "C:\Python3.6.1\lib\site-packages\django\core\handlers\base.py", line 187, in _get_response
    response = self.process_exception_by_middleware(e, request)
  File "C:\Python3.6.1\lib\site-packages\django\core\handlers\base.py", line 185, in _get_response
    response = wrapped_callback(request, *callback_args, **callback_kwargs)
  File "C:\Users\timig\PycharmProjects\GrabTheTrade\gtt\views.py", line 74, in add_resource
    print(q.intervalues())
AttributeError: 'QueryDict' object has no attribute 'intervalues'
Internal Server Error: /admin/resources/add_resource/
Traceback (most recent call last):
  File "C:\Python3.6.1\lib\site-packages\django\core\handlers\exception.py", line 41, in inner
    response = get_response(request)
  File "C:\Python3.6.1\lib\site-packages\django\core\handlers\base.py", line 187, in _get_response
    response = self.process_exception_by_middleware(e, request)
  File "C:\Python3.6.1\lib\site-packages\django\core\handlers\base.py", line 185, in _get_response
    response = wrapped_callback(request, *callback_args, **callback_kwargs)
  File "C:\Users\timig\PycharmProjects\GrabTheTrade\gtt\views.py", line 74, in add_resource
    print(q.itervalues())
AttributeError: 'QueryDict' object has no attribute 'itervalues'
Internal Server Error: /admin/resources/add_resource/
Traceback (most recent call last):
  File "C:\Python3.6.1\lib\site-packages\django\core\handlers\exception.py", line 41, in inner
    response = get_response(request)
  File "C:\Python3.6.1\lib\site-packages\django\core\handlers\base.py", line 187, in _get_response
    response = self.process_exception_by_middleware(e, request)
  File "C:\Python3.6.1\lib\site-packages\django\core\handlers\base.py", line 185, in _get_response
    response = wrapped_callback(request, *callback_args, **callback_kwargs)
  File "C:\Users\timig\PycharmProjects\GrabTheTrade\gtt\views.py", line 74, in add_resource
    print(q.iteritems())
AttributeError: 'QueryDict' object has no attribute 'iteritems'
Internal Server Error: /admin/resources/add_resource/
Traceback (most recent call last):
  File "C:\Python3.6.1\lib\site-packages\django\core\handlers\exception.py", line 41, in inner
    response = get_response(request)
  File "C:\Python3.6.1\lib\site-packages\django\core\handlers\base.py", line 187, in _get_response
    response = self.process_exception_by_middleware(e, request)
  File "C:\Python3.6.1\lib\site-packages\django\core\handlers\base.py", line 185, in _get_response
    response = wrapped_callback(request, *callback_args, **callback_kwargs)
  File "C:\Users\timig\PycharmProjects\GrabTheTrade\gtt\views.py", line 74, in add_resource
    print(q.itervalues())
AttributeError: 'QueryDict' object has no attribute 'itervalues'
Internal Server Error: /admin/resources/add_resource/
Traceback (most recent call last):
  File "C:\Python3.6.1\lib\site-packages\django\core\handlers\exception.py", line 41, in inner
    response = get_response(request)
  File "C:\Python3.6.1\lib\site-packages\django\core\handlers\base.py", line 187, in _get_response
    response = self.process_exception_by_middleware(e, request)
  File "C:\Python3.6.1\lib\site-packages\django\core\handlers\base.py", line 185, in _get_response
    response = wrapped_callback(request, *callback_args, **callback_kwargs)
  File "C:\Users\timig\PycharmProjects\GrabTheTrade\gtt\views.py", line 75, in add_resource
    a = json.loads("" + dict(request.POST))
TypeError: must be str, not dict
Not Found: /favicon.ico
Not Found: /favicon.ico
Not Found: /favicon.ico
Internal Server Error: /admin/resources/add_resource/
Traceback (most recent call last):
  File "C:\Python3.6.1\lib\site-packages\django\core\handlers\exception.py", line 41, in inner
    response = get_response(request)
  File "C:\Python3.6.1\lib\site-packages\django\core\handlers\base.py", line 187, in _get_response
    response = self.process_exception_by_middleware(e, request)
  File "C:\Python3.6.1\lib\site-packages\django\core\handlers\base.py", line 185, in _get_response
    response = wrapped_callback(request, *callback_args, **callback_kwargs)
  File "C:\Users\timig\PycharmProjects\GrabTheTrade\gtt\views.py", line 83, in add_resource
    return JsonResponse(resource)
  File "C:\Python3.6.1\lib\site-packages\django\http\response.py", line 524, in __init__
    'In order to allow non-dict objects to be serialized set the '
TypeError: In order to allow non-dict objects to be serialized set the safe parameter to False.
Not Found: /favicon.ico
Internal Server Error: /admin/resources/add_resource/
Traceback (most recent call last):
  File "C:\Python3.6.1\lib\site-packages\django\core\handlers\exception.py", line 41, in inner
    response = get_response(request)
  File "C:\Python3.6.1\lib\site-packages\django\core\handlers\base.py", line 187, in _get_response
    response = self.process_exception_by_middleware(e, request)
  File "C:\Python3.6.1\lib\site-packages\django\core\handlers\base.py", line 185, in _get_response
    response = wrapped_callback(request, *callback_args, **callback_kwargs)
  File "C:\Users\timig\PycharmProjects\GrabTheTrade\gtt\views.py", line 77, in add_resource
    template_data = [post_data['parameters'], post_data['country_css'],
KeyError: 'parameters'
Internal Server Error: /admin/resources/add_resource/
Traceback (most recent call last):
  File "C:\Python3.6.1\lib\site-packages\django\core\handlers\exception.py", line 41, in inner
    response = get_response(request)
  File "C:\Python3.6.1\lib\site-packages\django\core\handlers\base.py", line 187, in _get_response
    response = self.process_exception_by_middleware(e, request)
  File "C:\Python3.6.1\lib\site-packages\django\core\handlers\base.py", line 185, in _get_response
    response = wrapped_callback(request, *callback_args, **callback_kwargs)
  File "C:\Users\timig\PycharmProjects\GrabTheTrade\gtt\views.py", line 77, in add_resource
    template_data = ['' if post_data['parameters'] else post_data['parameters'], post_data['country_css'],
KeyError: 'parameters'
Internal Server Error: /admin/resources/add_resource/
Traceback (most recent call last):
  File "C:\Python3.6.1\lib\site-packages\django\core\handlers\exception.py", line 41, in inner
    response = get_response(request)
  File "C:\Python3.6.1\lib\site-packages\django\core\handlers\base.py", line 187, in _get_response
    response = self.process_exception_by_middleware(e, request)
  File "C:\Python3.6.1\lib\site-packages\django\core\handlers\base.py", line 185, in _get_response
    response = wrapped_callback(request, *callback_args, **callback_kwargs)
  File "C:\Users\timig\PycharmProjects\GrabTheTrade\gtt\views.py", line 77, in add_resource
    template_data = [post_data['parameters'] if post_data['parameters'] else '', post_data['country_css'],
KeyError: 'parameters'
Not Found: /favicon.ico
Not Found: /favicon.ico
Not Found: /favicon.ico
Not Found: /favicon.ico
Not Found: /favicon.ico
Not Found: /favicon.ico
Not Found: /favicon.ico
Not Found: /favicon.ico
Not Found: /favicon.ico
Not Found: /favicon.ico
Not Found: /favicon.ico
Not Found: /favicon.ico
Not Found: /favicon.ico
Not Found: /favicon.ico
Not Found: /favicon.ico
Not Found: /favicon.ico
Not Found: /favicon.ico
Not Found: /favicon.ico
Not Found: /favicon.ico
Not Found: /favicon.ico
Not Found: /favicon.ico
Not Found: /favicon.ico
Internal Server Error: /admin/resources/
Traceback (most recent call last):
  File "C:\Python3.6.1\lib\site-packages\django\core\handlers\exception.py", line 41, in inner
    response = get_response(request)
  File "C:\Python3.6.1\lib\site-packages\django\core\handlers\base.py", line 187, in _get_response
    response = self.process_exception_by_middleware(e, request)
  File "C:\Python3.6.1\lib\site-packages\django\core\handlers\base.py", line 185, in _get_response
    response = wrapped_callback(request, *callback_args, **callback_kwargs)
  File "C:\Users\timig\PycharmProjects\GrabTheTrade\gtt\views.py", line 69, in resources
    'resources': res})
  File "C:\Python3.6.1\lib\site-packages\django\shortcuts.py", line 30, in render
    content = loader.render_to_string(template_name, context, request, using=using)
  File "C:\Python3.6.1\lib\site-packages\django\template\loader.py", line 68, in render_to_string
    return template.render(context, request)
  File "C:\Python3.6.1\lib\site-packages\django\template\backends\django.py", line 66, in render
    return self.template.render(context)
  File "C:\Python3.6.1\lib\site-packages\django\template\base.py", line 207, in render
    return self._render(context)
  File "C:\Python3.6.1\lib\site-packages\django\template\base.py", line 199, in _render
    return self.nodelist.render(context)
  File "C:\Python3.6.1\lib\site-packages\django\template\base.py", line 990, in render
    bit = node.render_annotated(context)
  File "C:\Python3.6.1\lib\site-packages\django\template\base.py", line 957, in render_annotated
    return self.render(context)
  File "C:\Python3.6.1\lib\site-packages\django\template\loader_tags.py", line 177, in render
    return compiled_parent._render(context)
  File "C:\Python3.6.1\lib\site-packages\django\template\base.py", line 199, in _render
    return self.nodelist.render(context)
  File "C:\Python3.6.1\lib\site-packages\django\template\base.py", line 990, in render
    bit = node.render_annotated(context)
  File "C:\Python3.6.1\lib\site-packages\django\template\base.py", line 957, in render_annotated
    return self.render(context)
  File "C:\Python3.6.1\lib\site-packages\django\template\loader_tags.py", line 177, in render
    return compiled_parent._render(context)
  File "C:\Python3.6.1\lib\site-packages\django\template\base.py", line 199, in _render
    return self.nodelist.render(context)
  File "C:\Python3.6.1\lib\site-packages\django\template\base.py", line 990, in render
    bit = node.render_annotated(context)
  File "C:\Python3.6.1\lib\site-packages\django\template\base.py", line 957, in render_annotated
    return self.render(context)
  File "C:\Python3.6.1\lib\site-packages\django\template\loader_tags.py", line 72, in render
    result = block.nodelist.render(context)
  File "C:\Python3.6.1\lib\site-packages\django\template\base.py", line 990, in render
    bit = node.render_annotated(context)
  File "C:\Python3.6.1\lib\site-packages\django\template\base.py", line 957, in render_annotated
    return self.render(context)
  File "C:\Python3.6.1\lib\site-packages\django\template\defaulttags.py", line 458, in render
    url = reverse(view_name, args=args, kwargs=kwargs, current_app=current_app)
  File "C:\Python3.6.1\lib\site-packages\django\urls\base.py", line 91, in reverse
    return force_text(iri_to_uri(resolver._reverse_with_prefix(view, prefix, *args, **kwargs)))
  File "C:\Python3.6.1\lib\site-packages\django\urls\resolvers.py", line 497, in _reverse_with_prefix
    raise NoReverseMatch(msg)
django.urls.exceptions.NoReverseMatch: Reverse for 'edit_resource' not found. 'edit_resource' is not a valid view function or pattern name.
Not Found: /favicon.ico
Not Found: /favicon.ico
Not Found: /favicon.ico
Not Found: /favicon.ico
Internal Server Error: /admin/resources/get_resource/
Traceback (most recent call last):
  File "C:\Python3.6.1\lib\site-packages\django\core\handlers\exception.py", line 41, in inner
    response = get_response(request)
  File "C:\Python3.6.1\lib\site-packages\django\core\handlers\base.py", line 187, in _get_response
    response = self.process_exception_by_middleware(e, request)
  File "C:\Python3.6.1\lib\site-packages\django\core\handlers\base.py", line 185, in _get_response
    response = wrapped_callback(request, *callback_args, **callback_kwargs)
  File "C:\Users\timig\PycharmProjects\GrabTheTrade\gtt\views.py", line 90, in get_resource
    res = Resource.resource.get(id=0)
  File "C:\Python3.6.1\lib\site-packages\django\db\models\manager.py", line 85, in manager_method
    return getattr(self.get_queryset(), name)(*args, **kwargs)
  File "C:\Python3.6.1\lib\site-packages\django\db\models\query.py", line 380, in get
    self.model._meta.object_name
gtt.models.DoesNotExist: Resource matching query does not exist.
Internal Server Error: /admin/resources/get_resource/
Traceback (most recent call last):
  File "C:\Python3.6.1\lib\site-packages\django\core\handlers\exception.py", line 41, in inner
    response = get_response(request)
  File "C:\Python3.6.1\lib\site-packages\django\core\handlers\base.py", line 187, in _get_response
    response = self.process_exception_by_middleware(e, request)
  File "C:\Python3.6.1\lib\site-packages\django\core\handlers\base.py", line 185, in _get_response
    response = wrapped_callback(request, *callback_args, **callback_kwargs)
  File "C:\Users\timig\PycharmProjects\GrabTheTrade\gtt\views.py", line 98, in get_resource
    "data": json.loads(res.template.data)}
AttributeError: 'Template' object has no attribute 'data'
Not Found: /favicon.ico
Internal Server Error: /admin/resources/edit_resource/
Traceback (most recent call last):
  File "C:\Python3.6.1\lib\site-packages\django\core\handlers\exception.py", line 41, in inner
    response = get_response(request)
  File "C:\Python3.6.1\lib\site-packages\django\core\handlers\base.py", line 187, in _get_response
    response = self.process_exception_by_middleware(e, request)
  File "C:\Python3.6.1\lib\site-packages\django\core\handlers\base.py", line 185, in _get_response
    response = wrapped_callback(request, *callback_args, **callback_kwargs)
  File "C:\Users\timig\PycharmProjects\GrabTheTrade\gtt\views.py", line 108, in edit_resource
    res = Resource.resource.get(id=post_data['id'])
  File "C:\Python3.6.1\lib\site-packages\django\db\models\manager.py", line 85, in manager_method
    return getattr(self.get_queryset(), name)(*args, **kwargs)
  File "C:\Python3.6.1\lib\site-packages\django\db\models\query.py", line 371, in get
    clone = self.filter(*args, **kwargs)
  File "C:\Python3.6.1\lib\site-packages\django\db\models\query.py", line 782, in filter
    return self._filter_or_exclude(False, *args, **kwargs)
  File "C:\Python3.6.1\lib\site-packages\django\db\models\query.py", line 800, in _filter_or_exclude
    clone.query.add_q(Q(*args, **kwargs))
  File "C:\Python3.6.1\lib\site-packages\django\db\models\sql\query.py", line 1261, in add_q
    clause, _ = self._add_q(q_object, self.used_aliases)
  File "C:\Python3.6.1\lib\site-packages\django\db\models\sql\query.py", line 1287, in _add_q
    allow_joins=allow_joins, split_subq=split_subq,
  File "C:\Python3.6.1\lib\site-packages\django\db\models\sql\query.py", line 1221, in build_filter
    condition = self.build_lookup(lookups, col, value)
  File "C:\Python3.6.1\lib\site-packages\django\db\models\sql\query.py", line 1115, in build_lookup
    return final_lookup(lhs, rhs)
  File "C:\Python3.6.1\lib\site-packages\django\db\models\lookups.py", line 24, in __init__
    self.rhs = self.get_prep_lookup()
  File "C:\Python3.6.1\lib\site-packages\django\db\models\lookups.py", line 74, in get_prep_lookup
    return self.lhs.output_field.get_prep_value(self.rhs)
  File "C:\Python3.6.1\lib\site-packages\django\db\models\fields\__init__.py", line 962, in get_prep_value
    return int(value)
ValueError: invalid literal for int() with base 10: 'undefined'
Internal Server Error: /admin/resources/edit_resource/
Traceback (most recent call last):
  File "C:\Python3.6.1\lib\site-packages\django\core\handlers\exception.py", line 41, in inner
    response = get_response(request)
  File "C:\Python3.6.1\lib\site-packages\django\core\handlers\base.py", line 187, in _get_response
    response = self.process_exception_by_middleware(e, request)
  File "C:\Python3.6.1\lib\site-packages\django\core\handlers\base.py", line 185, in _get_response
    response = wrapped_callback(request, *callback_args, **callback_kwargs)
  File "C:\Users\timig\PycharmProjects\GrabTheTrade\gtt\views.py", line 108, in edit_resource
    res = Resource.resource.get(id=post_data['id'])
  File "C:\Python3.6.1\lib\site-packages\django\db\models\manager.py", line 85, in manager_method
    return getattr(self.get_queryset(), name)(*args, **kwargs)
  File "C:\Python3.6.1\lib\site-packages\django\db\models\query.py", line 371, in get
    clone = self.filter(*args, **kwargs)
  File "C:\Python3.6.1\lib\site-packages\django\db\models\query.py", line 782, in filter
    return self._filter_or_exclude(False, *args, **kwargs)
  File "C:\Python3.6.1\lib\site-packages\django\db\models\query.py", line 800, in _filter_or_exclude
    clone.query.add_q(Q(*args, **kwargs))
  File "C:\Python3.6.1\lib\site-packages\django\db\models\sql\query.py", line 1261, in add_q
    clause, _ = self._add_q(q_object, self.used_aliases)
  File "C:\Python3.6.1\lib\site-packages\django\db\models\sql\query.py", line 1287, in _add_q
    allow_joins=allow_joins, split_subq=split_subq,
  File "C:\Python3.6.1\lib\site-packages\django\db\models\sql\query.py", line 1221, in build_filter
    condition = self.build_lookup(lookups, col, value)
  File "C:\Python3.6.1\lib\site-packages\django\db\models\sql\query.py", line 1115, in build_lookup
    return final_lookup(lhs, rhs)
  File "C:\Python3.6.1\lib\site-packages\django\db\models\lookups.py", line 24, in __init__
    self.rhs = self.get_prep_lookup()
  File "C:\Python3.6.1\lib\site-packages\django\db\models\lookups.py", line 74, in get_prep_lookup
    return self.lhs.output_field.get_prep_value(self.rhs)
  File "C:\Python3.6.1\lib\site-packages\django\db\models\fields\__init__.py", line 962, in get_prep_value
    return int(value)
ValueError: invalid literal for int() with base 10: 'undefined'
Not Found: /favicon.ico
Not Found: /favicon.ico
Not Found: /favicon.ico
Not Found: /favicon.ico
Not Found: /favicon.ico
Not Found: /favicon.ico
Not Found: /favicon.ico
Not Found: /favicon.ico
Not Found: /favicon.ico
Not Found: /favicon.ico
Not Found: /favicon.ico
Not Found: /favicon.ico
Not Found: /favicon.ico
Not Found: /favicon.ico
Not Found: /demo
Internal Server Error: /data/
Traceback (most recent call last):
  File "C:\Python3.6.1\lib\site-packages\django\core\handlers\exception.py", line 41, in inner
    response = get_response(request)
  File "C:\Python3.6.1\lib\site-packages\django\core\handlers\base.py", line 187, in _get_response
    response = self.process_exception_by_middleware(e, request)
  File "C:\Python3.6.1\lib\site-packages\django\core\handlers\base.py", line 185, in _get_response
    response = wrapped_callback(request, *callback_args, **callback_kwargs)
  File "C:\Users\timig\PycharmProjects\GrabTheTrade\gtt\views.py", line 29, in data
    result = data.grab_the_site()
  File "C:\Users\timig\PycharmProjects\GrabTheTrade\gtt\models.py", line 157, in grab_the_site
    print(type(list(product(*params)[0])))
TypeError: 'itertools.product' object is not subscriptable
Internal Server Error: /data/
Traceback (most recent call last):
  File "C:\Python3.6.1\lib\site-packages\django\core\handlers\exception.py", line 41, in inner
    response = get_response(request)
  File "C:\Python3.6.1\lib\site-packages\django\core\handlers\base.py", line 187, in _get_response
    response = self.process_exception_by_middleware(e, request)
  File "C:\Python3.6.1\lib\site-packages\django\core\handlers\base.py", line 185, in _get_response
    response = wrapped_callback(request, *callback_args, **callback_kwargs)
  File "C:\Users\timig\PycharmProjects\GrabTheTrade\gtt\views.py", line 29, in data
    result = data.grab_the_site()
  File "C:\Users\timig\PycharmProjects\GrabTheTrade\gtt\models.py", line 120, in grab_the_site
    from .tasks import countries_counting
ImportError: cannot import name 'countries_counting'
Internal Server Error: /data/
Traceback (most recent call last):
  File "C:\Python3.6.1\lib\site-packages\django\core\handlers\exception.py", line 41, in inner
    response = get_response(request)
  File "C:\Python3.6.1\lib\site-packages\django\core\handlers\base.py", line 187, in _get_response
    response = self.process_exception_by_middleware(e, request)
  File "C:\Python3.6.1\lib\site-packages\django\core\handlers\base.py", line 185, in _get_response
    response = wrapped_callback(request, *callback_args, **callback_kwargs)
  File "C:\Users\timig\PycharmProjects\GrabTheTrade\gtt\views.py", line 29, in data
    result = data.grab_the_site()
  File "C:\Users\timig\PycharmProjects\GrabTheTrade\gtt\models.py", line 166, in grab_the_site
    parse.delay("", "", "", products[x*step:(x+1)*step])
TypeError: slice indices must be integers or None or have an __index__ method
Internal Server Error: /data/
Traceback (most recent call last):
  File "C:\Python3.6.1\lib\site-packages\django\core\handlers\exception.py", line 41, in inner
    response = get_response(request)
  File "C:\Python3.6.1\lib\site-packages\django\core\handlers\base.py", line 187, in _get_response
    response = self.process_exception_by_middleware(e, request)
  File "C:\Python3.6.1\lib\site-packages\django\core\handlers\base.py", line 185, in _get_response
    response = wrapped_callback(request, *callback_args, **callback_kwargs)
  File "C:\Users\timig\PycharmProjects\GrabTheTrade\gtt\views.py", line 29, in data
    result = data.grab_the_site()
  File "C:\Users\timig\PycharmProjects\GrabTheTrade\gtt\models.py", line 167, in grab_the_site
    parse.delay("", "", "", products[int(x*step):int((x+1)*step)])
  File "C:\Python3.6.1\lib\site-packages\celery\app\task.py", line 461, in delay
    return self.apply_async(args, kwargs)
  File "C:\Python3.6.1\lib\site-packages\celery\app\task.py", line 573, in apply_async
    **dict(self._get_exec_options(), **options)
  File "C:\Python3.6.1\lib\site-packages\celery\app\base.py", line 354, in send_task
    reply_to=reply_to or self.oid, **options
  File "C:\Python3.6.1\lib\site-packages\celery\app\amqp.py", line 310, in publish_task
    **kwargs
  File "C:\Python3.6.1\lib\site-packages\kombu\messaging.py", line 172, in publish
    routing_key, mandatory, immediate, exchange, declare)
  File "C:\Python3.6.1\lib\site-packages\kombu\connection.py", line 449, in _ensured
    return fun(*args, **kwargs)
  File "C:\Python3.6.1\lib\site-packages\kombu\messaging.py", line 188, in _publish
    mandatory=mandatory, immediate=immediate,
  File "C:\Python3.6.1\lib\site-packages\kombu\transport\virtual\__init__.py", line 521, in basic_publish
    message, exchange, routing_key, **kwargs
  File "C:\Python3.6.1\lib\site-packages\kombu\transport\virtual\exchange.py", line 61, in deliver
    _put(queue, message, **kwargs)
  File "C:\Python3.6.1\lib\site-packages\kombu\transport\redis.py", line 710, in _put
    client.lpush(self._q_for_pri(queue, pri), dumps(message))
  File "C:\Python3.6.1\lib\site-packages\redis\client.py", line 1227, in lpush
    return self.execute_command('LPUSH', name, *values)
  File "C:\Python3.6.1\lib\site-packages\redis\client.py", line 573, in execute_command
    return self.parse_response(connection, command_name, **options)
  File "C:\Python3.6.1\lib\site-packages\redis\client.py", line 585, in parse_response
    response = connection.read_response()
  File "C:\Python3.6.1\lib\site-packages\redis\connection.py", line 582, in read_response
    raise response
redis.exceptions.ResponseError: OOM command not allowed when used memory > 'maxmemory'.
Internal Server Error: /data/
Traceback (most recent call last):
  File "C:\Python3.6.1\lib\site-packages\django\core\handlers\exception.py", line 41, in inner
    response = get_response(request)
  File "C:\Python3.6.1\lib\site-packages\django\core\handlers\base.py", line 187, in _get_response
    response = self.process_exception_by_middleware(e, request)
  File "C:\Python3.6.1\lib\site-packages\django\core\handlers\base.py", line 185, in _get_response
    response = wrapped_callback(request, *callback_args, **callback_kwargs)
  File "C:\Users\timig\PycharmProjects\GrabTheTrade\gtt\views.py", line 29, in data
    result = data.grab_the_site()
  File "C:\Users\timig\PycharmProjects\GrabTheTrade\gtt\models.py", line 167, in grab_the_site
    parse.delay("", "", "", products[int(x*step):int((x+1)*step)])
  File "C:\Python3.6.1\lib\site-packages\celery\app\task.py", line 461, in delay
    return self.apply_async(args, kwargs)
  File "C:\Python3.6.1\lib\site-packages\celery\app\task.py", line 573, in apply_async
    **dict(self._get_exec_options(), **options)
  File "C:\Python3.6.1\lib\site-packages\celery\app\base.py", line 354, in send_task
    reply_to=reply_to or self.oid, **options
  File "C:\Python3.6.1\lib\site-packages\celery\app\amqp.py", line 310, in publish_task
    **kwargs
  File "C:\Python3.6.1\lib\site-packages\kombu\messaging.py", line 172, in publish
    routing_key, mandatory, immediate, exchange, declare)
  File "C:\Python3.6.1\lib\site-packages\kombu\connection.py", line 449, in _ensured
    return fun(*args, **kwargs)
  File "C:\Python3.6.1\lib\site-packages\kombu\messaging.py", line 188, in _publish
    mandatory=mandatory, immediate=immediate,
  File "C:\Python3.6.1\lib\site-packages\kombu\transport\virtual\__init__.py", line 521, in basic_publish
    message, exchange, routing_key, **kwargs
  File "C:\Python3.6.1\lib\site-packages\kombu\transport\virtual\exchange.py", line 61, in deliver
    _put(queue, message, **kwargs)
  File "C:\Python3.6.1\lib\site-packages\kombu\transport\redis.py", line 710, in _put
    client.lpush(self._q_for_pri(queue, pri), dumps(message))
  File "C:\Python3.6.1\lib\site-packages\redis\client.py", line 1227, in lpush
    return self.execute_command('LPUSH', name, *values)
  File "C:\Python3.6.1\lib\site-packages\redis\client.py", line 573, in execute_command
    return self.parse_response(connection, command_name, **options)
  File "C:\Python3.6.1\lib\site-packages\redis\client.py", line 585, in parse_response
    response = connection.read_response()
  File "C:\Python3.6.1\lib\site-packages\redis\connection.py", line 582, in read_response
    raise response
redis.exceptions.ResponseError: OOM command not allowed when used memory > 'maxmemory'.
Internal Server Error: /data/
Traceback (most recent call last):
  File "C:\Python3.6.1\lib\site-packages\django\core\handlers\exception.py", line 41, in inner
    response = get_response(request)
  File "C:\Python3.6.1\lib\site-packages\django\core\handlers\base.py", line 187, in _get_response
    response = self.process_exception_by_middleware(e, request)
  File "C:\Python3.6.1\lib\site-packages\django\core\handlers\base.py", line 185, in _get_response
    response = wrapped_callback(request, *callback_args, **callback_kwargs)
  File "C:\Users\timig\PycharmProjects\GrabTheTrade\gtt\views.py", line 29, in data
    result = data.grab_the_site()
  File "C:\Users\timig\PycharmProjects\GrabTheTrade\gtt\models.py", line 167, in grab_the_site
    parse.delay("", "", "", products[int(x*step):int((x+1)*step)])
  File "C:\Python3.6.1\lib\site-packages\celery\app\task.py", line 461, in delay
    return self.apply_async(args, kwargs)
  File "C:\Python3.6.1\lib\site-packages\celery\app\task.py", line 573, in apply_async
    **dict(self._get_exec_options(), **options)
  File "C:\Python3.6.1\lib\site-packages\celery\app\base.py", line 354, in send_task
    reply_to=reply_to or self.oid, **options
  File "C:\Python3.6.1\lib\site-packages\celery\app\amqp.py", line 310, in publish_task
    **kwargs
  File "C:\Python3.6.1\lib\site-packages\kombu\messaging.py", line 172, in publish
    routing_key, mandatory, immediate, exchange, declare)
  File "C:\Python3.6.1\lib\site-packages\kombu\connection.py", line 449, in _ensured
    return fun(*args, **kwargs)
  File "C:\Python3.6.1\lib\site-packages\kombu\messaging.py", line 188, in _publish
    mandatory=mandatory, immediate=immediate,
  File "C:\Python3.6.1\lib\site-packages\kombu\transport\virtual\__init__.py", line 521, in basic_publish
    message, exchange, routing_key, **kwargs
  File "C:\Python3.6.1\lib\site-packages\kombu\transport\virtual\exchange.py", line 61, in deliver
    _put(queue, message, **kwargs)
  File "C:\Python3.6.1\lib\site-packages\kombu\transport\redis.py", line 710, in _put
    client.lpush(self._q_for_pri(queue, pri), dumps(message))
  File "C:\Python3.6.1\lib\site-packages\redis\client.py", line 1227, in lpush
    return self.execute_command('LPUSH', name, *values)
  File "C:\Python3.6.1\lib\site-packages\redis\client.py", line 573, in execute_command
    return self.parse_response(connection, command_name, **options)
  File "C:\Python3.6.1\lib\site-packages\redis\client.py", line 585, in parse_response
    response = connection.read_response()
  File "C:\Python3.6.1\lib\site-packages\redis\connection.py", line 582, in read_response
    raise response
redis.exceptions.ResponseError: OOM command not allowed when used memory > 'maxmemory'.
Not Found: /favicon.ico
Internal Server Error: /data/
Traceback (most recent call last):
  File "C:\Python3.6.1\lib\site-packages\django\core\handlers\exception.py", line 41, in inner
    response = get_response(request)
  File "C:\Python3.6.1\lib\site-packages\django\core\handlers\base.py", line 187, in _get_response
    response = self.process_exception_by_middleware(e, request)
  File "C:\Python3.6.1\lib\site-packages\django\core\handlers\base.py", line 185, in _get_response
    response = wrapped_callback(request, *callback_args, **callback_kwargs)
  File "C:\Users\timig\PycharmProjects\GrabTheTrade\gtt\views.py", line 29, in data
    result = data.grab_the_site()
  File "C:\Users\timig\PycharmProjects\GrabTheTrade\gtt\models.py", line 156, in grab_the_site
    print(resource.url.split(["%s", "%S", "%p", "%P"]))
TypeError: must be str or None, not list
Internal Server Error: /data/
Traceback (most recent call last):
  File "C:\Python3.6.1\lib\site-packages\django\core\handlers\exception.py", line 41, in inner
    response = get_response(request)
  File "C:\Python3.6.1\lib\site-packages\django\core\handlers\base.py", line 187, in _get_response
    response = self.process_exception_by_middleware(e, request)
  File "C:\Python3.6.1\lib\site-packages\django\core\handlers\base.py", line 185, in _get_response
    response = wrapped_callback(request, *callback_args, **callback_kwargs)
  File "C:\Users\timig\PycharmProjects\GrabTheTrade\gtt\views.py", line 29, in data
    result = data.grab_the_site()
  File "C:\Users\timig\PycharmProjects\GrabTheTrade\gtt\models.py", line 171, in grab_the_site
    parse.delay(resource, user_agents, proxies, products[int(x*step):int((x+1)*step+1)], csss)
  File "C:\Python3.6.1\lib\site-packages\celery\app\task.py", line 461, in delay
    return self.apply_async(args, kwargs)
  File "C:\Python3.6.1\lib\site-packages\celery\app\task.py", line 573, in apply_async
    **dict(self._get_exec_options(), **options)
  File "C:\Python3.6.1\lib\site-packages\celery\app\base.py", line 354, in send_task
    reply_to=reply_to or self.oid, **options
  File "C:\Python3.6.1\lib\site-packages\celery\app\amqp.py", line 310, in publish_task
    **kwargs
  File "C:\Python3.6.1\lib\site-packages\kombu\messaging.py", line 172, in publish
    routing_key, mandatory, immediate, exchange, declare)
  File "C:\Python3.6.1\lib\site-packages\kombu\connection.py", line 449, in _ensured
    return fun(*args, **kwargs)
  File "C:\Python3.6.1\lib\site-packages\kombu\messaging.py", line 188, in _publish
    mandatory=mandatory, immediate=immediate,
  File "C:\Python3.6.1\lib\site-packages\kombu\transport\virtual\__init__.py", line 521, in basic_publish
    message, exchange, routing_key, **kwargs
  File "C:\Python3.6.1\lib\site-packages\kombu\transport\virtual\exchange.py", line 61, in deliver
    _put(queue, message, **kwargs)
  File "C:\Python3.6.1\lib\site-packages\kombu\transport\redis.py", line 710, in _put
    client.lpush(self._q_for_pri(queue, pri), dumps(message))
  File "C:\Python3.6.1\lib\site-packages\redis\client.py", line 1227, in lpush
    return self.execute_command('LPUSH', name, *values)
  File "C:\Python3.6.1\lib\site-packages\redis\client.py", line 573, in execute_command
    return self.parse_response(connection, command_name, **options)
  File "C:\Python3.6.1\lib\site-packages\redis\client.py", line 585, in parse_response
    response = connection.read_response()
  File "C:\Python3.6.1\lib\site-packages\redis\connection.py", line 582, in read_response
    raise response
redis.exceptions.ResponseError: MISCONF Redis is configured to save RDB snapshots, but is currently not able to persist on disk. Commands that may modify the data set are disabled. Please check Redis logs for details about the error.
Not Found: /favicon.ico
Not Found: /admin/resources/pages/mailbox/mailbox.html
Not Found: /favicon.ico
Not Found: /favicon.ico
Not Found: /favicon.ico
Not Found: /favicon.ico
Not Found: /favicon.ico
Not Found: /favicon.ico
Not Found: /favicon.ico
Not Found: /favicon.ico
Not Found: /favicon.ico
Not Found: /favicon.ico
Not Found: /favicon.ico
Not Found: /admin/resources/pages/mailbox/mailbox.html
Not Found: /admin/resources/pages/mailbox/mailbox.html
Not Found: /admin/resources/pages/mailbox/mailbox.html
Not Found: /admin/resources/pages/mailbox/mailbox.html
Not Found: /favicon.ico
Internal Server Error: /
Traceback (most recent call last):
  File "C:\Python3.6.1\lib\site-packages\django\core\handlers\exception.py", line 41, in inner
    response = get_response(request)
  File "C:\Python3.6.1\lib\site-packages\django\core\handlers\base.py", line 187, in _get_response
    response = self.process_exception_by_middleware(e, request)
  File "C:\Python3.6.1\lib\site-packages\django\core\handlers\base.py", line 185, in _get_response
    response = wrapped_callback(request, *callback_args, **callback_kwargs)
  File "C:\Users\timig\PycharmProjects\GrabTheTrade\gtt\views.py", line 19, in home
    return render(request, 'gtt/home.html', context)
  File "C:\Python3.6.1\lib\site-packages\django\shortcuts.py", line 30, in render
    content = loader.render_to_string(template_name, context, request, using=using)
  File "C:\Python3.6.1\lib\site-packages\django\template\loader.py", line 68, in render_to_string
    return template.render(context, request)
  File "C:\Python3.6.1\lib\site-packages\django\template\backends\django.py", line 66, in render
    return self.template.render(context)
  File "C:\Python3.6.1\lib\site-packages\django\template\base.py", line 207, in render
    return self._render(context)
  File "C:\Python3.6.1\lib\site-packages\django\template\base.py", line 199, in _render
    return self.nodelist.render(context)
  File "C:\Python3.6.1\lib\site-packages\django\template\base.py", line 990, in render
    bit = node.render_annotated(context)
  File "C:\Python3.6.1\lib\site-packages\django\template\base.py", line 957, in render_annotated
    return self.render(context)
  File "C:\Python3.6.1\lib\site-packages\django\template\loader_tags.py", line 177, in render
    return compiled_parent._render(context)
  File "C:\Python3.6.1\lib\site-packages\django\template\base.py", line 199, in _render
    return self.nodelist.render(context)
  File "C:\Python3.6.1\lib\site-packages\django\template\base.py", line 990, in render
    bit = node.render_annotated(context)
  File "C:\Python3.6.1\lib\site-packages\django\template\base.py", line 957, in render_annotated
    return self.render(context)
  File "C:\Python3.6.1\lib\site-packages\django\template\loader_tags.py", line 72, in render
    result = block.nodelist.render(context)
  File "C:\Python3.6.1\lib\site-packages\django\template\base.py", line 990, in render
    bit = node.render_annotated(context)
  File "C:\Python3.6.1\lib\site-packages\django\template\base.py", line 957, in render_annotated
    return self.render(context)
  File "C:\Python3.6.1\lib\site-packages\django\template\defaulttags.py", line 458, in render
    url = reverse(view_name, args=args, kwargs=kwargs, current_app=current_app)
  File "C:\Python3.6.1\lib\site-packages\django\urls\base.py", line 91, in reverse
    return force_text(iri_to_uri(resolver._reverse_with_prefix(view, prefix, *args, **kwargs)))
  File "C:\Python3.6.1\lib\site-packages\django\urls\resolvers.py", line 497, in _reverse_with_prefix
    raise NoReverseMatch(msg)
django.urls.exceptions.NoReverseMatch: Reverse for 'data' not found. 'data' is not a valid view function or pattern name.
Internal Server Error: /
Traceback (most recent call last):
  File "C:\Python3.6.1\lib\site-packages\django\core\handlers\exception.py", line 41, in inner
    response = get_response(request)
  File "C:\Python3.6.1\lib\site-packages\django\core\handlers\base.py", line 187, in _get_response
    response = self.process_exception_by_middleware(e, request)
  File "C:\Python3.6.1\lib\site-packages\django\core\handlers\base.py", line 185, in _get_response
    response = wrapped_callback(request, *callback_args, **callback_kwargs)
  File "C:\Users\timig\PycharmProjects\GrabTheTrade\gtt\views.py", line 19, in home
    return render(request, 'gtt/home.html', context)
  File "C:\Python3.6.1\lib\site-packages\django\shortcuts.py", line 30, in render
    content = loader.render_to_string(template_name, context, request, using=using)
  File "C:\Python3.6.1\lib\site-packages\django\template\loader.py", line 68, in render_to_string
    return template.render(context, request)
  File "C:\Python3.6.1\lib\site-packages\django\template\backends\django.py", line 66, in render
    return self.template.render(context)
  File "C:\Python3.6.1\lib\site-packages\django\template\base.py", line 207, in render
    return self._render(context)
  File "C:\Python3.6.1\lib\site-packages\django\template\base.py", line 199, in _render
    return self.nodelist.render(context)
  File "C:\Python3.6.1\lib\site-packages\django\template\base.py", line 990, in render
    bit = node.render_annotated(context)
  File "C:\Python3.6.1\lib\site-packages\django\template\base.py", line 957, in render_annotated
    return self.render(context)
  File "C:\Python3.6.1\lib\site-packages\django\template\loader_tags.py", line 177, in render
    return compiled_parent._render(context)
  File "C:\Python3.6.1\lib\site-packages\django\template\base.py", line 199, in _render
    return self.nodelist.render(context)
  File "C:\Python3.6.1\lib\site-packages\django\template\base.py", line 990, in render
    bit = node.render_annotated(context)
  File "C:\Python3.6.1\lib\site-packages\django\template\base.py", line 957, in render_annotated
    return self.render(context)
  File "C:\Python3.6.1\lib\site-packages\django\template\loader_tags.py", line 72, in render
    result = block.nodelist.render(context)
  File "C:\Python3.6.1\lib\site-packages\django\template\base.py", line 990, in render
    bit = node.render_annotated(context)
  File "C:\Python3.6.1\lib\site-packages\django\template\base.py", line 957, in render_annotated
    return self.render(context)
  File "C:\Python3.6.1\lib\site-packages\django\template\defaulttags.py", line 458, in render
    url = reverse(view_name, args=args, kwargs=kwargs, current_app=current_app)
  File "C:\Python3.6.1\lib\site-packages\django\urls\base.py", line 91, in reverse
    return force_text(iri_to_uri(resolver._reverse_with_prefix(view, prefix, *args, **kwargs)))
  File "C:\Python3.6.1\lib\site-packages\django\urls\resolvers.py", line 497, in _reverse_with_prefix
    raise NoReverseMatch(msg)
django.urls.exceptions.NoReverseMatch: Reverse for 'data' not found. 'data' is not a valid view function or pattern name.
Internal Server Error: /
Traceback (most recent call last):
  File "C:\Python3.6.1\lib\site-packages\django\core\handlers\exception.py", line 41, in inner
    response = get_response(request)
  File "C:\Python3.6.1\lib\site-packages\django\core\handlers\base.py", line 187, in _get_response
    response = self.process_exception_by_middleware(e, request)
  File "C:\Python3.6.1\lib\site-packages\django\core\handlers\base.py", line 185, in _get_response
    response = wrapped_callback(request, *callback_args, **callback_kwargs)
  File "C:\Users\timig\PycharmProjects\GrabTheTrade\gtt\views.py", line 19, in home
    return render(request, 'gtt/home.html', context)
  File "C:\Python3.6.1\lib\site-packages\django\shortcuts.py", line 30, in render
    content = loader.render_to_string(template_name, context, request, using=using)
  File "C:\Python3.6.1\lib\site-packages\django\template\loader.py", line 68, in render_to_string
    return template.render(context, request)
  File "C:\Python3.6.1\lib\site-packages\django\template\backends\django.py", line 66, in render
    return self.template.render(context)
  File "C:\Python3.6.1\lib\site-packages\django\template\base.py", line 207, in render
    return self._render(context)
  File "C:\Python3.6.1\lib\site-packages\django\template\base.py", line 199, in _render
    return self.nodelist.render(context)
  File "C:\Python3.6.1\lib\site-packages\django\template\base.py", line 990, in render
    bit = node.render_annotated(context)
  File "C:\Python3.6.1\lib\site-packages\django\template\base.py", line 957, in render_annotated
    return self.render(context)
  File "C:\Python3.6.1\lib\site-packages\django\template\loader_tags.py", line 177, in render
    return compiled_parent._render(context)
  File "C:\Python3.6.1\lib\site-packages\django\template\base.py", line 199, in _render
    return self.nodelist.render(context)
  File "C:\Python3.6.1\lib\site-packages\django\template\base.py", line 990, in render
    bit = node.render_annotated(context)
  File "C:\Python3.6.1\lib\site-packages\django\template\base.py", line 957, in render_annotated
    return self.render(context)
  File "C:\Python3.6.1\lib\site-packages\django\template\loader_tags.py", line 72, in render
    result = block.nodelist.render(context)
  File "C:\Python3.6.1\lib\site-packages\django\template\base.py", line 990, in render
    bit = node.render_annotated(context)
  File "C:\Python3.6.1\lib\site-packages\django\template\base.py", line 957, in render_annotated
    return self.render(context)
  File "C:\Python3.6.1\lib\site-packages\django\template\defaulttags.py", line 458, in render
    url = reverse(view_name, args=args, kwargs=kwargs, current_app=current_app)
  File "C:\Python3.6.1\lib\site-packages\django\urls\base.py", line 91, in reverse
    return force_text(iri_to_uri(resolver._reverse_with_prefix(view, prefix, *args, **kwargs)))
  File "C:\Python3.6.1\lib\site-packages\django\urls\resolvers.py", line 497, in _reverse_with_prefix
    raise NoReverseMatch(msg)
django.urls.exceptions.NoReverseMatch: Reverse for 'data' not found. 'data' is not a valid view function or pattern name.
Not Found: /admin/operations/pages/mailbox/mailbox.html
Not Found: /favicon.ico
Not Found: /favicon.ico
Internal Server Error: /admin/operations/
Traceback (most recent call last):
  File "C:\Python3.6.1\lib\site-packages\django\core\handlers\exception.py", line 41, in inner
    response = get_response(request)
  File "C:\Python3.6.1\lib\site-packages\django\core\handlers\base.py", line 187, in _get_response
    response = self.process_exception_by_middleware(e, request)
  File "C:\Python3.6.1\lib\site-packages\django\core\handlers\base.py", line 185, in _get_response
    response = wrapped_callback(request, *callback_args, **callback_kwargs)
  File "C:\Users\timig\PycharmProjects\GrabTheTrade\gtt\views.py", line 147, in operations
    tasks = i.active()
NameError: name 'i' is not defined
Internal Server Error: /admin/operations/
Traceback (most recent call last):
  File "C:\Python3.6.1\lib\site-packages\django\core\handlers\exception.py", line 41, in inner
    response = get_response(request)
  File "C:\Python3.6.1\lib\site-packages\django\core\handlers\base.py", line 187, in _get_response
    response = self.process_exception_by_middleware(e, request)
  File "C:\Python3.6.1\lib\site-packages\django\core\handlers\base.py", line 185, in _get_response
    response = wrapped_callback(request, *callback_args, **callback_kwargs)
  File "C:\Users\timig\PycharmProjects\GrabTheTrade\gtt\views.py", line 147, in operations
    tasks = i.active()
NameError: name 'i' is not defined
Internal Server Error: /admin/operations/
Traceback (most recent call last):
  File "C:\Python3.6.1\lib\site-packages\django\core\handlers\exception.py", line 41, in inner
    response = get_response(request)
  File "C:\Python3.6.1\lib\site-packages\django\core\handlers\base.py", line 187, in _get_response
    response = self.process_exception_by_middleware(e, request)
  File "C:\Python3.6.1\lib\site-packages\django\core\handlers\base.py", line 185, in _get_response
    response = wrapped_callback(request, *callback_args, **callback_kwargs)
  File "C:\Users\timig\PycharmProjects\GrabTheTrade\gtt\views.py", line 147, in operations
    'resources': res, 'tasks': tasks})
NameError: name 'tasks' is not defined
Internal Server Error: /admin/resources/add_resource/
Traceback (most recent call last):
  File "C:\Python3.6.1\lib\site-packages\django\core\handlers\exception.py", line 41, in inner
    response = get_response(request)
  File "C:\Python3.6.1\lib\site-packages\django\core\handlers\base.py", line 187, in _get_response
    response = self.process_exception_by_middleware(e, request)
  File "C:\Python3.6.1\lib\site-packages\django\core\handlers\base.py", line 185, in _get_response
    response = wrapped_callback(request, *callback_args, **callback_kwargs)
  File "C:\Users\timig\PycharmProjects\GrabTheTrade\gtt\views.py", line 79, in add_resource
    post_data['values_css'], post_data['factor']]
KeyError: 'values_css'
Internal Server Error: /admin/resources/add_resource/
Traceback (most recent call last):
  File "C:\Python3.6.1\lib\site-packages\django\core\handlers\exception.py", line 41, in inner
    response = get_response(request)
  File "C:\Python3.6.1\lib\site-packages\django\core\handlers\base.py", line 187, in _get_response
    response = self.process_exception_by_middleware(e, request)
  File "C:\Python3.6.1\lib\site-packages\django\core\handlers\base.py", line 185, in _get_response
    response = wrapped_callback(request, *callback_args, **callback_kwargs)
  File "C:\Users\timig\PycharmProjects\GrabTheTrade\gtt\views.py", line 79, in add_resource
    post_data['values_css'], post_data['factor']]
KeyError: 'values_css'
Internal Server Error: /admin/resources/add_resource/
Traceback (most recent call last):
  File "C:\Python3.6.1\lib\site-packages\django\core\handlers\exception.py", line 41, in inner
    response = get_response(request)
  File "C:\Python3.6.1\lib\site-packages\django\core\handlers\base.py", line 187, in _get_response
    response = self.process_exception_by_middleware(e, request)
  File "C:\Python3.6.1\lib\site-packages\django\core\handlers\base.py", line 185, in _get_response
    response = wrapped_callback(request, *callback_args, **callback_kwargs)
  File "C:\Users\timig\PycharmProjects\GrabTheTrade\gtt\views.py", line 79, in add_resource
    post_data['values_css'], post_data['factor']]
KeyError: 'values_css'
Not Found: /favicon.ico
Not Found: /favicon.ico
Not Found: /favicon.ico
Not Found: /favicon.ico
Not Found: /favicon.ico
Internal Server Error: /admin/operations/
Traceback (most recent call last):
  File "C:\Python3.6.1\lib\site-packages\django\template\base.py", line 507, in parse
    compile_func = self.tags[command]
KeyError: 'task.date_start.strftime("%d.%m.%Y'

During handling of the above exception, another exception occurred:

Traceback (most recent call last):
  File "C:\Python3.6.1\lib\site-packages\django\core\handlers\exception.py", line 41, in inner
    response = get_response(request)
  File "C:\Python3.6.1\lib\site-packages\django\core\handlers\base.py", line 187, in _get_response
    response = self.process_exception_by_middleware(e, request)
  File "C:\Python3.6.1\lib\site-packages\django\core\handlers\base.py", line 185, in _get_response
    response = wrapped_callback(request, *callback_args, **callback_kwargs)
  File "C:\Users\timig\PycharmProjects\GrabTheTrade\gtt\views.py", line 148, in operations
    'resources': res, 'tasks': tasks})
  File "C:\Python3.6.1\lib\site-packages\django\shortcuts.py", line 30, in render
    content = loader.render_to_string(template_name, context, request, using=using)
  File "C:\Python3.6.1\lib\site-packages\django\template\loader.py", line 67, in render_to_string
    template = get_template(template_name, using=using)
  File "C:\Python3.6.1\lib\site-packages\django\template\loader.py", line 21, in get_template
    return engine.get_template(template_name)
  File "C:\Python3.6.1\lib\site-packages\django\template\backends\django.py", line 39, in get_template
    return Template(self.engine.get_template(template_name), self)
  File "C:\Python3.6.1\lib\site-packages\django\template\engine.py", line 162, in get_template
    template, origin = self.find_template(template_name)
  File "C:\Python3.6.1\lib\site-packages\django\template\engine.py", line 136, in find_template
    name, template_dirs=dirs, skip=skip,
  File "C:\Python3.6.1\lib\site-packages\django\template\loaders\base.py", line 44, in get_template
    contents, origin, origin.template_name, self.engine,
  File "C:\Python3.6.1\lib\site-packages\django\template\base.py", line 191, in __init__
    self.nodelist = self.compile_nodelist()
  File "C:\Python3.6.1\lib\site-packages\django\template\base.py", line 230, in compile_nodelist
    return parser.parse()
  File "C:\Python3.6.1\lib\site-packages\django\template\base.py", line 515, in parse
    raise self.error(token, e)
  File "C:\Python3.6.1\lib\site-packages\django\template\base.py", line 513, in parse
    compiled_result = compile_func(self, token)
  File "C:\Python3.6.1\lib\site-packages\django\template\loader_tags.py", line 312, in do_extends
    nodelist = parser.parse()
  File "C:\Python3.6.1\lib\site-packages\django\template\base.py", line 515, in parse
    raise self.error(token, e)
  File "C:\Python3.6.1\lib\site-packages\django\template\base.py", line 513, in parse
    compiled_result = compile_func(self, token)
  File "C:\Python3.6.1\lib\site-packages\django\template\loader_tags.py", line 255, in do_block
    nodelist = parser.parse(('endblock',))
  File "C:\Python3.6.1\lib\site-packages\django\template\base.py", line 515, in parse
    raise self.error(token, e)
  File "C:\Python3.6.1\lib\site-packages\django\template\base.py", line 513, in parse
    compiled_result = compile_func(self, token)
  File "C:\Python3.6.1\lib\site-packages\django\template\defaulttags.py", line 827, in do_for
    nodelist_loop = parser.parse(('empty', 'endfor',))
  File "C:\Python3.6.1\lib\site-packages\django\template\base.py", line 509, in parse
    self.invalid_block_tag(token, command, parse_until)
  File "C:\Python3.6.1\lib\site-packages\django\template\base.py", line 565, in invalid_block_tag
    get_text_list(["'%s'" % p for p in parse_until], 'or'),
django.template.exceptions.TemplateSyntaxError: Invalid block tag on line 28: 'task.date_start.strftime("%d.%m.%Y', expected 'empty' or 'endfor'. Did you forget to register or load this tag?
Internal Server Error: /admin/operations/
Traceback (most recent call last):
  File "C:\Python3.6.1\lib\site-packages\django\core\handlers\exception.py", line 41, in inner
    response = get_response(request)
  File "C:\Python3.6.1\lib\site-packages\django\core\handlers\base.py", line 187, in _get_response
    response = self.process_exception_by_middleware(e, request)
  File "C:\Python3.6.1\lib\site-packages\django\core\handlers\base.py", line 185, in _get_response
    response = wrapped_callback(request, *callback_args, **callback_kwargs)
  File "C:\Users\timig\PycharmProjects\GrabTheTrade\gtt\views.py", line 148, in operations
    'resources': res, 'tasks': tasks})
  File "C:\Python3.6.1\lib\site-packages\django\shortcuts.py", line 30, in render
    content = loader.render_to_string(template_name, context, request, using=using)
  File "C:\Python3.6.1\lib\site-packages\django\template\loader.py", line 67, in render_to_string
    template = get_template(template_name, using=using)
  File "C:\Python3.6.1\lib\site-packages\django\template\loader.py", line 21, in get_template
    return engine.get_template(template_name)
  File "C:\Python3.6.1\lib\site-packages\django\template\backends\django.py", line 39, in get_template
    return Template(self.engine.get_template(template_name), self)
  File "C:\Python3.6.1\lib\site-packages\django\template\engine.py", line 162, in get_template
    template, origin = self.find_template(template_name)
  File "C:\Python3.6.1\lib\site-packages\django\template\engine.py", line 136, in find_template
    name, template_dirs=dirs, skip=skip,
  File "C:\Python3.6.1\lib\site-packages\django\template\loaders\base.py", line 44, in get_template
    contents, origin, origin.template_name, self.engine,
  File "C:\Python3.6.1\lib\site-packages\django\template\base.py", line 191, in __init__
    self.nodelist = self.compile_nodelist()
  File "C:\Python3.6.1\lib\site-packages\django\template\base.py", line 230, in compile_nodelist
    return parser.parse()
  File "C:\Python3.6.1\lib\site-packages\django\template\base.py", line 515, in parse
    raise self.error(token, e)
  File "C:\Python3.6.1\lib\site-packages\django\template\base.py", line 513, in parse
    compiled_result = compile_func(self, token)
  File "C:\Python3.6.1\lib\site-packages\django\template\loader_tags.py", line 312, in do_extends
    nodelist = parser.parse()
  File "C:\Python3.6.1\lib\site-packages\django\template\base.py", line 515, in parse
    raise self.error(token, e)
  File "C:\Python3.6.1\lib\site-packages\django\template\base.py", line 513, in parse
    compiled_result = compile_func(self, token)
  File "C:\Python3.6.1\lib\site-packages\django\template\loader_tags.py", line 255, in do_block
    nodelist = parser.parse(('endblock',))
  File "C:\Python3.6.1\lib\site-packages\django\template\base.py", line 515, in parse
    raise self.error(token, e)
  File "C:\Python3.6.1\lib\site-packages\django\template\base.py", line 513, in parse
    compiled_result = compile_func(self, token)
  File "C:\Python3.6.1\lib\site-packages\django\template\defaulttags.py", line 827, in do_for
    nodelist_loop = parser.parse(('empty', 'endfor',))
  File "C:\Python3.6.1\lib\site-packages\django\template\base.py", line 486, in parse
    raise self.error(token, e)
  File "C:\Python3.6.1\lib\site-packages\django\template\base.py", line 484, in parse
    filter_expression = self.compile_filter(token.contents)
  File "C:\Python3.6.1\lib\site-packages\django\template\base.py", line 600, in compile_filter
    return FilterExpression(token, self)
  File "C:\Python3.6.1\lib\site-packages\django\template\base.py", line 700, in __init__
    "from '%s'" % (token[upto:], token))
django.template.exceptions.TemplateSyntaxError: Could not parse the remainder: '("%d.%m.%Y %H:%M")' from 'task.date_start.strftime("%d.%m.%Y %H:%M")'
Not Found: /favicon.ico
Not Found: /favicon.ico
Not Found: /favicon.ico
Internal Server Error: /data/
Traceback (most recent call last):
  File "C:\Python3.6.1\lib\site-packages\django\core\handlers\exception.py", line 41, in inner
    response = get_response(request)
  File "C:\Python3.6.1\lib\site-packages\django\core\handlers\base.py", line 187, in _get_response
    response = self.process_exception_by_middleware(e, request)
  File "C:\Python3.6.1\lib\site-packages\django\core\handlers\base.py", line 185, in _get_response
    response = wrapped_callback(request, *callback_args, **callback_kwargs)
  File "C:\Users\timig\PycharmProjects\GrabTheTrade\gtt\views.py", line 51, in data
    result = data.grab_the_site()
  File "C:\Users\timig\PycharmProjects\GrabTheTrade\gtt\models.py", line 191, in grab_the_site
    step = parse.delay(resource, user_agents, proxies, products[int(x*step):int((x+1)*step+1)], csss)
TypeError: unsupported operand type(s) for *: 'int' and 'AsyncResult'
Internal Server Error: /data/
Traceback (most recent call last):
  File "C:\Python3.6.1\lib\site-packages\django\db\backends\mysql\base.py", line 307, in _set_autocommit
    self.connection.autocommit(autocommit)
  File "C:\Python3.6.1\lib\site-packages\MySQLdb\connections.py", line 272, in autocommit
    _mysql.connection.autocommit(self, on)
_mysql_exceptions.OperationalError: (2013, 'Lost connection to MySQL server during query')

The above exception was the direct cause of the following exception:

Traceback (most recent call last):
  File "C:\Python3.6.1\lib\site-packages\django\core\handlers\exception.py", line 41, in inner
    response = get_response(request)
  File "C:\Python3.6.1\lib\site-packages\django\core\handlers\base.py", line 187, in _get_response
    response = self.process_exception_by_middleware(e, request)
  File "C:\Python3.6.1\lib\site-packages\django\core\handlers\base.py", line 185, in _get_response
    response = wrapped_callback(request, *callback_args, **callback_kwargs)
  File "C:\Users\timig\PycharmProjects\GrabTheTrade\gtt\views.py", line 51, in data
    result = data.grab_the_site()
  File "C:\Users\timig\PycharmProjects\GrabTheTrade\gtt\models.py", line 193, in grab_the_site
    task = Task.task.add_task("", resource, json.dumps(steps), datetime.now())
  File "C:\Users\timig\PycharmProjects\GrabTheTrade\gtt\models.py", line 85, in add_task
    task = self.create(name=name, resource=resource, body=body, date_start=date_start, date_end=date_end)
  File "C:\Python3.6.1\lib\site-packages\django\db\models\manager.py", line 85, in manager_method
    return getattr(self.get_queryset(), name)(*args, **kwargs)
  File "C:\Python3.6.1\lib\site-packages\django\db\models\query.py", line 394, in create
    obj.save(force_insert=True, using=self.db)
  File "C:\Python3.6.1\lib\site-packages\django\db\models\base.py", line 806, in save
    force_update=force_update, update_fields=update_fields)
  File "C:\Python3.6.1\lib\site-packages\django\db\models\base.py", line 833, in save_base
    with transaction.atomic(using=using, savepoint=False):
  File "C:\Python3.6.1\lib\site-packages\django\db\transaction.py", line 184, in __enter__
    connection.set_autocommit(False, force_begin_transaction_with_broken_autocommit=True)
  File "C:\Python3.6.1\lib\site-packages\django\db\backends\base\base.py", line 411, in set_autocommit
    self._set_autocommit(autocommit)
  File "C:\Python3.6.1\lib\site-packages\django\db\backends\mysql\base.py", line 307, in _set_autocommit
    self.connection.autocommit(autocommit)
  File "C:\Python3.6.1\lib\site-packages\django\db\utils.py", line 94, in __exit__
    six.reraise(dj_exc_type, dj_exc_value, traceback)
  File "C:\Python3.6.1\lib\site-packages\django\utils\six.py", line 685, in reraise
    raise value.with_traceback(tb)
  File "C:\Python3.6.1\lib\site-packages\django\db\backends\mysql\base.py", line 307, in _set_autocommit
    self.connection.autocommit(autocommit)
  File "C:\Python3.6.1\lib\site-packages\MySQLdb\connections.py", line 272, in autocommit
    _mysql.connection.autocommit(self, on)
django.db.utils.OperationalError: (2013, 'Lost connection to MySQL server during query')
Internal Server Error: /data/
Traceback (most recent call last):
  File "C:\Python3.6.1\lib\site-packages\django\db\backends\mysql\base.py", line 307, in _set_autocommit
    self.connection.autocommit(autocommit)
  File "C:\Python3.6.1\lib\site-packages\MySQLdb\connections.py", line 272, in autocommit
    _mysql.connection.autocommit(self, on)
_mysql_exceptions.OperationalError: (2013, 'Lost connection to MySQL server during query')

The above exception was the direct cause of the following exception:

Traceback (most recent call last):
  File "C:\Python3.6.1\lib\site-packages\django\core\handlers\exception.py", line 41, in inner
    response = get_response(request)
  File "C:\Python3.6.1\lib\site-packages\django\core\handlers\base.py", line 187, in _get_response
    response = self.process_exception_by_middleware(e, request)
  File "C:\Python3.6.1\lib\site-packages\django\core\handlers\base.py", line 185, in _get_response
    response = wrapped_callback(request, *callback_args, **callback_kwargs)
  File "C:\Users\timig\PycharmProjects\GrabTheTrade\gtt\views.py", line 51, in data
    result = data.grab_the_site()
  File "C:\Users\timig\PycharmProjects\GrabTheTrade\gtt\models.py", line 193, in grab_the_site
    task = Task.task.add_task("", resource, json.dumps(steps), datetime.now())
  File "C:\Users\timig\PycharmProjects\GrabTheTrade\gtt\models.py", line 85, in add_task
    task = self.create(name=name, resource=resource, body=body, date_start=date_start, date_end=date_end)
  File "C:\Python3.6.1\lib\site-packages\django\db\models\manager.py", line 85, in manager_method
    return getattr(self.get_queryset(), name)(*args, **kwargs)
  File "C:\Python3.6.1\lib\site-packages\django\db\models\query.py", line 394, in create
    obj.save(force_insert=True, using=self.db)
  File "C:\Python3.6.1\lib\site-packages\django\db\models\base.py", line 806, in save
    force_update=force_update, update_fields=update_fields)
  File "C:\Python3.6.1\lib\site-packages\django\db\models\base.py", line 833, in save_base
    with transaction.atomic(using=using, savepoint=False):
  File "C:\Python3.6.1\lib\site-packages\django\db\transaction.py", line 184, in __enter__
    connection.set_autocommit(False, force_begin_transaction_with_broken_autocommit=True)
  File "C:\Python3.6.1\lib\site-packages\django\db\backends\base\base.py", line 411, in set_autocommit
    self._set_autocommit(autocommit)
  File "C:\Python3.6.1\lib\site-packages\django\db\backends\mysql\base.py", line 307, in _set_autocommit
    self.connection.autocommit(autocommit)
  File "C:\Python3.6.1\lib\site-packages\django\db\utils.py", line 94, in __exit__
    six.reraise(dj_exc_type, dj_exc_value, traceback)
  File "C:\Python3.6.1\lib\site-packages\django\utils\six.py", line 685, in reraise
    raise value.with_traceback(tb)
  File "C:\Python3.6.1\lib\site-packages\django\db\backends\mysql\base.py", line 307, in _set_autocommit
    self.connection.autocommit(autocommit)
  File "C:\Python3.6.1\lib\site-packages\MySQLdb\connections.py", line 272, in autocommit
    _mysql.connection.autocommit(self, on)
django.db.utils.OperationalError: (2013, 'Lost connection to MySQL server during query')
Internal Server Error: /data/
Traceback (most recent call last):
  File "C:\Python3.6.1\lib\site-packages\django\db\backends\mysql\base.py", line 307, in _set_autocommit
    self.connection.autocommit(autocommit)
  File "C:\Python3.6.1\lib\site-packages\MySQLdb\connections.py", line 272, in autocommit
    _mysql.connection.autocommit(self, on)
_mysql_exceptions.OperationalError: (2013, 'Lost connection to MySQL server during query')

The above exception was the direct cause of the following exception:

Traceback (most recent call last):
  File "C:\Python3.6.1\lib\site-packages\django\core\handlers\exception.py", line 41, in inner
    response = get_response(request)
  File "C:\Python3.6.1\lib\site-packages\django\core\handlers\base.py", line 187, in _get_response
    response = self.process_exception_by_middleware(e, request)
  File "C:\Python3.6.1\lib\site-packages\django\core\handlers\base.py", line 185, in _get_response
    response = wrapped_callback(request, *callback_args, **callback_kwargs)
  File "C:\Users\timig\PycharmProjects\GrabTheTrade\gtt\views.py", line 51, in data
    result = data.grab_the_site()
  File "C:\Users\timig\PycharmProjects\GrabTheTrade\gtt\models.py", line 193, in grab_the_site
    task = Task.task.add_task("", resource, json.dumps(steps), datetime.now(), None)
  File "C:\Users\timig\PycharmProjects\GrabTheTrade\gtt\models.py", line 85, in add_task
    task = self.create(name=name, resource=resource, body=body, date_start=date_start, date_end=date_end)
  File "C:\Python3.6.1\lib\site-packages\django\db\models\manager.py", line 85, in manager_method
    return getattr(self.get_queryset(), name)(*args, **kwargs)
  File "C:\Python3.6.1\lib\site-packages\django\db\models\query.py", line 394, in create
    obj.save(force_insert=True, using=self.db)
  File "C:\Python3.6.1\lib\site-packages\django\db\models\base.py", line 806, in save
    force_update=force_update, update_fields=update_fields)
  File "C:\Python3.6.1\lib\site-packages\django\db\models\base.py", line 833, in save_base
    with transaction.atomic(using=using, savepoint=False):
  File "C:\Python3.6.1\lib\site-packages\django\db\transaction.py", line 184, in __enter__
    connection.set_autocommit(False, force_begin_transaction_with_broken_autocommit=True)
  File "C:\Python3.6.1\lib\site-packages\django\db\backends\base\base.py", line 411, in set_autocommit
    self._set_autocommit(autocommit)
  File "C:\Python3.6.1\lib\site-packages\django\db\backends\mysql\base.py", line 307, in _set_autocommit
    self.connection.autocommit(autocommit)
  File "C:\Python3.6.1\lib\site-packages\django\db\utils.py", line 94, in __exit__
    six.reraise(dj_exc_type, dj_exc_value, traceback)
  File "C:\Python3.6.1\lib\site-packages\django\utils\six.py", line 685, in reraise
    raise value.with_traceback(tb)
  File "C:\Python3.6.1\lib\site-packages\django\db\backends\mysql\base.py", line 307, in _set_autocommit
    self.connection.autocommit(autocommit)
  File "C:\Python3.6.1\lib\site-packages\MySQLdb\connections.py", line 272, in autocommit
    _mysql.connection.autocommit(self, on)
django.db.utils.OperationalError: (2013, 'Lost connection to MySQL server during query')
Internal Server Error: /data/
Traceback (most recent call last):
  File "C:\Python3.6.1\lib\site-packages\django\core\handlers\exception.py", line 41, in inner
    response = get_response(request)
  File "C:\Python3.6.1\lib\site-packages\django\core\handlers\base.py", line 187, in _get_response
    response = self.process_exception_by_middleware(e, request)
  File "C:\Python3.6.1\lib\site-packages\django\core\handlers\base.py", line 185, in _get_response
    response = wrapped_callback(request, *callback_args, **callback_kwargs)
  File "C:\Users\timig\PycharmProjects\GrabTheTrade\gtt\views.py", line 51, in data
    result = data.grab_the_site()
  File "C:\Users\timig\PycharmProjects\GrabTheTrade\gtt\models.py", line 199, in grab_the_site
    if step.status != 'SUCCESS':
AttributeError: 'str' object has no attribute 'status'
Internal Server Error: /data/
Traceback (most recent call last):
  File "C:\Python3.6.1\lib\site-packages\django\core\handlers\exception.py", line 41, in inner
    response = get_response(request)
  File "C:\Python3.6.1\lib\site-packages\django\core\handlers\base.py", line 187, in _get_response
    response = self.process_exception_by_middleware(e, request)
  File "C:\Python3.6.1\lib\site-packages\django\core\handlers\base.py", line 185, in _get_response
    response = wrapped_callback(request, *callback_args, **callback_kwargs)
  File "C:\Users\timig\PycharmProjects\GrabTheTrade\gtt\views.py", line 51, in data
    result = data.grab_the_site()
  File "C:\Users\timig\PycharmProjects\GrabTheTrade\gtt\models.py", line 202, in grab_the_site
    if step.status != 'SUCCESS':
AttributeError: 'str' object has no attribute 'status'
Internal Server Error: /data/
Traceback (most recent call last):
  File "C:\Python3.6.1\lib\site-packages\django\core\handlers\exception.py", line 41, in inner
    response = get_response(request)
  File "C:\Python3.6.1\lib\site-packages\django\core\handlers\base.py", line 187, in _get_response
    response = self.process_exception_by_middleware(e, request)
  File "C:\Python3.6.1\lib\site-packages\django\core\handlers\base.py", line 185, in _get_response
    response = wrapped_callback(request, *callback_args, **callback_kwargs)
  File "C:\Users\timig\PycharmProjects\GrabTheTrade\gtt\views.py", line 51, in data
    result = data.grab_the_site()
  File "C:\Users\timig\PycharmProjects\GrabTheTrade\gtt\models.py", line 202, in grab_the_site
    if step.status != 'SUCCESS':
AttributeError: 'str' object has no attribute 'status'
Internal Server Error: /data/
Traceback (most recent call last):
  File "C:\Python3.6.1\lib\site-packages\django\db\backends\mysql\base.py", line 307, in _set_autocommit
    self.connection.autocommit(autocommit)
  File "C:\Python3.6.1\lib\site-packages\MySQLdb\connections.py", line 272, in autocommit
    _mysql.connection.autocommit(self, on)
_mysql_exceptions.OperationalError: (2013, 'Lost connection to MySQL server during query')

The above exception was the direct cause of the following exception:

Traceback (most recent call last):
  File "C:\Python3.6.1\lib\site-packages\django\core\handlers\exception.py", line 41, in inner
    response = get_response(request)
  File "C:\Python3.6.1\lib\site-packages\django\core\handlers\base.py", line 187, in _get_response
    response = self.process_exception_by_middleware(e, request)
  File "C:\Python3.6.1\lib\site-packages\django\core\handlers\base.py", line 185, in _get_response
    response = wrapped_callback(request, *callback_args, **callback_kwargs)
  File "C:\Users\timig\PycharmProjects\GrabTheTrade\gtt\views.py", line 51, in data
    result = data.grab_the_site()
  File "C:\Users\timig\PycharmProjects\GrabTheTrade\gtt\models.py", line 196, in grab_the_site
    task = Task.task.add_task("", resource, json.dumps(steps), datetime.now(), None)
  File "C:\Users\timig\PycharmProjects\GrabTheTrade\gtt\models.py", line 85, in add_task
    task = self.create(name=name, resource=resource, body=body, date_start=date_start, date_end=date_end)
  File "C:\Python3.6.1\lib\site-packages\django\db\models\manager.py", line 85, in manager_method
    return getattr(self.get_queryset(), name)(*args, **kwargs)
  File "C:\Python3.6.1\lib\site-packages\django\db\models\query.py", line 394, in create
    obj.save(force_insert=True, using=self.db)
  File "C:\Python3.6.1\lib\site-packages\django\db\models\base.py", line 806, in save
    force_update=force_update, update_fields=update_fields)
  File "C:\Python3.6.1\lib\site-packages\django\db\models\base.py", line 833, in save_base
    with transaction.atomic(using=using, savepoint=False):
  File "C:\Python3.6.1\lib\site-packages\django\db\transaction.py", line 184, in __enter__
    connection.set_autocommit(False, force_begin_transaction_with_broken_autocommit=True)
  File "C:\Python3.6.1\lib\site-packages\django\db\backends\base\base.py", line 411, in set_autocommit
    self._set_autocommit(autocommit)
  File "C:\Python3.6.1\lib\site-packages\django\db\backends\mysql\base.py", line 307, in _set_autocommit
    self.connection.autocommit(autocommit)
  File "C:\Python3.6.1\lib\site-packages\django\db\utils.py", line 94, in __exit__
    six.reraise(dj_exc_type, dj_exc_value, traceback)
  File "C:\Python3.6.1\lib\site-packages\django\utils\six.py", line 685, in reraise
    raise value.with_traceback(tb)
  File "C:\Python3.6.1\lib\site-packages\django\db\backends\mysql\base.py", line 307, in _set_autocommit
    self.connection.autocommit(autocommit)
  File "C:\Python3.6.1\lib\site-packages\MySQLdb\connections.py", line 272, in autocommit
    _mysql.connection.autocommit(self, on)
django.db.utils.OperationalError: (2013, 'Lost connection to MySQL server during query')
Internal Server Error: /data/
Traceback (most recent call last):
  File "C:\Python3.6.1\lib\site-packages\django\db\backends\mysql\base.py", line 307, in _set_autocommit
    self.connection.autocommit(autocommit)
  File "C:\Python3.6.1\lib\site-packages\MySQLdb\connections.py", line 272, in autocommit
    _mysql.connection.autocommit(self, on)
_mysql_exceptions.OperationalError: (2013, 'Lost connection to MySQL server during query')

The above exception was the direct cause of the following exception:

Traceback (most recent call last):
  File "C:\Python3.6.1\lib\site-packages\django\core\handlers\exception.py", line 41, in inner
    response = get_response(request)
  File "C:\Python3.6.1\lib\site-packages\django\core\handlers\base.py", line 187, in _get_response
    response = self.process_exception_by_middleware(e, request)
  File "C:\Python3.6.1\lib\site-packages\django\core\handlers\base.py", line 185, in _get_response
    response = wrapped_callback(request, *callback_args, **callback_kwargs)
  File "C:\Users\timig\PycharmProjects\GrabTheTrade\gtt\views.py", line 51, in data
    result = data.grab_the_site()
  File "C:\Users\timig\PycharmProjects\GrabTheTrade\gtt\models.py", line 196, in grab_the_site
    task = Task.task.add_task("", resource, json.dumps(steps), datetime.now(), None)
  File "C:\Users\timig\PycharmProjects\GrabTheTrade\gtt\models.py", line 85, in add_task
    task = self.create(name=name, resource=resource, body=body, date_start=date_start, date_end=date_end)
  File "C:\Python3.6.1\lib\site-packages\django\db\models\manager.py", line 85, in manager_method
    return getattr(self.get_queryset(), name)(*args, **kwargs)
  File "C:\Python3.6.1\lib\site-packages\django\db\models\query.py", line 394, in create
    obj.save(force_insert=True, using=self.db)
  File "C:\Python3.6.1\lib\site-packages\django\db\models\base.py", line 806, in save
    force_update=force_update, update_fields=update_fields)
  File "C:\Python3.6.1\lib\site-packages\django\db\models\base.py", line 833, in save_base
    with transaction.atomic(using=using, savepoint=False):
  File "C:\Python3.6.1\lib\site-packages\django\db\transaction.py", line 184, in __enter__
    connection.set_autocommit(False, force_begin_transaction_with_broken_autocommit=True)
  File "C:\Python3.6.1\lib\site-packages\django\db\backends\base\base.py", line 411, in set_autocommit
    self._set_autocommit(autocommit)
  File "C:\Python3.6.1\lib\site-packages\django\db\backends\mysql\base.py", line 307, in _set_autocommit
    self.connection.autocommit(autocommit)
  File "C:\Python3.6.1\lib\site-packages\django\db\utils.py", line 94, in __exit__
    six.reraise(dj_exc_type, dj_exc_value, traceback)
  File "C:\Python3.6.1\lib\site-packages\django\utils\six.py", line 685, in reraise
    raise value.with_traceback(tb)
  File "C:\Python3.6.1\lib\site-packages\django\db\backends\mysql\base.py", line 307, in _set_autocommit
    self.connection.autocommit(autocommit)
  File "C:\Python3.6.1\lib\site-packages\MySQLdb\connections.py", line 272, in autocommit
    _mysql.connection.autocommit(self, on)
django.db.utils.OperationalError: (2013, 'Lost connection to MySQL server during query')
Internal Server Error: /data/
Traceback (most recent call last):
  File "C:\Python3.6.1\lib\site-packages\django\db\backends\mysql\base.py", line 307, in _set_autocommit
    self.connection.autocommit(autocommit)
  File "C:\Python3.6.1\lib\site-packages\MySQLdb\connections.py", line 272, in autocommit
    _mysql.connection.autocommit(self, on)
_mysql_exceptions.OperationalError: (2013, 'Lost connection to MySQL server during query')

The above exception was the direct cause of the following exception:

Traceback (most recent call last):
  File "C:\Python3.6.1\lib\site-packages\django\core\handlers\exception.py", line 41, in inner
    response = get_response(request)
  File "C:\Python3.6.1\lib\site-packages\django\core\handlers\base.py", line 187, in _get_response
    response = self.process_exception_by_middleware(e, request)
  File "C:\Python3.6.1\lib\site-packages\django\core\handlers\base.py", line 185, in _get_response
    response = wrapped_callback(request, *callback_args, **callback_kwargs)
  File "C:\Users\timig\PycharmProjects\GrabTheTrade\gtt\views.py", line 51, in data
    result = data.grab_the_site()
  File "C:\Users\timig\PycharmProjects\GrabTheTrade\gtt\models.py", line 196, in grab_the_site
    task = Task.task.add_task("", resource, json.dumps(steps), datetime.now(), None)
  File "C:\Users\timig\PycharmProjects\GrabTheTrade\gtt\models.py", line 85, in add_task
    task = self.create(name=name, resource=resource, body=body, date_start=date_start, date_end=date_end)
  File "C:\Python3.6.1\lib\site-packages\django\db\models\manager.py", line 85, in manager_method
    return getattr(self.get_queryset(), name)(*args, **kwargs)
  File "C:\Python3.6.1\lib\site-packages\django\db\models\query.py", line 394, in create
    obj.save(force_insert=True, using=self.db)
  File "C:\Python3.6.1\lib\site-packages\django\db\models\base.py", line 806, in save
    force_update=force_update, update_fields=update_fields)
  File "C:\Python3.6.1\lib\site-packages\django\db\models\base.py", line 833, in save_base
    with transaction.atomic(using=using, savepoint=False):
  File "C:\Python3.6.1\lib\site-packages\django\db\transaction.py", line 184, in __enter__
    connection.set_autocommit(False, force_begin_transaction_with_broken_autocommit=True)
  File "C:\Python3.6.1\lib\site-packages\django\db\backends\base\base.py", line 411, in set_autocommit
    self._set_autocommit(autocommit)
  File "C:\Python3.6.1\lib\site-packages\django\db\backends\mysql\base.py", line 307, in _set_autocommit
    self.connection.autocommit(autocommit)
  File "C:\Python3.6.1\lib\site-packages\django\db\utils.py", line 94, in __exit__
    six.reraise(dj_exc_type, dj_exc_value, traceback)
  File "C:\Python3.6.1\lib\site-packages\django\utils\six.py", line 685, in reraise
    raise value.with_traceback(tb)
  File "C:\Python3.6.1\lib\site-packages\django\db\backends\mysql\base.py", line 307, in _set_autocommit
    self.connection.autocommit(autocommit)
  File "C:\Python3.6.1\lib\site-packages\MySQLdb\connections.py", line 272, in autocommit
    _mysql.connection.autocommit(self, on)
django.db.utils.OperationalError: (2013, 'Lost connection to MySQL server during query')
Internal Server Error: /data/
Traceback (most recent call last):
  File "C:\Python3.6.1\lib\site-packages\django\db\backends\mysql\base.py", line 307, in _set_autocommit
    self.connection.autocommit(autocommit)
  File "C:\Python3.6.1\lib\site-packages\MySQLdb\connections.py", line 272, in autocommit
    _mysql.connection.autocommit(self, on)
_mysql_exceptions.OperationalError: (2013, 'Lost connection to MySQL server during query')

The above exception was the direct cause of the following exception:

Traceback (most recent call last):
  File "C:\Python3.6.1\lib\site-packages\django\core\handlers\exception.py", line 41, in inner
    response = get_response(request)
  File "C:\Python3.6.1\lib\site-packages\django\core\handlers\base.py", line 187, in _get_response
    response = self.process_exception_by_middleware(e, request)
  File "C:\Python3.6.1\lib\site-packages\django\core\handlers\base.py", line 185, in _get_response
    response = wrapped_callback(request, *callback_args, **callback_kwargs)
  File "C:\Users\timig\PycharmProjects\GrabTheTrade\gtt\views.py", line 51, in data
    result = data.grab_the_site()
  File "C:\Users\timig\PycharmProjects\GrabTheTrade\gtt\models.py", line 196, in grab_the_site
    task = Task.task.add_task("", resource, json.dumps(steps), datetime.now(), None)
  File "C:\Users\timig\PycharmProjects\GrabTheTrade\gtt\models.py", line 85, in add_task
    task = self.create(name=name, resource=resource, body=body, date_start=date_start, date_end=date_end)
  File "C:\Python3.6.1\lib\site-packages\django\db\models\manager.py", line 85, in manager_method
    return getattr(self.get_queryset(), name)(*args, **kwargs)
  File "C:\Python3.6.1\lib\site-packages\django\db\models\query.py", line 394, in create
    obj.save(force_insert=True, using=self.db)
  File "C:\Python3.6.1\lib\site-packages\django\db\models\base.py", line 806, in save
    force_update=force_update, update_fields=update_fields)
  File "C:\Python3.6.1\lib\site-packages\django\db\models\base.py", line 833, in save_base
    with transaction.atomic(using=using, savepoint=False):
  File "C:\Python3.6.1\lib\site-packages\django\db\transaction.py", line 184, in __enter__
    connection.set_autocommit(False, force_begin_transaction_with_broken_autocommit=True)
  File "C:\Python3.6.1\lib\site-packages\django\db\backends\base\base.py", line 411, in set_autocommit
    self._set_autocommit(autocommit)
  File "C:\Python3.6.1\lib\site-packages\django\db\backends\mysql\base.py", line 307, in _set_autocommit
    self.connection.autocommit(autocommit)
  File "C:\Python3.6.1\lib\site-packages\django\db\utils.py", line 94, in __exit__
    six.reraise(dj_exc_type, dj_exc_value, traceback)
  File "C:\Python3.6.1\lib\site-packages\django\utils\six.py", line 685, in reraise
    raise value.with_traceback(tb)
  File "C:\Python3.6.1\lib\site-packages\django\db\backends\mysql\base.py", line 307, in _set_autocommit
    self.connection.autocommit(autocommit)
  File "C:\Python3.6.1\lib\site-packages\MySQLdb\connections.py", line 272, in autocommit
    _mysql.connection.autocommit(self, on)
django.db.utils.OperationalError: (2013, 'Lost connection to MySQL server during query')
Internal Server Error: /data/
Traceback (most recent call last):
  File "C:\Python3.6.1\lib\site-packages\django\db\backends\mysql\base.py", line 307, in _set_autocommit
    self.connection.autocommit(autocommit)
  File "C:\Python3.6.1\lib\site-packages\MySQLdb\connections.py", line 272, in autocommit
    _mysql.connection.autocommit(self, on)
_mysql_exceptions.OperationalError: (2013, 'Lost connection to MySQL server during query')

The above exception was the direct cause of the following exception:

Traceback (most recent call last):
  File "C:\Python3.6.1\lib\site-packages\django\core\handlers\exception.py", line 41, in inner
    response = get_response(request)
  File "C:\Python3.6.1\lib\site-packages\django\core\handlers\base.py", line 187, in _get_response
    response = self.process_exception_by_middleware(e, request)
  File "C:\Python3.6.1\lib\site-packages\django\core\handlers\base.py", line 185, in _get_response
    response = wrapped_callback(request, *callback_args, **callback_kwargs)
  File "C:\Users\timig\PycharmProjects\GrabTheTrade\gtt\views.py", line 51, in data
    result = data.grab_the_site()
  File "C:\Users\timig\PycharmProjects\GrabTheTrade\gtt\models.py", line 196, in grab_the_site
    task = Task.task.add_task("", resource, json.dumps(steps), datetime.now(), None)
  File "C:\Users\timig\PycharmProjects\GrabTheTrade\gtt\models.py", line 85, in add_task
    task = self.create(name=name, resource=resource, body=body, date_start=date_start, date_end=date_end)
  File "C:\Python3.6.1\lib\site-packages\django\db\models\manager.py", line 85, in manager_method
    return getattr(self.get_queryset(), name)(*args, **kwargs)
  File "C:\Python3.6.1\lib\site-packages\django\db\models\query.py", line 394, in create
    obj.save(force_insert=True, using=self.db)
  File "C:\Python3.6.1\lib\site-packages\django\db\models\base.py", line 806, in save
    force_update=force_update, update_fields=update_fields)
  File "C:\Python3.6.1\lib\site-packages\django\db\models\base.py", line 833, in save_base
    with transaction.atomic(using=using, savepoint=False):
  File "C:\Python3.6.1\lib\site-packages\django\db\transaction.py", line 184, in __enter__
    connection.set_autocommit(False, force_begin_transaction_with_broken_autocommit=True)
  File "C:\Python3.6.1\lib\site-packages\django\db\backends\base\base.py", line 411, in set_autocommit
    self._set_autocommit(autocommit)
  File "C:\Python3.6.1\lib\site-packages\django\db\backends\mysql\base.py", line 307, in _set_autocommit
    self.connection.autocommit(autocommit)
  File "C:\Python3.6.1\lib\site-packages\django\db\utils.py", line 94, in __exit__
    six.reraise(dj_exc_type, dj_exc_value, traceback)
  File "C:\Python3.6.1\lib\site-packages\django\utils\six.py", line 685, in reraise
    raise value.with_traceback(tb)
  File "C:\Python3.6.1\lib\site-packages\django\db\backends\mysql\base.py", line 307, in _set_autocommit
    self.connection.autocommit(autocommit)
  File "C:\Python3.6.1\lib\site-packages\MySQLdb\connections.py", line 272, in autocommit
    _mysql.connection.autocommit(self, on)
django.db.utils.OperationalError: (2013, 'Lost connection to MySQL server during query')
Not Found: /favicon.ico
Internal Server Error: /admin/operations/
Traceback (most recent call last):
  File "C:\Python3.6.1\lib\site-packages\django\contrib\sessions\backends\base.py", line 202, in _get_session
    return self._session_cache
AttributeError: 'SessionStore' object has no attribute '_session_cache'

During handling of the above exception, another exception occurred:

Traceback (most recent call last):
  File "C:\Python3.6.1\lib\site-packages\django\db\backends\base\base.py", line 213, in ensure_connection
    self.connect()
  File "C:\Python3.6.1\lib\site-packages\django\db\backends\base\base.py", line 189, in connect
    self.connection = self.get_new_connection(conn_params)
  File "C:\Python3.6.1\lib\site-packages\django\db\backends\mysql\base.py", line 274, in get_new_connection
    conn = Database.connect(**conn_params)
  File "C:\Python3.6.1\lib\site-packages\MySQLdb\__init__.py", line 86, in Connect
    return Connection(*args, **kwargs)
  File "C:\Python3.6.1\lib\site-packages\MySQLdb\connections.py", line 204, in __init__
    super(Connection, self).__init__(*args, **kwargs2)
_mysql_exceptions.OperationalError: (1040, 'Too many connections')

The above exception was the direct cause of the following exception:

Traceback (most recent call last):
  File "C:\Python3.6.1\lib\site-packages\django\core\handlers\exception.py", line 41, in inner
    response = get_response(request)
  File "C:\Python3.6.1\lib\site-packages\django\core\handlers\base.py", line 187, in _get_response
    response = self.process_exception_by_middleware(e, request)
  File "C:\Python3.6.1\lib\site-packages\django\core\handlers\base.py", line 185, in _get_response
    response = wrapped_callback(request, *callback_args, **callback_kwargs)
  File "C:\Users\timig\PycharmProjects\GrabTheTrade\gtt\views.py", line 167, in operations
    if request.user.is_authenticated():
  File "C:\Python3.6.1\lib\site-packages\django\utils\functional.py", line 238, in inner
    self._setup()
  File "C:\Python3.6.1\lib\site-packages\django\utils\functional.py", line 385, in _setup
    self._wrapped = self._setupfunc()
  File "C:\Python3.6.1\lib\site-packages\django\contrib\auth\middleware.py", line 24, in <lambda>
    request.user = SimpleLazyObject(lambda: get_user(request))
  File "C:\Python3.6.1\lib\site-packages\django\contrib\auth\middleware.py", line 12, in get_user
    request._cached_user = auth.get_user(request)
  File "C:\Python3.6.1\lib\site-packages\django\contrib\auth\__init__.py", line 206, in get_user
    user_id = _get_user_session_key(request)
  File "C:\Python3.6.1\lib\site-packages\django\contrib\auth\__init__.py", line 61, in _get_user_session_key
    return get_user_model()._meta.pk.to_python(request.session[SESSION_KEY])
  File "C:\Python3.6.1\lib\site-packages\django\contrib\sessions\backends\base.py", line 57, in __getitem__
    return self._session[key]
  File "C:\Python3.6.1\lib\site-packages\django\contrib\sessions\backends\base.py", line 207, in _get_session
    self._session_cache = self.load()
  File "C:\Python3.6.1\lib\site-packages\django\contrib\sessions\backends\db.py", line 35, in load
    expire_date__gt=timezone.now()
  File "C:\Python3.6.1\lib\site-packages\django\db\models\manager.py", line 85, in manager_method
    return getattr(self.get_queryset(), name)(*args, **kwargs)
  File "C:\Python3.6.1\lib\site-packages\django\db\models\query.py", line 374, in get
    num = len(clone)
  File "C:\Python3.6.1\lib\site-packages\django\db\models\query.py", line 232, in __len__
    self._fetch_all()
  File "C:\Python3.6.1\lib\site-packages\django\db\models\query.py", line 1103, in _fetch_all
    self._result_cache = list(self._iterable_class(self))
  File "C:\Python3.6.1\lib\site-packages\django\db\models\query.py", line 53, in __iter__
    results = compiler.execute_sql(chunked_fetch=self.chunked_fetch)
  File "C:\Python3.6.1\lib\site-packages\django\db\models\sql\compiler.py", line 863, in execute_sql
    sql, params = self.as_sql()
  File "C:\Python3.6.1\lib\site-packages\django\db\models\sql\compiler.py", line 420, in as_sql
    where, w_params = self.compile(self.where) if self.where is not None else ("", [])
  File "C:\Python3.6.1\lib\site-packages\django\db\models\sql\compiler.py", line 373, in compile
    sql, params = node.as_sql(self, self.connection)
  File "C:\Python3.6.1\lib\site-packages\django\db\models\sql\where.py", line 79, in as_sql
    sql, params = compiler.compile(child)
  File "C:\Python3.6.1\lib\site-packages\django\db\models\sql\compiler.py", line 373, in compile
    sql, params = node.as_sql(self, self.connection)
  File "C:\Python3.6.1\lib\site-packages\django\db\models\lookups.py", line 169, in as_sql
    lhs_sql, params = self.process_lhs(compiler, connection)
  File "C:\Python3.6.1\lib\site-packages\django\db\models\lookups.py", line 162, in process_lhs
    db_type = self.lhs.output_field.db_type(connection=connection)
  File "C:\Python3.6.1\lib\site-packages\django\db\models\fields\__init__.py", line 640, in db_type
    return connection.data_types[self.get_internal_type()] % data
  File "C:\Python3.6.1\lib\site-packages\django\utils\functional.py", line 35, in __get__
    res = instance.__dict__[self.name] = self.func(instance)
  File "C:\Python3.6.1\lib\site-packages\django\db\backends\mysql\base.py", line 174, in data_types
    if self.features.supports_microsecond_precision:
  File "C:\Python3.6.1\lib\site-packages\django\utils\functional.py", line 35, in __get__
    res = instance.__dict__[self.name] = self.func(instance)
  File "C:\Python3.6.1\lib\site-packages\django\db\backends\mysql\features.py", line 53, in supports_microsecond_precision
    return self.connection.mysql_version >= (5, 6, 4) and Database.version_info >= (1, 2, 5)
  File "C:\Python3.6.1\lib\site-packages\django\utils\functional.py", line 35, in __get__
    res = instance.__dict__[self.name] = self.func(instance)
  File "C:\Python3.6.1\lib\site-packages\django\db\backends\mysql\base.py", line 385, in mysql_version
    with self.temporary_connection() as cursor:
  File "C:\Python3.6.1\lib\contextlib.py", line 82, in __enter__
    return next(self.gen)
  File "C:\Python3.6.1\lib\site-packages\django\db\backends\base\base.py", line 591, in temporary_connection
    cursor = self.cursor()
  File "C:\Python3.6.1\lib\site-packages\django\db\backends\base\base.py", line 254, in cursor
    return self._cursor()
  File "C:\Python3.6.1\lib\site-packages\django\db\backends\base\base.py", line 229, in _cursor
    self.ensure_connection()
  File "C:\Python3.6.1\lib\site-packages\django\db\backends\base\base.py", line 213, in ensure_connection
    self.connect()
  File "C:\Python3.6.1\lib\site-packages\django\db\utils.py", line 94, in __exit__
    six.reraise(dj_exc_type, dj_exc_value, traceback)
  File "C:\Python3.6.1\lib\site-packages\django\utils\six.py", line 685, in reraise
    raise value.with_traceback(tb)
  File "C:\Python3.6.1\lib\site-packages\django\db\backends\base\base.py", line 213, in ensure_connection
    self.connect()
  File "C:\Python3.6.1\lib\site-packages\django\db\backends\base\base.py", line 189, in connect
    self.connection = self.get_new_connection(conn_params)
  File "C:\Python3.6.1\lib\site-packages\django\db\backends\mysql\base.py", line 274, in get_new_connection
    conn = Database.connect(**conn_params)
  File "C:\Python3.6.1\lib\site-packages\MySQLdb\__init__.py", line 86, in Connect
    return Connection(*args, **kwargs)
  File "C:\Python3.6.1\lib\site-packages\MySQLdb\connections.py", line 204, in __init__
    super(Connection, self).__init__(*args, **kwargs2)
django.db.utils.OperationalError: (1040, 'Too many connections')
Internal Server Error: /admin/operations/
Traceback (most recent call last):
  File "C:\Python3.6.1\lib\site-packages\django\contrib\sessions\backends\base.py", line 202, in _get_session
    return self._session_cache
AttributeError: 'SessionStore' object has no attribute '_session_cache'

During handling of the above exception, another exception occurred:

Traceback (most recent call last):
  File "C:\Python3.6.1\lib\site-packages\django\db\backends\base\base.py", line 213, in ensure_connection
    self.connect()
  File "C:\Python3.6.1\lib\site-packages\django\db\backends\base\base.py", line 189, in connect
    self.connection = self.get_new_connection(conn_params)
  File "C:\Python3.6.1\lib\site-packages\django\db\backends\mysql\base.py", line 274, in get_new_connection
    conn = Database.connect(**conn_params)
  File "C:\Python3.6.1\lib\site-packages\MySQLdb\__init__.py", line 86, in Connect
    return Connection(*args, **kwargs)
  File "C:\Python3.6.1\lib\site-packages\MySQLdb\connections.py", line 204, in __init__
    super(Connection, self).__init__(*args, **kwargs2)
_mysql_exceptions.OperationalError: (1040, 'Too many connections')

The above exception was the direct cause of the following exception:

Traceback (most recent call last):
  File "C:\Python3.6.1\lib\site-packages\django\core\handlers\exception.py", line 41, in inner
    response = get_response(request)
  File "C:\Python3.6.1\lib\site-packages\django\core\handlers\base.py", line 187, in _get_response
    response = self.process_exception_by_middleware(e, request)
  File "C:\Python3.6.1\lib\site-packages\django\core\handlers\base.py", line 185, in _get_response
    response = wrapped_callback(request, *callback_args, **callback_kwargs)
  File "C:\Users\timig\PycharmProjects\GrabTheTrade\gtt\views.py", line 167, in operations
    if request.user.is_authenticated():
  File "C:\Python3.6.1\lib\site-packages\django\utils\functional.py", line 238, in inner
    self._setup()
  File "C:\Python3.6.1\lib\site-packages\django\utils\functional.py", line 385, in _setup
    self._wrapped = self._setupfunc()
  File "C:\Python3.6.1\lib\site-packages\django\contrib\auth\middleware.py", line 24, in <lambda>
    request.user = SimpleLazyObject(lambda: get_user(request))
  File "C:\Python3.6.1\lib\site-packages\django\contrib\auth\middleware.py", line 12, in get_user
    request._cached_user = auth.get_user(request)
  File "C:\Python3.6.1\lib\site-packages\django\contrib\auth\__init__.py", line 206, in get_user
    user_id = _get_user_session_key(request)
  File "C:\Python3.6.1\lib\site-packages\django\contrib\auth\__init__.py", line 61, in _get_user_session_key
    return get_user_model()._meta.pk.to_python(request.session[SESSION_KEY])
  File "C:\Python3.6.1\lib\site-packages\django\contrib\sessions\backends\base.py", line 57, in __getitem__
    return self._session[key]
  File "C:\Python3.6.1\lib\site-packages\django\contrib\sessions\backends\base.py", line 207, in _get_session
    self._session_cache = self.load()
  File "C:\Python3.6.1\lib\site-packages\django\contrib\sessions\backends\db.py", line 35, in load
    expire_date__gt=timezone.now()
  File "C:\Python3.6.1\lib\site-packages\django\db\models\manager.py", line 85, in manager_method
    return getattr(self.get_queryset(), name)(*args, **kwargs)
  File "C:\Python3.6.1\lib\site-packages\django\db\models\query.py", line 374, in get
    num = len(clone)
  File "C:\Python3.6.1\lib\site-packages\django\db\models\query.py", line 232, in __len__
    self._fetch_all()
  File "C:\Python3.6.1\lib\site-packages\django\db\models\query.py", line 1103, in _fetch_all
    self._result_cache = list(self._iterable_class(self))
  File "C:\Python3.6.1\lib\site-packages\django\db\models\query.py", line 53, in __iter__
    results = compiler.execute_sql(chunked_fetch=self.chunked_fetch)
  File "C:\Python3.6.1\lib\site-packages\django\db\models\sql\compiler.py", line 863, in execute_sql
    sql, params = self.as_sql()
  File "C:\Python3.6.1\lib\site-packages\django\db\models\sql\compiler.py", line 420, in as_sql
    where, w_params = self.compile(self.where) if self.where is not None else ("", [])
  File "C:\Python3.6.1\lib\site-packages\django\db\models\sql\compiler.py", line 373, in compile
    sql, params = node.as_sql(self, self.connection)
  File "C:\Python3.6.1\lib\site-packages\django\db\models\sql\where.py", line 79, in as_sql
    sql, params = compiler.compile(child)
  File "C:\Python3.6.1\lib\site-packages\django\db\models\sql\compiler.py", line 373, in compile
    sql, params = node.as_sql(self, self.connection)
  File "C:\Python3.6.1\lib\site-packages\django\db\models\lookups.py", line 169, in as_sql
    lhs_sql, params = self.process_lhs(compiler, connection)
  File "C:\Python3.6.1\lib\site-packages\django\db\models\lookups.py", line 162, in process_lhs
    db_type = self.lhs.output_field.db_type(connection=connection)
  File "C:\Python3.6.1\lib\site-packages\django\db\models\fields\__init__.py", line 640, in db_type
    return connection.data_types[self.get_internal_type()] % data
  File "C:\Python3.6.1\lib\site-packages\django\utils\functional.py", line 35, in __get__
    res = instance.__dict__[self.name] = self.func(instance)
  File "C:\Python3.6.1\lib\site-packages\django\db\backends\mysql\base.py", line 174, in data_types
    if self.features.supports_microsecond_precision:
  File "C:\Python3.6.1\lib\site-packages\django\utils\functional.py", line 35, in __get__
    res = instance.__dict__[self.name] = self.func(instance)
  File "C:\Python3.6.1\lib\site-packages\django\db\backends\mysql\features.py", line 53, in supports_microsecond_precision
    return self.connection.mysql_version >= (5, 6, 4) and Database.version_info >= (1, 2, 5)
  File "C:\Python3.6.1\lib\site-packages\django\utils\functional.py", line 35, in __get__
    res = instance.__dict__[self.name] = self.func(instance)
  File "C:\Python3.6.1\lib\site-packages\django\db\backends\mysql\base.py", line 385, in mysql_version
    with self.temporary_connection() as cursor:
  File "C:\Python3.6.1\lib\contextlib.py", line 82, in __enter__
    return next(self.gen)
  File "C:\Python3.6.1\lib\site-packages\django\db\backends\base\base.py", line 591, in temporary_connection
    cursor = self.cursor()
  File "C:\Python3.6.1\lib\site-packages\django\db\backends\base\base.py", line 254, in cursor
    return self._cursor()
  File "C:\Python3.6.1\lib\site-packages\django\db\backends\base\base.py", line 229, in _cursor
    self.ensure_connection()
  File "C:\Python3.6.1\lib\site-packages\django\db\backends\base\base.py", line 213, in ensure_connection
    self.connect()
  File "C:\Python3.6.1\lib\site-packages\django\db\utils.py", line 94, in __exit__
    six.reraise(dj_exc_type, dj_exc_value, traceback)
  File "C:\Python3.6.1\lib\site-packages\django\utils\six.py", line 685, in reraise
    raise value.with_traceback(tb)
  File "C:\Python3.6.1\lib\site-packages\django\db\backends\base\base.py", line 213, in ensure_connection
    self.connect()
  File "C:\Python3.6.1\lib\site-packages\django\db\backends\base\base.py", line 189, in connect
    self.connection = self.get_new_connection(conn_params)
  File "C:\Python3.6.1\lib\site-packages\django\db\backends\mysql\base.py", line 274, in get_new_connection
    conn = Database.connect(**conn_params)
  File "C:\Python3.6.1\lib\site-packages\MySQLdb\__init__.py", line 86, in Connect
    return Connection(*args, **kwargs)
  File "C:\Python3.6.1\lib\site-packages\MySQLdb\connections.py", line 204, in __init__
    super(Connection, self).__init__(*args, **kwargs2)
django.db.utils.OperationalError: (1040, 'Too many connections')
Internal Server Error: /admin/operations/
Traceback (most recent call last):
  File "C:\Python3.6.1\lib\site-packages\django\contrib\sessions\backends\base.py", line 202, in _get_session
    return self._session_cache
AttributeError: 'SessionStore' object has no attribute '_session_cache'

During handling of the above exception, another exception occurred:

Traceback (most recent call last):
  File "C:\Python3.6.1\lib\site-packages\django\db\backends\base\base.py", line 213, in ensure_connection
    self.connect()
  File "C:\Python3.6.1\lib\site-packages\django\db\backends\base\base.py", line 189, in connect
    self.connection = self.get_new_connection(conn_params)
  File "C:\Python3.6.1\lib\site-packages\django\db\backends\mysql\base.py", line 274, in get_new_connection
    conn = Database.connect(**conn_params)
  File "C:\Python3.6.1\lib\site-packages\MySQLdb\__init__.py", line 86, in Connect
    return Connection(*args, **kwargs)
  File "C:\Python3.6.1\lib\site-packages\MySQLdb\connections.py", line 204, in __init__
    super(Connection, self).__init__(*args, **kwargs2)
_mysql_exceptions.OperationalError: (1040, 'Too many connections')

The above exception was the direct cause of the following exception:

Traceback (most recent call last):
  File "C:\Python3.6.1\lib\site-packages\django\core\handlers\exception.py", line 41, in inner
    response = get_response(request)
  File "C:\Python3.6.1\lib\site-packages\django\core\handlers\base.py", line 187, in _get_response
    response = self.process_exception_by_middleware(e, request)
  File "C:\Python3.6.1\lib\site-packages\django\core\handlers\base.py", line 185, in _get_response
    response = wrapped_callback(request, *callback_args, **callback_kwargs)
  File "C:\Users\timig\PycharmProjects\GrabTheTrade\gtt\views.py", line 167, in operations
    if request.user.is_authenticated():
  File "C:\Python3.6.1\lib\site-packages\django\utils\functional.py", line 238, in inner
    self._setup()
  File "C:\Python3.6.1\lib\site-packages\django\utils\functional.py", line 385, in _setup
    self._wrapped = self._setupfunc()
  File "C:\Python3.6.1\lib\site-packages\django\contrib\auth\middleware.py", line 24, in <lambda>
    request.user = SimpleLazyObject(lambda: get_user(request))
  File "C:\Python3.6.1\lib\site-packages\django\contrib\auth\middleware.py", line 12, in get_user
    request._cached_user = auth.get_user(request)
  File "C:\Python3.6.1\lib\site-packages\django\contrib\auth\__init__.py", line 206, in get_user
    user_id = _get_user_session_key(request)
  File "C:\Python3.6.1\lib\site-packages\django\contrib\auth\__init__.py", line 61, in _get_user_session_key
    return get_user_model()._meta.pk.to_python(request.session[SESSION_KEY])
  File "C:\Python3.6.1\lib\site-packages\django\contrib\sessions\backends\base.py", line 57, in __getitem__
    return self._session[key]
  File "C:\Python3.6.1\lib\site-packages\django\contrib\sessions\backends\base.py", line 207, in _get_session
    self._session_cache = self.load()
  File "C:\Python3.6.1\lib\site-packages\django\contrib\sessions\backends\db.py", line 35, in load
    expire_date__gt=timezone.now()
  File "C:\Python3.6.1\lib\site-packages\django\db\models\manager.py", line 85, in manager_method
    return getattr(self.get_queryset(), name)(*args, **kwargs)
  File "C:\Python3.6.1\lib\site-packages\django\db\models\query.py", line 374, in get
    num = len(clone)
  File "C:\Python3.6.1\lib\site-packages\django\db\models\query.py", line 232, in __len__
    self._fetch_all()
  File "C:\Python3.6.1\lib\site-packages\django\db\models\query.py", line 1103, in _fetch_all
    self._result_cache = list(self._iterable_class(self))
  File "C:\Python3.6.1\lib\site-packages\django\db\models\query.py", line 53, in __iter__
    results = compiler.execute_sql(chunked_fetch=self.chunked_fetch)
  File "C:\Python3.6.1\lib\site-packages\django\db\models\sql\compiler.py", line 863, in execute_sql
    sql, params = self.as_sql()
  File "C:\Python3.6.1\lib\site-packages\django\db\models\sql\compiler.py", line 420, in as_sql
    where, w_params = self.compile(self.where) if self.where is not None else ("", [])
  File "C:\Python3.6.1\lib\site-packages\django\db\models\sql\compiler.py", line 373, in compile
    sql, params = node.as_sql(self, self.connection)
  File "C:\Python3.6.1\lib\site-packages\django\db\models\sql\where.py", line 79, in as_sql
    sql, params = compiler.compile(child)
  File "C:\Python3.6.1\lib\site-packages\django\db\models\sql\compiler.py", line 373, in compile
    sql, params = node.as_sql(self, self.connection)
  File "C:\Python3.6.1\lib\site-packages\django\db\models\lookups.py", line 169, in as_sql
    lhs_sql, params = self.process_lhs(compiler, connection)
  File "C:\Python3.6.1\lib\site-packages\django\db\models\lookups.py", line 162, in process_lhs
    db_type = self.lhs.output_field.db_type(connection=connection)
  File "C:\Python3.6.1\lib\site-packages\django\db\models\fields\__init__.py", line 640, in db_type
    return connection.data_types[self.get_internal_type()] % data
  File "C:\Python3.6.1\lib\site-packages\django\utils\functional.py", line 35, in __get__
    res = instance.__dict__[self.name] = self.func(instance)
  File "C:\Python3.6.1\lib\site-packages\django\db\backends\mysql\base.py", line 174, in data_types
    if self.features.supports_microsecond_precision:
  File "C:\Python3.6.1\lib\site-packages\django\utils\functional.py", line 35, in __get__
    res = instance.__dict__[self.name] = self.func(instance)
  File "C:\Python3.6.1\lib\site-packages\django\db\backends\mysql\features.py", line 53, in supports_microsecond_precision
    return self.connection.mysql_version >= (5, 6, 4) and Database.version_info >= (1, 2, 5)
  File "C:\Python3.6.1\lib\site-packages\django\utils\functional.py", line 35, in __get__
    res = instance.__dict__[self.name] = self.func(instance)
  File "C:\Python3.6.1\lib\site-packages\django\db\backends\mysql\base.py", line 385, in mysql_version
    with self.temporary_connection() as cursor:
  File "C:\Python3.6.1\lib\contextlib.py", line 82, in __enter__
    return next(self.gen)
  File "C:\Python3.6.1\lib\site-packages\django\db\backends\base\base.py", line 591, in temporary_connection
    cursor = self.cursor()
  File "C:\Python3.6.1\lib\site-packages\django\db\backends\base\base.py", line 254, in cursor
    return self._cursor()
  File "C:\Python3.6.1\lib\site-packages\django\db\backends\base\base.py", line 229, in _cursor
    self.ensure_connection()
  File "C:\Python3.6.1\lib\site-packages\django\db\backends\base\base.py", line 213, in ensure_connection
    self.connect()
  File "C:\Python3.6.1\lib\site-packages\django\db\utils.py", line 94, in __exit__
    six.reraise(dj_exc_type, dj_exc_value, traceback)
  File "C:\Python3.6.1\lib\site-packages\django\utils\six.py", line 685, in reraise
    raise value.with_traceback(tb)
  File "C:\Python3.6.1\lib\site-packages\django\db\backends\base\base.py", line 213, in ensure_connection
    self.connect()
  File "C:\Python3.6.1\lib\site-packages\django\db\backends\base\base.py", line 189, in connect
    self.connection = self.get_new_connection(conn_params)
  File "C:\Python3.6.1\lib\site-packages\django\db\backends\mysql\base.py", line 274, in get_new_connection
    conn = Database.connect(**conn_params)
  File "C:\Python3.6.1\lib\site-packages\MySQLdb\__init__.py", line 86, in Connect
    return Connection(*args, **kwargs)
  File "C:\Python3.6.1\lib\site-packages\MySQLdb\connections.py", line 204, in __init__
    super(Connection, self).__init__(*args, **kwargs2)
django.db.utils.OperationalError: (1040, 'Too many connections')
Internal Server Error: /admin/operations/
Traceback (most recent call last):
  File "C:\Python3.6.1\lib\site-packages\django\contrib\sessions\backends\base.py", line 202, in _get_session
    return self._session_cache
AttributeError: 'SessionStore' object has no attribute '_session_cache'

During handling of the above exception, another exception occurred:

Traceback (most recent call last):
  File "C:\Python3.6.1\lib\site-packages\django\db\backends\base\base.py", line 213, in ensure_connection
    self.connect()
  File "C:\Python3.6.1\lib\site-packages\django\db\backends\base\base.py", line 189, in connect
    self.connection = self.get_new_connection(conn_params)
  File "C:\Python3.6.1\lib\site-packages\django\db\backends\mysql\base.py", line 274, in get_new_connection
    conn = Database.connect(**conn_params)
  File "C:\Python3.6.1\lib\site-packages\MySQLdb\__init__.py", line 86, in Connect
    return Connection(*args, **kwargs)
  File "C:\Python3.6.1\lib\site-packages\MySQLdb\connections.py", line 204, in __init__
    super(Connection, self).__init__(*args, **kwargs2)
_mysql_exceptions.OperationalError: (1040, 'Too many connections')

The above exception was the direct cause of the following exception:

Traceback (most recent call last):
  File "C:\Python3.6.1\lib\site-packages\django\core\handlers\exception.py", line 41, in inner
    response = get_response(request)
  File "C:\Python3.6.1\lib\site-packages\django\core\handlers\base.py", line 187, in _get_response
    response = self.process_exception_by_middleware(e, request)
  File "C:\Python3.6.1\lib\site-packages\django\core\handlers\base.py", line 185, in _get_response
    response = wrapped_callback(request, *callback_args, **callback_kwargs)
  File "C:\Users\timig\PycharmProjects\GrabTheTrade\gtt\views.py", line 167, in operations
    if request.user.is_authenticated():
  File "C:\Python3.6.1\lib\site-packages\django\utils\functional.py", line 238, in inner
    self._setup()
  File "C:\Python3.6.1\lib\site-packages\django\utils\functional.py", line 385, in _setup
    self._wrapped = self._setupfunc()
  File "C:\Python3.6.1\lib\site-packages\django\contrib\auth\middleware.py", line 24, in <lambda>
    request.user = SimpleLazyObject(lambda: get_user(request))
  File "C:\Python3.6.1\lib\site-packages\django\contrib\auth\middleware.py", line 12, in get_user
    request._cached_user = auth.get_user(request)
  File "C:\Python3.6.1\lib\site-packages\django\contrib\auth\__init__.py", line 206, in get_user
    user_id = _get_user_session_key(request)
  File "C:\Python3.6.1\lib\site-packages\django\contrib\auth\__init__.py", line 61, in _get_user_session_key
    return get_user_model()._meta.pk.to_python(request.session[SESSION_KEY])
  File "C:\Python3.6.1\lib\site-packages\django\contrib\sessions\backends\base.py", line 57, in __getitem__
    return self._session[key]
  File "C:\Python3.6.1\lib\site-packages\django\contrib\sessions\backends\base.py", line 207, in _get_session
    self._session_cache = self.load()
  File "C:\Python3.6.1\lib\site-packages\django\contrib\sessions\backends\db.py", line 35, in load
    expire_date__gt=timezone.now()
  File "C:\Python3.6.1\lib\site-packages\django\db\models\manager.py", line 85, in manager_method
    return getattr(self.get_queryset(), name)(*args, **kwargs)
  File "C:\Python3.6.1\lib\site-packages\django\db\models\query.py", line 374, in get
    num = len(clone)
  File "C:\Python3.6.1\lib\site-packages\django\db\models\query.py", line 232, in __len__
    self._fetch_all()
  File "C:\Python3.6.1\lib\site-packages\django\db\models\query.py", line 1103, in _fetch_all
    self._result_cache = list(self._iterable_class(self))
  File "C:\Python3.6.1\lib\site-packages\django\db\models\query.py", line 53, in __iter__
    results = compiler.execute_sql(chunked_fetch=self.chunked_fetch)
  File "C:\Python3.6.1\lib\site-packages\django\db\models\sql\compiler.py", line 863, in execute_sql
    sql, params = self.as_sql()
  File "C:\Python3.6.1\lib\site-packages\django\db\models\sql\compiler.py", line 420, in as_sql
    where, w_params = self.compile(self.where) if self.where is not None else ("", [])
  File "C:\Python3.6.1\lib\site-packages\django\db\models\sql\compiler.py", line 373, in compile
    sql, params = node.as_sql(self, self.connection)
  File "C:\Python3.6.1\lib\site-packages\django\db\models\sql\where.py", line 79, in as_sql
    sql, params = compiler.compile(child)
  File "C:\Python3.6.1\lib\site-packages\django\db\models\sql\compiler.py", line 373, in compile
    sql, params = node.as_sql(self, self.connection)
  File "C:\Python3.6.1\lib\site-packages\django\db\models\lookups.py", line 169, in as_sql
    lhs_sql, params = self.process_lhs(compiler, connection)
  File "C:\Python3.6.1\lib\site-packages\django\db\models\lookups.py", line 162, in process_lhs
    db_type = self.lhs.output_field.db_type(connection=connection)
  File "C:\Python3.6.1\lib\site-packages\django\db\models\fields\__init__.py", line 640, in db_type
    return connection.data_types[self.get_internal_type()] % data
  File "C:\Python3.6.1\lib\site-packages\django\utils\functional.py", line 35, in __get__
    res = instance.__dict__[self.name] = self.func(instance)
  File "C:\Python3.6.1\lib\site-packages\django\db\backends\mysql\base.py", line 174, in data_types
    if self.features.supports_microsecond_precision:
  File "C:\Python3.6.1\lib\site-packages\django\utils\functional.py", line 35, in __get__
    res = instance.__dict__[self.name] = self.func(instance)
  File "C:\Python3.6.1\lib\site-packages\django\db\backends\mysql\features.py", line 53, in supports_microsecond_precision
    return self.connection.mysql_version >= (5, 6, 4) and Database.version_info >= (1, 2, 5)
  File "C:\Python3.6.1\lib\site-packages\django\utils\functional.py", line 35, in __get__
    res = instance.__dict__[self.name] = self.func(instance)
  File "C:\Python3.6.1\lib\site-packages\django\db\backends\mysql\base.py", line 385, in mysql_version
    with self.temporary_connection() as cursor:
  File "C:\Python3.6.1\lib\contextlib.py", line 82, in __enter__
    return next(self.gen)
  File "C:\Python3.6.1\lib\site-packages\django\db\backends\base\base.py", line 591, in temporary_connection
    cursor = self.cursor()
  File "C:\Python3.6.1\lib\site-packages\django\db\backends\base\base.py", line 254, in cursor
    return self._cursor()
  File "C:\Python3.6.1\lib\site-packages\django\db\backends\base\base.py", line 229, in _cursor
    self.ensure_connection()
  File "C:\Python3.6.1\lib\site-packages\django\db\backends\base\base.py", line 213, in ensure_connection
    self.connect()
  File "C:\Python3.6.1\lib\site-packages\django\db\utils.py", line 94, in __exit__
    six.reraise(dj_exc_type, dj_exc_value, traceback)
  File "C:\Python3.6.1\lib\site-packages\django\utils\six.py", line 685, in reraise
    raise value.with_traceback(tb)
  File "C:\Python3.6.1\lib\site-packages\django\db\backends\base\base.py", line 213, in ensure_connection
    self.connect()
  File "C:\Python3.6.1\lib\site-packages\django\db\backends\base\base.py", line 189, in connect
    self.connection = self.get_new_connection(conn_params)
  File "C:\Python3.6.1\lib\site-packages\django\db\backends\mysql\base.py", line 274, in get_new_connection
    conn = Database.connect(**conn_params)
  File "C:\Python3.6.1\lib\site-packages\MySQLdb\__init__.py", line 86, in Connect
    return Connection(*args, **kwargs)
  File "C:\Python3.6.1\lib\site-packages\MySQLdb\connections.py", line 204, in __init__
    super(Connection, self).__init__(*args, **kwargs2)
django.db.utils.OperationalError: (1040, 'Too many connections')
Internal Server Error: /admin/operations/
Traceback (most recent call last):
  File "C:\Python3.6.1\lib\site-packages\django\contrib\sessions\backends\base.py", line 202, in _get_session
    return self._session_cache
AttributeError: 'SessionStore' object has no attribute '_session_cache'

During handling of the above exception, another exception occurred:

Traceback (most recent call last):
  File "C:\Python3.6.1\lib\site-packages\django\db\backends\base\base.py", line 213, in ensure_connection
    self.connect()
  File "C:\Python3.6.1\lib\site-packages\django\db\backends\base\base.py", line 189, in connect
    self.connection = self.get_new_connection(conn_params)
  File "C:\Python3.6.1\lib\site-packages\django\db\backends\mysql\base.py", line 274, in get_new_connection
    conn = Database.connect(**conn_params)
  File "C:\Python3.6.1\lib\site-packages\MySQLdb\__init__.py", line 86, in Connect
    return Connection(*args, **kwargs)
  File "C:\Python3.6.1\lib\site-packages\MySQLdb\connections.py", line 204, in __init__
    super(Connection, self).__init__(*args, **kwargs2)
_mysql_exceptions.OperationalError: (1040, 'Too many connections')

The above exception was the direct cause of the following exception:

Traceback (most recent call last):
  File "C:\Python3.6.1\lib\site-packages\django\core\handlers\exception.py", line 41, in inner
    response = get_response(request)
  File "C:\Python3.6.1\lib\site-packages\django\core\handlers\base.py", line 187, in _get_response
    response = self.process_exception_by_middleware(e, request)
  File "C:\Python3.6.1\lib\site-packages\django\core\handlers\base.py", line 185, in _get_response
    response = wrapped_callback(request, *callback_args, **callback_kwargs)
  File "C:\Users\timig\PycharmProjects\GrabTheTrade\gtt\views.py", line 167, in operations
    if request.user.is_authenticated():
  File "C:\Python3.6.1\lib\site-packages\django\utils\functional.py", line 238, in inner
    self._setup()
  File "C:\Python3.6.1\lib\site-packages\django\utils\functional.py", line 385, in _setup
    self._wrapped = self._setupfunc()
  File "C:\Python3.6.1\lib\site-packages\django\contrib\auth\middleware.py", line 24, in <lambda>
    request.user = SimpleLazyObject(lambda: get_user(request))
  File "C:\Python3.6.1\lib\site-packages\django\contrib\auth\middleware.py", line 12, in get_user
    request._cached_user = auth.get_user(request)
  File "C:\Python3.6.1\lib\site-packages\django\contrib\auth\__init__.py", line 206, in get_user
    user_id = _get_user_session_key(request)
  File "C:\Python3.6.1\lib\site-packages\django\contrib\auth\__init__.py", line 61, in _get_user_session_key
    return get_user_model()._meta.pk.to_python(request.session[SESSION_KEY])
  File "C:\Python3.6.1\lib\site-packages\django\contrib\sessions\backends\base.py", line 57, in __getitem__
    return self._session[key]
  File "C:\Python3.6.1\lib\site-packages\django\contrib\sessions\backends\base.py", line 207, in _get_session
    self._session_cache = self.load()
  File "C:\Python3.6.1\lib\site-packages\django\contrib\sessions\backends\db.py", line 35, in load
    expire_date__gt=timezone.now()
  File "C:\Python3.6.1\lib\site-packages\django\db\models\manager.py", line 85, in manager_method
    return getattr(self.get_queryset(), name)(*args, **kwargs)
  File "C:\Python3.6.1\lib\site-packages\django\db\models\query.py", line 374, in get
    num = len(clone)
  File "C:\Python3.6.1\lib\site-packages\django\db\models\query.py", line 232, in __len__
    self._fetch_all()
  File "C:\Python3.6.1\lib\site-packages\django\db\models\query.py", line 1103, in _fetch_all
    self._result_cache = list(self._iterable_class(self))
  File "C:\Python3.6.1\lib\site-packages\django\db\models\query.py", line 53, in __iter__
    results = compiler.execute_sql(chunked_fetch=self.chunked_fetch)
  File "C:\Python3.6.1\lib\site-packages\django\db\models\sql\compiler.py", line 863, in execute_sql
    sql, params = self.as_sql()
  File "C:\Python3.6.1\lib\site-packages\django\db\models\sql\compiler.py", line 420, in as_sql
    where, w_params = self.compile(self.where) if self.where is not None else ("", [])
  File "C:\Python3.6.1\lib\site-packages\django\db\models\sql\compiler.py", line 373, in compile
    sql, params = node.as_sql(self, self.connection)
  File "C:\Python3.6.1\lib\site-packages\django\db\models\sql\where.py", line 79, in as_sql
    sql, params = compiler.compile(child)
  File "C:\Python3.6.1\lib\site-packages\django\db\models\sql\compiler.py", line 373, in compile
    sql, params = node.as_sql(self, self.connection)
  File "C:\Python3.6.1\lib\site-packages\django\db\models\lookups.py", line 169, in as_sql
    lhs_sql, params = self.process_lhs(compiler, connection)
  File "C:\Python3.6.1\lib\site-packages\django\db\models\lookups.py", line 162, in process_lhs
    db_type = self.lhs.output_field.db_type(connection=connection)
  File "C:\Python3.6.1\lib\site-packages\django\db\models\fields\__init__.py", line 640, in db_type
    return connection.data_types[self.get_internal_type()] % data
  File "C:\Python3.6.1\lib\site-packages\django\utils\functional.py", line 35, in __get__
    res = instance.__dict__[self.name] = self.func(instance)
  File "C:\Python3.6.1\lib\site-packages\django\db\backends\mysql\base.py", line 174, in data_types
    if self.features.supports_microsecond_precision:
  File "C:\Python3.6.1\lib\site-packages\django\utils\functional.py", line 35, in __get__
    res = instance.__dict__[self.name] = self.func(instance)
  File "C:\Python3.6.1\lib\site-packages\django\db\backends\mysql\features.py", line 53, in supports_microsecond_precision
    return self.connection.mysql_version >= (5, 6, 4) and Database.version_info >= (1, 2, 5)
  File "C:\Python3.6.1\lib\site-packages\django\utils\functional.py", line 35, in __get__
    res = instance.__dict__[self.name] = self.func(instance)
  File "C:\Python3.6.1\lib\site-packages\django\db\backends\mysql\base.py", line 385, in mysql_version
    with self.temporary_connection() as cursor:
  File "C:\Python3.6.1\lib\contextlib.py", line 82, in __enter__
    return next(self.gen)
  File "C:\Python3.6.1\lib\site-packages\django\db\backends\base\base.py", line 591, in temporary_connection
    cursor = self.cursor()
  File "C:\Python3.6.1\lib\site-packages\django\db\backends\base\base.py", line 254, in cursor
    return self._cursor()
  File "C:\Python3.6.1\lib\site-packages\django\db\backends\base\base.py", line 229, in _cursor
    self.ensure_connection()
  File "C:\Python3.6.1\lib\site-packages\django\db\backends\base\base.py", line 213, in ensure_connection
    self.connect()
  File "C:\Python3.6.1\lib\site-packages\django\db\utils.py", line 94, in __exit__
    six.reraise(dj_exc_type, dj_exc_value, traceback)
  File "C:\Python3.6.1\lib\site-packages\django\utils\six.py", line 685, in reraise
    raise value.with_traceback(tb)
  File "C:\Python3.6.1\lib\site-packages\django\db\backends\base\base.py", line 213, in ensure_connection
    self.connect()
  File "C:\Python3.6.1\lib\site-packages\django\db\backends\base\base.py", line 189, in connect
    self.connection = self.get_new_connection(conn_params)
  File "C:\Python3.6.1\lib\site-packages\django\db\backends\mysql\base.py", line 274, in get_new_connection
    conn = Database.connect(**conn_params)
  File "C:\Python3.6.1\lib\site-packages\MySQLdb\__init__.py", line 86, in Connect
    return Connection(*args, **kwargs)
  File "C:\Python3.6.1\lib\site-packages\MySQLdb\connections.py", line 204, in __init__
    super(Connection, self).__init__(*args, **kwargs2)
django.db.utils.OperationalError: (1040, 'Too many connections')
Internal Server Error: /admin/operations/
Traceback (most recent call last):
  File "C:\Python3.6.1\lib\site-packages\django\core\handlers\exception.py", line 41, in inner
    response = get_response(request)
  File "C:\Python3.6.1\lib\site-packages\django\core\handlers\base.py", line 187, in _get_response
    response = self.process_exception_by_middleware(e, request)
  File "C:\Python3.6.1\lib\site-packages\django\core\handlers\base.py", line 185, in _get_response
    response = wrapped_callback(request, *callback_args, **callback_kwargs)
  File "C:\Users\timig\PycharmProjects\GrabTheTrade\gtt\views.py", line 174, in operations
    'resources': res, 'tasks': tasks})
  File "C:\Python3.6.1\lib\site-packages\django\shortcuts.py", line 30, in render
    content = loader.render_to_string(template_name, context, request, using=using)
  File "C:\Python3.6.1\lib\site-packages\django\template\loader.py", line 68, in render_to_string
    return template.render(context, request)
  File "C:\Python3.6.1\lib\site-packages\django\template\backends\django.py", line 66, in render
    return self.template.render(context)
  File "C:\Python3.6.1\lib\site-packages\django\template\base.py", line 207, in render
    return self._render(context)
  File "C:\Python3.6.1\lib\site-packages\django\template\base.py", line 199, in _render
    return self.nodelist.render(context)
  File "C:\Python3.6.1\lib\site-packages\django\template\base.py", line 990, in render
    bit = node.render_annotated(context)
  File "C:\Python3.6.1\lib\site-packages\django\template\base.py", line 957, in render_annotated
    return self.render(context)
  File "C:\Python3.6.1\lib\site-packages\django\template\loader_tags.py", line 177, in render
    return compiled_parent._render(context)
  File "C:\Python3.6.1\lib\site-packages\django\template\base.py", line 199, in _render
    return self.nodelist.render(context)
  File "C:\Python3.6.1\lib\site-packages\django\template\base.py", line 990, in render
    bit = node.render_annotated(context)
  File "C:\Python3.6.1\lib\site-packages\django\template\base.py", line 957, in render_annotated
    return self.render(context)
  File "C:\Python3.6.1\lib\site-packages\django\template\loader_tags.py", line 177, in render
    return compiled_parent._render(context)
  File "C:\Python3.6.1\lib\site-packages\django\template\base.py", line 199, in _render
    return self.nodelist.render(context)
  File "C:\Python3.6.1\lib\site-packages\django\template\base.py", line 990, in render
    bit = node.render_annotated(context)
  File "C:\Python3.6.1\lib\site-packages\django\template\base.py", line 957, in render_annotated
    return self.render(context)
  File "C:\Python3.6.1\lib\site-packages\django\template\loader_tags.py", line 72, in render
    result = block.nodelist.render(context)
  File "C:\Python3.6.1\lib\site-packages\django\template\base.py", line 990, in render
    bit = node.render_annotated(context)
  File "C:\Python3.6.1\lib\site-packages\django\template\base.py", line 957, in render_annotated
    return self.render(context)
  File "C:\Python3.6.1\lib\site-packages\django\template\defaulttags.py", line 458, in render
    url = reverse(view_name, args=args, kwargs=kwargs, current_app=current_app)
  File "C:\Python3.6.1\lib\site-packages\django\urls\base.py", line 91, in reverse
    return force_text(iri_to_uri(resolver._reverse_with_prefix(view, prefix, *args, **kwargs)))
  File "C:\Python3.6.1\lib\site-packages\django\urls\resolvers.py", line 497, in _reverse_with_prefix
    raise NoReverseMatch(msg)
django.urls.exceptions.NoReverseMatch: Reverse for 'get_tasks_statuses' not found. 'get_tasks_statuses' is not a valid view function or pattern name.
Internal Server Error: /admin/operations/
Traceback (most recent call last):
  File "C:\Python3.6.1\lib\site-packages\django\core\handlers\exception.py", line 41, in inner
    response = get_response(request)
  File "C:\Python3.6.1\lib\site-packages\django\core\handlers\base.py", line 187, in _get_response
    response = self.process_exception_by_middleware(e, request)
  File "C:\Python3.6.1\lib\site-packages\django\core\handlers\base.py", line 185, in _get_response
    response = wrapped_callback(request, *callback_args, **callback_kwargs)
  File "C:\Users\timig\PycharmProjects\GrabTheTrade\gtt\views.py", line 174, in operations
    'resources': res, 'tasks': tasks})
  File "C:\Python3.6.1\lib\site-packages\django\shortcuts.py", line 30, in render
    content = loader.render_to_string(template_name, context, request, using=using)
  File "C:\Python3.6.1\lib\site-packages\django\template\loader.py", line 68, in render_to_string
    return template.render(context, request)
  File "C:\Python3.6.1\lib\site-packages\django\template\backends\django.py", line 66, in render
    return self.template.render(context)
  File "C:\Python3.6.1\lib\site-packages\django\template\base.py", line 207, in render
    return self._render(context)
  File "C:\Python3.6.1\lib\site-packages\django\template\base.py", line 199, in _render
    return self.nodelist.render(context)
  File "C:\Python3.6.1\lib\site-packages\django\template\base.py", line 990, in render
    bit = node.render_annotated(context)
  File "C:\Python3.6.1\lib\site-packages\django\template\base.py", line 957, in render_annotated
    return self.render(context)
  File "C:\Python3.6.1\lib\site-packages\django\template\loader_tags.py", line 177, in render
    return compiled_parent._render(context)
  File "C:\Python3.6.1\lib\site-packages\django\template\base.py", line 199, in _render
    return self.nodelist.render(context)
  File "C:\Python3.6.1\lib\site-packages\django\template\base.py", line 990, in render
    bit = node.render_annotated(context)
  File "C:\Python3.6.1\lib\site-packages\django\template\base.py", line 957, in render_annotated
    return self.render(context)
  File "C:\Python3.6.1\lib\site-packages\django\template\loader_tags.py", line 177, in render
    return compiled_parent._render(context)
  File "C:\Python3.6.1\lib\site-packages\django\template\base.py", line 199, in _render
    return self.nodelist.render(context)
  File "C:\Python3.6.1\lib\site-packages\django\template\base.py", line 990, in render
    bit = node.render_annotated(context)
  File "C:\Python3.6.1\lib\site-packages\django\template\base.py", line 957, in render_annotated
    return self.render(context)
  File "C:\Python3.6.1\lib\site-packages\django\template\loader_tags.py", line 72, in render
    result = block.nodelist.render(context)
  File "C:\Python3.6.1\lib\site-packages\django\template\base.py", line 990, in render
    bit = node.render_annotated(context)
  File "C:\Python3.6.1\lib\site-packages\django\template\base.py", line 957, in render_annotated
    return self.render(context)
  File "C:\Python3.6.1\lib\site-packages\django\template\defaulttags.py", line 458, in render
    url = reverse(view_name, args=args, kwargs=kwargs, current_app=current_app)
  File "C:\Python3.6.1\lib\site-packages\django\urls\base.py", line 91, in reverse
    return force_text(iri_to_uri(resolver._reverse_with_prefix(view, prefix, *args, **kwargs)))
  File "C:\Python3.6.1\lib\site-packages\django\urls\resolvers.py", line 497, in _reverse_with_prefix
    raise NoReverseMatch(msg)
django.urls.exceptions.NoReverseMatch: Reverse for 'get_tasks_statuses' not found. 'get_tasks_statuses' is not a valid view function or pattern name.
Not Found: /favicon.ico
Internal Server Error: /admin/operations/tasks_statuses_by_resource/
Traceback (most recent call last):
  File "C:\Python3.6.1\lib\site-packages\django\core\handlers\exception.py", line 41, in inner
    response = get_response(request)
  File "C:\Python3.6.1\lib\site-packages\django\core\handlers\base.py", line 187, in _get_response
    response = self.process_exception_by_middleware(e, request)
  File "C:\Python3.6.1\lib\site-packages\django\core\handlers\base.py", line 185, in _get_response
    response = wrapped_callback(request, *callback_args, **callback_kwargs)
  File "C:\Users\timig\PycharmProjects\GrabTheTrade\gtt\views.py", line 184, in tasks_statuses_by_resource
    resource = Resource.resource.filter(id__exact=request.POST['id'])
  File "C:\Python3.6.1\lib\site-packages\django\db\models\manager.py", line 85, in manager_method
    return getattr(self.get_queryset(), name)(*args, **kwargs)
  File "C:\Python3.6.1\lib\site-packages\django\db\models\query.py", line 782, in filter
    return self._filter_or_exclude(False, *args, **kwargs)
  File "C:\Python3.6.1\lib\site-packages\django\db\models\query.py", line 800, in _filter_or_exclude
    clone.query.add_q(Q(*args, **kwargs))
  File "C:\Python3.6.1\lib\site-packages\django\db\models\sql\query.py", line 1261, in add_q
    clause, _ = self._add_q(q_object, self.used_aliases)
  File "C:\Python3.6.1\lib\site-packages\django\db\models\sql\query.py", line 1287, in _add_q
    allow_joins=allow_joins, split_subq=split_subq,
  File "C:\Python3.6.1\lib\site-packages\django\db\models\sql\query.py", line 1221, in build_filter
    condition = self.build_lookup(lookups, col, value)
  File "C:\Python3.6.1\lib\site-packages\django\db\models\sql\query.py", line 1115, in build_lookup
    return final_lookup(lhs, rhs)
  File "C:\Python3.6.1\lib\site-packages\django\db\models\lookups.py", line 24, in __init__
    self.rhs = self.get_prep_lookup()
  File "C:\Python3.6.1\lib\site-packages\django\db\models\lookups.py", line 74, in get_prep_lookup
    return self.lhs.output_field.get_prep_value(self.rhs)
  File "C:\Python3.6.1\lib\site-packages\django\db\models\fields\__init__.py", line 962, in get_prep_value
    return int(value)
ValueError: invalid literal for int() with base 10: 'undefined'
Internal Server Error: /admin/operations/tasks_statuses_by_resource/
Traceback (most recent call last):
  File "C:\Python3.6.1\lib\site-packages\django\core\handlers\exception.py", line 41, in inner
    response = get_response(request)
  File "C:\Python3.6.1\lib\site-packages\django\core\handlers\base.py", line 187, in _get_response
    response = self.process_exception_by_middleware(e, request)
  File "C:\Python3.6.1\lib\site-packages\django\core\handlers\base.py", line 185, in _get_response
    response = wrapped_callback(request, *callback_args, **callback_kwargs)
  File "C:\Users\timig\PycharmProjects\GrabTheTrade\gtt\views.py", line 184, in tasks_statuses_by_resource
    resource = Resource.resource.filter(id__exact=request.POST['id'])
  File "C:\Python3.6.1\lib\site-packages\django\db\models\manager.py", line 85, in manager_method
    return getattr(self.get_queryset(), name)(*args, **kwargs)
  File "C:\Python3.6.1\lib\site-packages\django\db\models\query.py", line 782, in filter
    return self._filter_or_exclude(False, *args, **kwargs)
  File "C:\Python3.6.1\lib\site-packages\django\db\models\query.py", line 800, in _filter_or_exclude
    clone.query.add_q(Q(*args, **kwargs))
  File "C:\Python3.6.1\lib\site-packages\django\db\models\sql\query.py", line 1261, in add_q
    clause, _ = self._add_q(q_object, self.used_aliases)
  File "C:\Python3.6.1\lib\site-packages\django\db\models\sql\query.py", line 1287, in _add_q
    allow_joins=allow_joins, split_subq=split_subq,
  File "C:\Python3.6.1\lib\site-packages\django\db\models\sql\query.py", line 1221, in build_filter
    condition = self.build_lookup(lookups, col, value)
  File "C:\Python3.6.1\lib\site-packages\django\db\models\sql\query.py", line 1115, in build_lookup
    return final_lookup(lhs, rhs)
  File "C:\Python3.6.1\lib\site-packages\django\db\models\lookups.py", line 24, in __init__
    self.rhs = self.get_prep_lookup()
  File "C:\Python3.6.1\lib\site-packages\django\db\models\lookups.py", line 74, in get_prep_lookup
    return self.lhs.output_field.get_prep_value(self.rhs)
  File "C:\Python3.6.1\lib\site-packages\django\db\models\fields\__init__.py", line 962, in get_prep_value
    return int(value)
ValueError: invalid literal for int() with base 10: 'undefined'
Not Found: /favicon.ico
Not Found: /favicon.ico
Not Found: /favicon.ico
Not Found: /favicon.ico
Internal Server Error: /admin/operations/tasks_statuses_by_resource/
Traceback (most recent call last):
  File "C:\Python3.6.1\lib\site-packages\django\core\handlers\exception.py", line 41, in inner
    response = get_response(request)
  File "C:\Python3.6.1\lib\site-packages\django\core\handlers\base.py", line 187, in _get_response
    response = self.process_exception_by_middleware(e, request)
  File "C:\Python3.6.1\lib\site-packages\django\core\handlers\base.py", line 185, in _get_response
    response = wrapped_callback(request, *callback_args, **callback_kwargs)
  File "C:\Users\timig\PycharmProjects\GrabTheTrade\gtt\views.py", line 188, in tasks_statuses_by_resource
    return JsonResponse(tasks_and_statuses, safe=False)
  File "C:\Python3.6.1\lib\site-packages\django\http\response.py", line 530, in __init__
    data = json.dumps(data, cls=encoder, **json_dumps_params)
  File "C:\Python3.6.1\lib\json\__init__.py", line 238, in dumps
    **kw).encode(obj)
  File "C:\Python3.6.1\lib\json\encoder.py", line 199, in encode
    chunks = self.iterencode(o, _one_shot=True)
  File "C:\Python3.6.1\lib\json\encoder.py", line 257, in iterencode
    return _iterencode(o, 0)
  File "C:\Python3.6.1\lib\site-packages\django\core\serializers\json.py", line 121, in default
    return super(DjangoJSONEncoder, self).default(o)
  File "C:\Python3.6.1\lib\json\encoder.py", line 180, in default
    o.__class__.__name__)
TypeError: Object of type 'Task' is not JSON serializable
Internal Server Error: /admin/operations/tasks_statuses_by_resource/
Traceback (most recent call last):
  File "C:\Python3.6.1\lib\site-packages\django\core\handlers\exception.py", line 41, in inner
    response = get_response(request)
  File "C:\Python3.6.1\lib\site-packages\django\core\handlers\base.py", line 187, in _get_response
    response = self.process_exception_by_middleware(e, request)
  File "C:\Python3.6.1\lib\site-packages\django\core\handlers\base.py", line 185, in _get_response
    response = wrapped_callback(request, *callback_args, **callback_kwargs)
  File "C:\Users\timig\PycharmProjects\GrabTheTrade\gtt\views.py", line 188, in tasks_statuses_by_resource
    return JsonResponse(tasks_and_statuses, safe=False)
  File "C:\Python3.6.1\lib\site-packages\django\http\response.py", line 530, in __init__
    data = json.dumps(data, cls=encoder, **json_dumps_params)
  File "C:\Python3.6.1\lib\json\__init__.py", line 238, in dumps
    **kw).encode(obj)
  File "C:\Python3.6.1\lib\json\encoder.py", line 199, in encode
    chunks = self.iterencode(o, _one_shot=True)
  File "C:\Python3.6.1\lib\json\encoder.py", line 257, in iterencode
    return _iterencode(o, 0)
  File "C:\Python3.6.1\lib\site-packages\django\core\serializers\json.py", line 121, in default
    return super(DjangoJSONEncoder, self).default(o)
  File "C:\Python3.6.1\lib\json\encoder.py", line 180, in default
    o.__class__.__name__)
TypeError: Object of type 'Task' is not JSON serializable
Not Found: /favicon.ico
Internal Server Error: /admin/operations/tasks_statuses_by_resource/
Traceback (most recent call last):
  File "C:\Python3.6.1\lib\site-packages\django\core\handlers\exception.py", line 41, in inner
    response = get_response(request)
  File "C:\Python3.6.1\lib\site-packages\django\core\handlers\base.py", line 187, in _get_response
    response = self.process_exception_by_middleware(e, request)
  File "C:\Python3.6.1\lib\site-packages\django\core\handlers\base.py", line 185, in _get_response
    response = wrapped_callback(request, *callback_args, **callback_kwargs)
  File "C:\Users\timig\PycharmProjects\GrabTheTrade\gtt\views.py", line 188, in tasks_statuses_by_resource
    return JsonResponse(tasks_and_statuses, safe=False)
  File "C:\Python3.6.1\lib\site-packages\django\http\response.py", line 530, in __init__
    data = json.dumps(data, cls=encoder, **json_dumps_params)
  File "C:\Python3.6.1\lib\json\__init__.py", line 238, in dumps
    **kw).encode(obj)
  File "C:\Python3.6.1\lib\json\encoder.py", line 199, in encode
    chunks = self.iterencode(o, _one_shot=True)
  File "C:\Python3.6.1\lib\json\encoder.py", line 257, in iterencode
    return _iterencode(o, 0)
  File "C:\Python3.6.1\lib\site-packages\django\core\serializers\json.py", line 121, in default
    return super(DjangoJSONEncoder, self).default(o)
  File "C:\Python3.6.1\lib\json\encoder.py", line 180, in default
    o.__class__.__name__)
TypeError: Object of type 'Task' is not JSON serializable
Internal Server Error: /admin/operations/tasks_statuses_by_resource/
Traceback (most recent call last):
  File "C:\Python3.6.1\lib\site-packages\django\core\handlers\exception.py", line 41, in inner
    response = get_response(request)
  File "C:\Python3.6.1\lib\site-packages\django\core\handlers\base.py", line 187, in _get_response
    response = self.process_exception_by_middleware(e, request)
  File "C:\Python3.6.1\lib\site-packages\django\core\handlers\base.py", line 185, in _get_response
    response = wrapped_callback(request, *callback_args, **callback_kwargs)
  File "C:\Users\timig\PycharmProjects\GrabTheTrade\gtt\views.py", line 193, in tasks_statuses_by_resource
    'date_end': tas['task'].date_end.strftime("%d.%m.%Y %H:%M"),
AttributeError: 'NoneType' object has no attribute 'strftime'
Internal Server Error: /admin/operations/tasks_statuses_by_resource/
Traceback (most recent call last):
  File "C:\Python3.6.1\lib\site-packages\django\core\handlers\exception.py", line 41, in inner
    response = get_response(request)
  File "C:\Python3.6.1\lib\site-packages\django\core\handlers\base.py", line 187, in _get_response
    response = self.process_exception_by_middleware(e, request)
  File "C:\Python3.6.1\lib\site-packages\django\core\handlers\base.py", line 185, in _get_response
    response = wrapped_callback(request, *callback_args, **callback_kwargs)
  File "C:\Users\timig\PycharmProjects\GrabTheTrade\gtt\views.py", line 193, in tasks_statuses_by_resource
    'date_end': tas['task'].date_end.strftime("%d.%m.%Y %H:%M"),
AttributeError: 'NoneType' object has no attribute 'strftime'
Internal Server Error: /admin/operations/tasks_statuses_by_resource/
Traceback (most recent call last):
  File "C:\Python3.6.1\lib\site-packages\django\core\handlers\exception.py", line 41, in inner
    response = get_response(request)
  File "C:\Python3.6.1\lib\site-packages\django\core\handlers\base.py", line 187, in _get_response
    response = self.process_exception_by_middleware(e, request)
  File "C:\Python3.6.1\lib\site-packages\django\core\handlers\base.py", line 185, in _get_response
    response = wrapped_callback(request, *callback_args, **callback_kwargs)
  File "C:\Users\timig\PycharmProjects\GrabTheTrade\gtt\views.py", line 194, in tasks_statuses_by_resource
    'date_end': tas['task'].date_end.strftime("%d.%m.%Y %H:%M"),
AttributeError: 'NoneType' object has no attribute 'strftime'
Not Found: /favicon.ico
Internal Server Error: /admin/operations/tasks_statuses_by_resource/
Traceback (most recent call last):
  File "C:\Python3.6.1\lib\site-packages\django\core\handlers\exception.py", line 41, in inner
    response = get_response(request)
  File "C:\Python3.6.1\lib\site-packages\django\core\handlers\base.py", line 187, in _get_response
    response = self.process_exception_by_middleware(e, request)
  File "C:\Python3.6.1\lib\site-packages\django\core\handlers\base.py", line 185, in _get_response
    response = wrapped_callback(request, *callback_args, **callback_kwargs)
  File "C:\Users\timig\PycharmProjects\GrabTheTrade\gtt\views.py", line 194, in tasks_statuses_by_resource
    'date_end': datetime.strftime(tas['task'].date_end, "%d.%m.%Y %H:%M"),
TypeError: descriptor 'strftime' requires a 'datetime.date' object but received a 'NoneType'
Not Found: /favicon.ico
Not Found: /favicon.ico
Not Found: /favicon.ico
Not Found: /favicon.ico
Internal Server Error: /admin/operations/get_task_statuses/
Traceback (most recent call last):
  File "C:\Python3.6.1\lib\site-packages\redis\connection.py", line 126, in _read_from_socket
    data = self._sock.recv(socket_read_size)
ConnectionResetError: [WinError 10054]      

During handling of the above exception, another exception occurred:

Traceback (most recent call last):
  File "C:\Python3.6.1\lib\site-packages\redis\client.py", line 573, in execute_command
    return self.parse_response(connection, command_name, **options)
  File "C:\Python3.6.1\lib\site-packages\redis\client.py", line 585, in parse_response
    response = connection.read_response()
  File "C:\Python3.6.1\lib\site-packages\redis\connection.py", line 577, in read_response
    response = self._parser.read_response()
  File "C:\Python3.6.1\lib\site-packages\redis\connection.py", line 238, in read_response
    response = self._buffer.readline()
  File "C:\Python3.6.1\lib\site-packages\redis\connection.py", line 168, in readline
    self._read_from_socket()
  File "C:\Python3.6.1\lib\site-packages\redis\connection.py", line 143, in _read_from_socket
    (e.args,))
redis.exceptions.ConnectionError: Error while reading from socket: (10054, '     ', None, 10054, None)

During handling of the above exception, another exception occurred:

Traceback (most recent call last):
  File "C:\Python3.6.1\lib\site-packages\redis\connection.py", line 439, in connect
    sock = self._connect()
  File "C:\Python3.6.1\lib\site-packages\redis\connection.py", line 494, in _connect
    raise err
  File "C:\Python3.6.1\lib\site-packages\redis\connection.py", line 482, in _connect
    sock.connect(socket_address)
ConnectionRefusedError: [WinError 10061]   , ..      

During handling of the above exception, another exception occurred:

Traceback (most recent call last):
  File "C:\Python3.6.1\lib\site-packages\django\core\handlers\exception.py", line 41, in inner
    response = get_response(request)
  File "C:\Python3.6.1\lib\site-packages\django\core\handlers\base.py", line 187, in _get_response
    response = self.process_exception_by_middleware(e, request)
  File "C:\Python3.6.1\lib\site-packages\django\core\handlers\base.py", line 185, in _get_response
    response = wrapped_callback(request, *callback_args, **callback_kwargs)
  File "C:\Users\timig\PycharmProjects\GrabTheTrade\gtt\views.py", line 213, in get_tasks_statuses
    statuses = processes_status(tasks)
  File "C:\Users\timig\PycharmProjects\GrabTheTrade\gtt\views.py", line 33, in processes_status
    if tsk.status == 'SUCCESS':
  File "C:\Python3.6.1\lib\site-packages\celery\result.py", line 394, in state
    return self._get_task_meta()['status']
  File "C:\Python3.6.1\lib\site-packages\celery\result.py", line 339, in _get_task_meta
    return self._maybe_set_cache(self.backend.get_task_meta(self.id))
  File "C:\Python3.6.1\lib\site-packages\celery\backends\base.py", line 307, in get_task_meta
    meta = self._get_task_meta_for(task_id)
  File "C:\Python3.6.1\lib\site-packages\celery\backends\base.py", line 518, in _get_task_meta_for
    meta = self.get(self.get_key_for_task(task_id))
  File "C:\Python3.6.1\lib\site-packages\celery\backends\redis.py", line 139, in get
    return self.client.get(key)
  File "C:\Python3.6.1\lib\site-packages\redis\client.py", line 880, in get
    return self.execute_command('GET', name)
  File "C:\Python3.6.1\lib\site-packages\redis\client.py", line 578, in execute_command
    connection.send_command(*args)
  File "C:\Python3.6.1\lib\site-packages\redis\connection.py", line 563, in send_command
    self.send_packed_command(self.pack_command(*args))
  File "C:\Python3.6.1\lib\site-packages\redis\connection.py", line 538, in send_packed_command
    self.connect()
  File "C:\Python3.6.1\lib\site-packages\redis\connection.py", line 442, in connect
    raise ConnectionError(self._error_message(e))
redis.exceptions.ConnectionError: Error 10061 connecting to localhost:6379.   , ..      .
Internal Server Error: /admin/operations/get_task_statuses/
Traceback (most recent call last):
  File "C:\Python3.6.1\lib\site-packages\redis\connection.py", line 126, in _read_from_socket
    data = self._sock.recv(socket_read_size)
ConnectionResetError: [WinError 10054]      

During handling of the above exception, another exception occurred:

Traceback (most recent call last):
  File "C:\Python3.6.1\lib\site-packages\redis\client.py", line 573, in execute_command
    return self.parse_response(connection, command_name, **options)
  File "C:\Python3.6.1\lib\site-packages\redis\client.py", line 585, in parse_response
    response = connection.read_response()
  File "C:\Python3.6.1\lib\site-packages\redis\connection.py", line 577, in read_response
    response = self._parser.read_response()
  File "C:\Python3.6.1\lib\site-packages\redis\connection.py", line 238, in read_response
    response = self._buffer.readline()
  File "C:\Python3.6.1\lib\site-packages\redis\connection.py", line 168, in readline
    self._read_from_socket()
  File "C:\Python3.6.1\lib\site-packages\redis\connection.py", line 143, in _read_from_socket
    (e.args,))
redis.exceptions.ConnectionError: Error while reading from socket: (10054, '     ', None, 10054, None)

During handling of the above exception, another exception occurred:

Traceback (most recent call last):
  File "C:\Python3.6.1\lib\site-packages\redis\connection.py", line 439, in connect
    sock = self._connect()
  File "C:\Python3.6.1\lib\site-packages\redis\connection.py", line 494, in _connect
    raise err
  File "C:\Python3.6.1\lib\site-packages\redis\connection.py", line 482, in _connect
    sock.connect(socket_address)
ConnectionRefusedError: [WinError 10061]   , ..      

During handling of the above exception, another exception occurred:

Traceback (most recent call last):
  File "C:\Python3.6.1\lib\site-packages\django\core\handlers\exception.py", line 41, in inner
    response = get_response(request)
  File "C:\Python3.6.1\lib\site-packages\django\core\handlers\base.py", line 187, in _get_response
    response = self.process_exception_by_middleware(e, request)
  File "C:\Python3.6.1\lib\site-packages\django\core\handlers\base.py", line 185, in _get_response
    response = wrapped_callback(request, *callback_args, **callback_kwargs)
  File "C:\Users\timig\PycharmProjects\GrabTheTrade\gtt\views.py", line 213, in get_tasks_statuses
    statuses = processes_status(tasks)
  File "C:\Users\timig\PycharmProjects\GrabTheTrade\gtt\views.py", line 32, in processes_status
    print(tsk.status)
  File "C:\Python3.6.1\lib\site-packages\celery\result.py", line 394, in state
    return self._get_task_meta()['status']
  File "C:\Python3.6.1\lib\site-packages\celery\result.py", line 339, in _get_task_meta
    return self._maybe_set_cache(self.backend.get_task_meta(self.id))
  File "C:\Python3.6.1\lib\site-packages\celery\backends\base.py", line 307, in get_task_meta
    meta = self._get_task_meta_for(task_id)
  File "C:\Python3.6.1\lib\site-packages\celery\backends\base.py", line 518, in _get_task_meta_for
    meta = self.get(self.get_key_for_task(task_id))
  File "C:\Python3.6.1\lib\site-packages\celery\backends\redis.py", line 139, in get
    return self.client.get(key)
  File "C:\Python3.6.1\lib\site-packages\redis\client.py", line 880, in get
    return self.execute_command('GET', name)
  File "C:\Python3.6.1\lib\site-packages\redis\client.py", line 578, in execute_command
    connection.send_command(*args)
  File "C:\Python3.6.1\lib\site-packages\redis\connection.py", line 563, in send_command
    self.send_packed_command(self.pack_command(*args))
  File "C:\Python3.6.1\lib\site-packages\redis\connection.py", line 538, in send_packed_command
    self.connect()
  File "C:\Python3.6.1\lib\site-packages\redis\connection.py", line 442, in connect
    raise ConnectionError(self._error_message(e))
redis.exceptions.ConnectionError: Error 10061 connecting to localhost:6379.   , ..      .
Internal Server Error: /admin/operations/get_task_statuses/
Traceback (most recent call last):
  File "C:\Python3.6.1\lib\site-packages\redis\connection.py", line 126, in _read_from_socket
    data = self._sock.recv(socket_read_size)
ConnectionResetError: [WinError 10054]      

During handling of the above exception, another exception occurred:

Traceback (most recent call last):
  File "C:\Python3.6.1\lib\site-packages\redis\client.py", line 573, in execute_command
    return self.parse_response(connection, command_name, **options)
  File "C:\Python3.6.1\lib\site-packages\redis\client.py", line 585, in parse_response
    response = connection.read_response()
  File "C:\Python3.6.1\lib\site-packages\redis\connection.py", line 577, in read_response
    response = self._parser.read_response()
  File "C:\Python3.6.1\lib\site-packages\redis\connection.py", line 238, in read_response
    response = self._buffer.readline()
  File "C:\Python3.6.1\lib\site-packages\redis\connection.py", line 168, in readline
    self._read_from_socket()
  File "C:\Python3.6.1\lib\site-packages\redis\connection.py", line 143, in _read_from_socket
    (e.args,))
redis.exceptions.ConnectionError: Error while reading from socket: (10054, '     ', None, 10054, None)

During handling of the above exception, another exception occurred:

Traceback (most recent call last):
  File "C:\Python3.6.1\lib\site-packages\redis\connection.py", line 439, in connect
    sock = self._connect()
  File "C:\Python3.6.1\lib\site-packages\redis\connection.py", line 494, in _connect
    raise err
  File "C:\Python3.6.1\lib\site-packages\redis\connection.py", line 482, in _connect
    sock.connect(socket_address)
ConnectionRefusedError: [WinError 10061]   , ..      

During handling of the above exception, another exception occurred:

Traceback (most recent call last):
  File "C:\Python3.6.1\lib\site-packages\django\core\handlers\exception.py", line 41, in inner
    response = get_response(request)
  File "C:\Python3.6.1\lib\site-packages\django\core\handlers\base.py", line 187, in _get_response
    response = self.process_exception_by_middleware(e, request)
  File "C:\Python3.6.1\lib\site-packages\django\core\handlers\base.py", line 185, in _get_response
    response = wrapped_callback(request, *callback_args, **callback_kwargs)
  File "C:\Users\timig\PycharmProjects\GrabTheTrade\gtt\views.py", line 213, in get_tasks_statuses
    statuses = processes_status(tasks)
  File "C:\Users\timig\PycharmProjects\GrabTheTrade\gtt\views.py", line 32, in processes_status
    print(tsk.status)
  File "C:\Python3.6.1\lib\site-packages\celery\result.py", line 394, in state
    return self._get_task_meta()['status']
  File "C:\Python3.6.1\lib\site-packages\celery\result.py", line 339, in _get_task_meta
    return self._maybe_set_cache(self.backend.get_task_meta(self.id))
  File "C:\Python3.6.1\lib\site-packages\celery\backends\base.py", line 307, in get_task_meta
    meta = self._get_task_meta_for(task_id)
  File "C:\Python3.6.1\lib\site-packages\celery\backends\base.py", line 518, in _get_task_meta_for
    meta = self.get(self.get_key_for_task(task_id))
  File "C:\Python3.6.1\lib\site-packages\celery\backends\redis.py", line 139, in get
    return self.client.get(key)
  File "C:\Python3.6.1\lib\site-packages\redis\client.py", line 880, in get
    return self.execute_command('GET', name)
  File "C:\Python3.6.1\lib\site-packages\redis\client.py", line 578, in execute_command
    connection.send_command(*args)
  File "C:\Python3.6.1\lib\site-packages\redis\connection.py", line 563, in send_command
    self.send_packed_command(self.pack_command(*args))
  File "C:\Python3.6.1\lib\site-packages\redis\connection.py", line 538, in send_packed_command
    self.connect()
  File "C:\Python3.6.1\lib\site-packages\redis\connection.py", line 442, in connect
    raise ConnectionError(self._error_message(e))
redis.exceptions.ConnectionError: Error 10061 connecting to localhost:6379.   , ..      .
Internal Server Error: /admin/operations/get_task_statuses/
Traceback (most recent call last):
  File "C:\Python3.6.1\lib\site-packages\redis\connection.py", line 126, in _read_from_socket
    data = self._sock.recv(socket_read_size)
ConnectionResetError: [WinError 10054]      

During handling of the above exception, another exception occurred:

Traceback (most recent call last):
  File "C:\Python3.6.1\lib\site-packages\redis\client.py", line 573, in execute_command
    return self.parse_response(connection, command_name, **options)
  File "C:\Python3.6.1\lib\site-packages\redis\client.py", line 585, in parse_response
    response = connection.read_response()
  File "C:\Python3.6.1\lib\site-packages\redis\connection.py", line 577, in read_response
    response = self._parser.read_response()
  File "C:\Python3.6.1\lib\site-packages\redis\connection.py", line 238, in read_response
    response = self._buffer.readline()
  File "C:\Python3.6.1\lib\site-packages\redis\connection.py", line 168, in readline
    self._read_from_socket()
  File "C:\Python3.6.1\lib\site-packages\redis\connection.py", line 143, in _read_from_socket
    (e.args,))
redis.exceptions.ConnectionError: Error while reading from socket: (10054, '     ', None, 10054, None)

During handling of the above exception, another exception occurred:

Traceback (most recent call last):
  File "C:\Python3.6.1\lib\site-packages\redis\connection.py", line 439, in connect
    sock = self._connect()
  File "C:\Python3.6.1\lib\site-packages\redis\connection.py", line 494, in _connect
    raise err
  File "C:\Python3.6.1\lib\site-packages\redis\connection.py", line 482, in _connect
    sock.connect(socket_address)
ConnectionRefusedError: [WinError 10061]   , ..      

During handling of the above exception, another exception occurred:

Traceback (most recent call last):
  File "C:\Python3.6.1\lib\site-packages\django\core\handlers\exception.py", line 41, in inner
    response = get_response(request)
  File "C:\Python3.6.1\lib\site-packages\django\core\handlers\base.py", line 187, in _get_response
    response = self.process_exception_by_middleware(e, request)
  File "C:\Python3.6.1\lib\site-packages\django\core\handlers\base.py", line 185, in _get_response
    response = wrapped_callback(request, *callback_args, **callback_kwargs)
  File "C:\Users\timig\PycharmProjects\GrabTheTrade\gtt\views.py", line 213, in get_tasks_statuses
    statuses = processes_status(tasks)
  File "C:\Users\timig\PycharmProjects\GrabTheTrade\gtt\views.py", line 33, in processes_status
    if tsk.status == 'SUCCESS':
  File "C:\Python3.6.1\lib\site-packages\celery\result.py", line 394, in state
    return self._get_task_meta()['status']
  File "C:\Python3.6.1\lib\site-packages\celery\result.py", line 339, in _get_task_meta
    return self._maybe_set_cache(self.backend.get_task_meta(self.id))
  File "C:\Python3.6.1\lib\site-packages\celery\backends\base.py", line 307, in get_task_meta
    meta = self._get_task_meta_for(task_id)
  File "C:\Python3.6.1\lib\site-packages\celery\backends\base.py", line 518, in _get_task_meta_for
    meta = self.get(self.get_key_for_task(task_id))
  File "C:\Python3.6.1\lib\site-packages\celery\backends\redis.py", line 139, in get
    return self.client.get(key)
  File "C:\Python3.6.1\lib\site-packages\redis\client.py", line 880, in get
    return self.execute_command('GET', name)
  File "C:\Python3.6.1\lib\site-packages\redis\client.py", line 578, in execute_command
    connection.send_command(*args)
  File "C:\Python3.6.1\lib\site-packages\redis\connection.py", line 563, in send_command
    self.send_packed_command(self.pack_command(*args))
  File "C:\Python3.6.1\lib\site-packages\redis\connection.py", line 538, in send_packed_command
    self.connect()
  File "C:\Python3.6.1\lib\site-packages\redis\connection.py", line 442, in connect
    raise ConnectionError(self._error_message(e))
redis.exceptions.ConnectionError: Error 10061 connecting to localhost:6379.   , ..      .
Internal Server Error: /admin/operations/get_task_statuses/
Traceback (most recent call last):
  File "C:\Python3.6.1\lib\site-packages\redis\connection.py", line 126, in _read_from_socket
    data = self._sock.recv(socket_read_size)
ConnectionResetError: [WinError 10054]      

During handling of the above exception, another exception occurred:

Traceback (most recent call last):
  File "C:\Python3.6.1\lib\site-packages\redis\client.py", line 573, in execute_command
    return self.parse_response(connection, command_name, **options)
  File "C:\Python3.6.1\lib\site-packages\redis\client.py", line 585, in parse_response
    response = connection.read_response()
  File "C:\Python3.6.1\lib\site-packages\redis\connection.py", line 577, in read_response
    response = self._parser.read_response()
  File "C:\Python3.6.1\lib\site-packages\redis\connection.py", line 238, in read_response
    response = self._buffer.readline()
  File "C:\Python3.6.1\lib\site-packages\redis\connection.py", line 168, in readline
    self._read_from_socket()
  File "C:\Python3.6.1\lib\site-packages\redis\connection.py", line 143, in _read_from_socket
    (e.args,))
redis.exceptions.ConnectionError: Error while reading from socket: (10054, '     ', None, 10054, None)

During handling of the above exception, another exception occurred:

Traceback (most recent call last):
  File "C:\Python3.6.1\lib\site-packages\redis\connection.py", line 439, in connect
    sock = self._connect()
  File "C:\Python3.6.1\lib\site-packages\redis\connection.py", line 494, in _connect
    raise err
  File "C:\Python3.6.1\lib\site-packages\redis\connection.py", line 482, in _connect
    sock.connect(socket_address)
ConnectionRefusedError: [WinError 10061]   , ..      

During handling of the above exception, another exception occurred:

Traceback (most recent call last):
  File "C:\Python3.6.1\lib\site-packages\django\core\handlers\exception.py", line 41, in inner
    response = get_response(request)
  File "C:\Python3.6.1\lib\site-packages\django\core\handlers\base.py", line 187, in _get_response
    response = self.process_exception_by_middleware(e, request)
  File "C:\Python3.6.1\lib\site-packages\django\core\handlers\base.py", line 185, in _get_response
    response = wrapped_callback(request, *callback_args, **callback_kwargs)
  File "C:\Users\timig\PycharmProjects\GrabTheTrade\gtt\views.py", line 213, in get_tasks_statuses
    statuses = processes_status(tasks)
  File "C:\Users\timig\PycharmProjects\GrabTheTrade\gtt\views.py", line 32, in processes_status
    print(tsk.status)
  File "C:\Python3.6.1\lib\site-packages\celery\result.py", line 394, in state
    return self._get_task_meta()['status']
  File "C:\Python3.6.1\lib\site-packages\celery\result.py", line 339, in _get_task_meta
    return self._maybe_set_cache(self.backend.get_task_meta(self.id))
  File "C:\Python3.6.1\lib\site-packages\celery\backends\base.py", line 307, in get_task_meta
    meta = self._get_task_meta_for(task_id)
  File "C:\Python3.6.1\lib\site-packages\celery\backends\base.py", line 518, in _get_task_meta_for
    meta = self.get(self.get_key_for_task(task_id))
  File "C:\Python3.6.1\lib\site-packages\celery\backends\redis.py", line 139, in get
    return self.client.get(key)
  File "C:\Python3.6.1\lib\site-packages\redis\client.py", line 880, in get
    return self.execute_command('GET', name)
  File "C:\Python3.6.1\lib\site-packages\redis\client.py", line 578, in execute_command
    connection.send_command(*args)
  File "C:\Python3.6.1\lib\site-packages\redis\connection.py", line 563, in send_command
    self.send_packed_command(self.pack_command(*args))
  File "C:\Python3.6.1\lib\site-packages\redis\connection.py", line 538, in send_packed_command
    self.connect()
  File "C:\Python3.6.1\lib\site-packages\redis\connection.py", line 442, in connect
    raise ConnectionError(self._error_message(e))
redis.exceptions.ConnectionError: Error 10061 connecting to localhost:6379.   , ..      .
Internal Server Error: /admin/operations/get_task_statuses/
Traceback (most recent call last):
  File "C:\Python3.6.1\lib\site-packages\redis\connection.py", line 126, in _read_from_socket
    data = self._sock.recv(socket_read_size)
ConnectionResetError: [WinError 10054]      

During handling of the above exception, another exception occurred:

Traceback (most recent call last):
  File "C:\Python3.6.1\lib\site-packages\redis\client.py", line 573, in execute_command
    return self.parse_response(connection, command_name, **options)
  File "C:\Python3.6.1\lib\site-packages\redis\client.py", line 585, in parse_response
    response = connection.read_response()
  File "C:\Python3.6.1\lib\site-packages\redis\connection.py", line 577, in read_response
    response = self._parser.read_response()
  File "C:\Python3.6.1\lib\site-packages\redis\connection.py", line 238, in read_response
    response = self._buffer.readline()
  File "C:\Python3.6.1\lib\site-packages\redis\connection.py", line 168, in readline
    self._read_from_socket()
  File "C:\Python3.6.1\lib\site-packages\redis\connection.py", line 143, in _read_from_socket
    (e.args,))
redis.exceptions.ConnectionError: Error while reading from socket: (10054, '     ', None, 10054, None)

During handling of the above exception, another exception occurred:

Traceback (most recent call last):
  File "C:\Python3.6.1\lib\site-packages\redis\connection.py", line 439, in connect
    sock = self._connect()
  File "C:\Python3.6.1\lib\site-packages\redis\connection.py", line 494, in _connect
    raise err
  File "C:\Python3.6.1\lib\site-packages\redis\connection.py", line 482, in _connect
    sock.connect(socket_address)
ConnectionRefusedError: [WinError 10061]   , ..      

During handling of the above exception, another exception occurred:

Traceback (most recent call last):
  File "C:\Python3.6.1\lib\site-packages\django\core\handlers\exception.py", line 41, in inner
    response = get_response(request)
  File "C:\Python3.6.1\lib\site-packages\django\core\handlers\base.py", line 187, in _get_response
    response = self.process_exception_by_middleware(e, request)
  File "C:\Python3.6.1\lib\site-packages\django\core\handlers\base.py", line 185, in _get_response
    response = wrapped_callback(request, *callback_args, **callback_kwargs)
  File "C:\Users\timig\PycharmProjects\GrabTheTrade\gtt\views.py", line 213, in get_tasks_statuses
    statuses = processes_status(tasks)
  File "C:\Users\timig\PycharmProjects\GrabTheTrade\gtt\views.py", line 33, in processes_status
    if tsk.status == 'SUCCESS':
  File "C:\Python3.6.1\lib\site-packages\celery\result.py", line 394, in state
    return self._get_task_meta()['status']
  File "C:\Python3.6.1\lib\site-packages\celery\result.py", line 339, in _get_task_meta
    return self._maybe_set_cache(self.backend.get_task_meta(self.id))
  File "C:\Python3.6.1\lib\site-packages\celery\backends\base.py", line 307, in get_task_meta
    meta = self._get_task_meta_for(task_id)
  File "C:\Python3.6.1\lib\site-packages\celery\backends\base.py", line 518, in _get_task_meta_for
    meta = self.get(self.get_key_for_task(task_id))
  File "C:\Python3.6.1\lib\site-packages\celery\backends\redis.py", line 139, in get
    return self.client.get(key)
  File "C:\Python3.6.1\lib\site-packages\redis\client.py", line 880, in get
    return self.execute_command('GET', name)
  File "C:\Python3.6.1\lib\site-packages\redis\client.py", line 578, in execute_command
    connection.send_command(*args)
  File "C:\Python3.6.1\lib\site-packages\redis\connection.py", line 563, in send_command
    self.send_packed_command(self.pack_command(*args))
  File "C:\Python3.6.1\lib\site-packages\redis\connection.py", line 538, in send_packed_command
    self.connect()
  File "C:\Python3.6.1\lib\site-packages\redis\connection.py", line 442, in connect
    raise ConnectionError(self._error_message(e))
redis.exceptions.ConnectionError: Error 10061 connecting to localhost:6379.   , ..      .
Internal Server Error: /admin/operations/get_task_statuses/
Traceback (most recent call last):
  File "C:\Python3.6.1\lib\site-packages\redis\connection.py", line 126, in _read_from_socket
    data = self._sock.recv(socket_read_size)
ConnectionResetError: [WinError 10054]      

During handling of the above exception, another exception occurred:

Traceback (most recent call last):
  File "C:\Python3.6.1\lib\site-packages\redis\client.py", line 573, in execute_command
    return self.parse_response(connection, command_name, **options)
  File "C:\Python3.6.1\lib\site-packages\redis\client.py", line 585, in parse_response
    response = connection.read_response()
  File "C:\Python3.6.1\lib\site-packages\redis\connection.py", line 577, in read_response
    response = self._parser.read_response()
  File "C:\Python3.6.1\lib\site-packages\redis\connection.py", line 238, in read_response
    response = self._buffer.readline()
  File "C:\Python3.6.1\lib\site-packages\redis\connection.py", line 168, in readline
    self._read_from_socket()
  File "C:\Python3.6.1\lib\site-packages\redis\connection.py", line 143, in _read_from_socket
    (e.args,))
redis.exceptions.ConnectionError: Error while reading from socket: (10054, '     ', None, 10054, None)

During handling of the above exception, another exception occurred:

Traceback (most recent call last):
  File "C:\Python3.6.1\lib\site-packages\redis\connection.py", line 439, in connect
    sock = self._connect()
  File "C:\Python3.6.1\lib\site-packages\redis\connection.py", line 494, in _connect
    raise err
  File "C:\Python3.6.1\lib\site-packages\redis\connection.py", line 482, in _connect
    sock.connect(socket_address)
ConnectionRefusedError: [WinError 10061]   , ..      

During handling of the above exception, another exception occurred:

Traceback (most recent call last):
  File "C:\Python3.6.1\lib\site-packages\django\core\handlers\exception.py", line 41, in inner
    response = get_response(request)
  File "C:\Python3.6.1\lib\site-packages\django\core\handlers\base.py", line 187, in _get_response
    response = self.process_exception_by_middleware(e, request)
  File "C:\Python3.6.1\lib\site-packages\django\core\handlers\base.py", line 185, in _get_response
    response = wrapped_callback(request, *callback_args, **callback_kwargs)
  File "C:\Users\timig\PycharmProjects\GrabTheTrade\gtt\views.py", line 213, in get_tasks_statuses
    statuses = processes_status(tasks)
  File "C:\Users\timig\PycharmProjects\GrabTheTrade\gtt\views.py", line 32, in processes_status
    print(tsk.status)
  File "C:\Python3.6.1\lib\site-packages\celery\result.py", line 394, in state
    return self._get_task_meta()['status']
  File "C:\Python3.6.1\lib\site-packages\celery\result.py", line 339, in _get_task_meta
    return self._maybe_set_cache(self.backend.get_task_meta(self.id))
  File "C:\Python3.6.1\lib\site-packages\celery\backends\base.py", line 307, in get_task_meta
    meta = self._get_task_meta_for(task_id)
  File "C:\Python3.6.1\lib\site-packages\celery\backends\base.py", line 518, in _get_task_meta_for
    meta = self.get(self.get_key_for_task(task_id))
  File "C:\Python3.6.1\lib\site-packages\celery\backends\redis.py", line 139, in get
    return self.client.get(key)
  File "C:\Python3.6.1\lib\site-packages\redis\client.py", line 880, in get
    return self.execute_command('GET', name)
  File "C:\Python3.6.1\lib\site-packages\redis\client.py", line 578, in execute_command
    connection.send_command(*args)
  File "C:\Python3.6.1\lib\site-packages\redis\connection.py", line 563, in send_command
    self.send_packed_command(self.pack_command(*args))
  File "C:\Python3.6.1\lib\site-packages\redis\connection.py", line 538, in send_packed_command
    self.connect()
  File "C:\Python3.6.1\lib\site-packages\redis\connection.py", line 442, in connect
    raise ConnectionError(self._error_message(e))
redis.exceptions.ConnectionError: Error 10061 connecting to localhost:6379.   , ..      .
Internal Server Error: /admin/operations/parsing/
Traceback (most recent call last):
  File "C:\Python3.6.1\lib\site-packages\redis\connection.py", line 126, in _read_from_socket
    data = self._sock.recv(socket_read_size)
ConnectionResetError: [WinError 10054]      

During handling of the above exception, another exception occurred:

Traceback (most recent call last):
  File "C:\Python3.6.1\lib\site-packages\redis\client.py", line 573, in execute_command
    return self.parse_response(connection, command_name, **options)
  File "C:\Python3.6.1\lib\site-packages\redis\client.py", line 585, in parse_response
    response = connection.read_response()
  File "C:\Python3.6.1\lib\site-packages\redis\connection.py", line 577, in read_response
    response = self._parser.read_response()
  File "C:\Python3.6.1\lib\site-packages\redis\connection.py", line 238, in read_response
    response = self._buffer.readline()
  File "C:\Python3.6.1\lib\site-packages\redis\connection.py", line 168, in readline
    self._read_from_socket()
  File "C:\Python3.6.1\lib\site-packages\redis\connection.py", line 143, in _read_from_socket
    (e.args,))
redis.exceptions.ConnectionError: Error while reading from socket: (10054, '     ', None, 10054, None)

During handling of the above exception, another exception occurred:

Traceback (most recent call last):
  File "C:\Python3.6.1\lib\site-packages\redis\connection.py", line 439, in connect
    sock = self._connect()
  File "C:\Python3.6.1\lib\site-packages\redis\connection.py", line 494, in _connect
    raise err
  File "C:\Python3.6.1\lib\site-packages\redis\connection.py", line 482, in _connect
    sock.connect(socket_address)
ConnectionRefusedError: [WinError 10061]   , ..      

During handling of the above exception, another exception occurred:

Traceback (most recent call last):
  File "C:\Python3.6.1\lib\site-packages\django\core\handlers\exception.py", line 41, in inner
    response = get_response(request)
  File "C:\Python3.6.1\lib\site-packages\django\core\handlers\base.py", line 187, in _get_response
    response = self.process_exception_by_middleware(e, request)
  File "C:\Python3.6.1\lib\site-packages\django\core\handlers\base.py", line 185, in _get_response
    response = wrapped_callback(request, *callback_args, **callback_kwargs)
  File "C:\Users\timig\PycharmProjects\GrabTheTrade\gtt\views.py", line 60, in parsing
    data.grab_the_site(resource[0])
  File "C:\Users\timig\PycharmProjects\GrabTheTrade\gtt\models.py", line 202, in grab_the_site
    if regulator.status != 'SUCCESS':
  File "C:\Python3.6.1\lib\site-packages\celery\result.py", line 394, in state
    return self._get_task_meta()['status']
  File "C:\Python3.6.1\lib\site-packages\celery\result.py", line 339, in _get_task_meta
    return self._maybe_set_cache(self.backend.get_task_meta(self.id))
  File "C:\Python3.6.1\lib\site-packages\celery\backends\base.py", line 307, in get_task_meta
    meta = self._get_task_meta_for(task_id)
  File "C:\Python3.6.1\lib\site-packages\celery\backends\base.py", line 518, in _get_task_meta_for
    meta = self.get(self.get_key_for_task(task_id))
  File "C:\Python3.6.1\lib\site-packages\celery\backends\redis.py", line 139, in get
    return self.client.get(key)
  File "C:\Python3.6.1\lib\site-packages\redis\client.py", line 880, in get
    return self.execute_command('GET', name)
  File "C:\Python3.6.1\lib\site-packages\redis\client.py", line 578, in execute_command
    connection.send_command(*args)
  File "C:\Python3.6.1\lib\site-packages\redis\connection.py", line 563, in send_command
    self.send_packed_command(self.pack_command(*args))
  File "C:\Python3.6.1\lib\site-packages\redis\connection.py", line 538, in send_packed_command
    self.connect()
  File "C:\Python3.6.1\lib\site-packages\redis\connection.py", line 442, in connect
    raise ConnectionError(self._error_message(e))
redis.exceptions.ConnectionError: Error 10061 connecting to localhost:6379.   , ..      .
Internal Server Error: /admin/operations/parsing/
Traceback (most recent call last):
  File "C:\Python3.6.1\lib\site-packages\django\core\handlers\exception.py", line 41, in inner
    response = get_response(request)
  File "C:\Python3.6.1\lib\site-packages\django\core\handlers\base.py", line 187, in _get_response
    response = self.process_exception_by_middleware(e, request)
  File "C:\Python3.6.1\lib\site-packages\django\core\handlers\base.py", line 185, in _get_response
    response = wrapped_callback(request, *callback_args, **callback_kwargs)
  File "C:\Users\timig\PycharmProjects\GrabTheTrade\gtt\views.py", line 59, in parsing
    data.grab_the_site(resource[0])
  File "C:\Users\timig\PycharmProjects\GrabTheTrade\gtt\models.py", line 149, in grab_the_site
    params.append([x for x in range(int(param[0]), int(param[1]), int(param[2]))])
IndexError: string index out of range
Internal Server Error: /admin/operations/parsing/
Traceback (most recent call last):
  File "C:\Python3.6.1\lib\site-packages\django\core\handlers\exception.py", line 41, in inner
    response = get_response(request)
  File "C:\Python3.6.1\lib\site-packages\django\core\handlers\base.py", line 187, in _get_response
    response = self.process_exception_by_middleware(e, request)
  File "C:\Python3.6.1\lib\site-packages\django\core\handlers\base.py", line 185, in _get_response
    response = wrapped_callback(request, *callback_args, **callback_kwargs)
  File "C:\Users\timig\PycharmProjects\GrabTheTrade\gtt\views.py", line 59, in parsing
    data.grab_the_site(resource[0])
  File "C:\Users\timig\PycharmProjects\GrabTheTrade\gtt\models.py", line 149, in grab_the_site
    params.append([x for x in range(int(param[0]), int(param[1]), int(param[2]))])
IndexError: string index out of range
Not Found: /favicon.ico
Internal Server Error: /admin/operations/parsing/
Traceback (most recent call last):
  File "C:\Python3.6.1\lib\site-packages\django\core\handlers\exception.py", line 41, in inner
    response = get_response(request)
  File "C:\Python3.6.1\lib\site-packages\django\core\handlers\base.py", line 187, in _get_response
    response = self.process_exception_by_middleware(e, request)
  File "C:\Python3.6.1\lib\site-packages\django\core\handlers\base.py", line 185, in _get_response
    response = wrapped_callback(request, *callback_args, **callback_kwargs)
  File "C:\Users\timig\PycharmProjects\GrabTheTrade\gtt\views.py", line 59, in parsing
    data.grab_the_site(resource[0])
  File "C:\Users\timig\PycharmProjects\GrabTheTrade\gtt\models.py", line 151, in grab_the_site
    params.append([x for x in range(x1, x2, param[2])])
IndexError: list index out of range
Not Found: /favicon.ico
Internal Server Error: /admin/operations/parsing/
Traceback (most recent call last):
  File "C:\Python3.6.1\lib\site-packages\django\core\handlers\exception.py", line 41, in inner
    response = get_response(request)
  File "C:\Python3.6.1\lib\site-packages\django\core\handlers\base.py", line 187, in _get_response
    response = self.process_exception_by_middleware(e, request)
  File "C:\Python3.6.1\lib\site-packages\django\core\handlers\base.py", line 185, in _get_response
    response = wrapped_callback(request, *callback_args, **callback_kwargs)
  File "C:\Users\timig\PycharmProjects\GrabTheTrade\gtt\views.py", line 59, in parsing
    data.grab_the_site(resource[0])
  File "C:\Users\timig\PycharmProjects\GrabTheTrade\gtt\models.py", line 150, in grab_the_site
    x1, x2, x3 = param[0], param[1], param[3]
IndexError: list index out of range
Internal Server Error: /admin/operations/parsing/
Traceback (most recent call last):
  File "C:\Python3.6.1\lib\site-packages\django\core\handlers\exception.py", line 41, in inner
    response = get_response(request)
  File "C:\Python3.6.1\lib\site-packages\django\core\handlers\base.py", line 187, in _get_response
    response = self.process_exception_by_middleware(e, request)
  File "C:\Python3.6.1\lib\site-packages\django\core\handlers\base.py", line 185, in _get_response
    response = wrapped_callback(request, *callback_args, **callback_kwargs)
  File "C:\Users\timig\PycharmProjects\GrabTheTrade\gtt\views.py", line 59, in parsing
    data.grab_the_site(resource[0])
  File "C:\Users\timig\PycharmProjects\GrabTheTrade\gtt\models.py", line 150, in grab_the_site
    x1, x2, x3 = param[0], param[1], param[3]
IndexError: list index out of range
Internal Server Error: /admin/operations/parsing/
Traceback (most recent call last):
  File "C:\Python3.6.1\lib\site-packages\django\core\handlers\exception.py", line 41, in inner
    response = get_response(request)
  File "C:\Python3.6.1\lib\site-packages\django\core\handlers\base.py", line 187, in _get_response
    response = self.process_exception_by_middleware(e, request)
  File "C:\Python3.6.1\lib\site-packages\django\core\handlers\base.py", line 185, in _get_response
    response = wrapped_callback(request, *callback_args, **callback_kwargs)
  File "C:\Users\timig\PycharmProjects\GrabTheTrade\gtt\views.py", line 59, in parsing
    data.grab_the_site(resource[0])
  File "C:\Users\timig\PycharmProjects\GrabTheTrade\gtt\models.py", line 151, in grab_the_site
    x1, x2, x3 = param[0], param[1], param[3]
IndexError: list index out of range
Internal Server Error: /admin/operations/parsing/
Traceback (most recent call last):
  File "C:\Python3.6.1\lib\site-packages\django\core\handlers\exception.py", line 41, in inner
    response = get_response(request)
  File "C:\Python3.6.1\lib\site-packages\django\core\handlers\base.py", line 187, in _get_response
    response = self.process_exception_by_middleware(e, request)
  File "C:\Python3.6.1\lib\site-packages\django\core\handlers\base.py", line 185, in _get_response
    response = wrapped_callback(request, *callback_args, **callback_kwargs)
  File "C:\Users\timig\PycharmProjects\GrabTheTrade\gtt\views.py", line 59, in parsing
    data.grab_the_site(resource[0])
  File "C:\Users\timig\PycharmProjects\GrabTheTrade\gtt\models.py", line 152, in grab_the_site
    x1, x2, x3 = param[0], param[1], param[3]
IndexError: list index out of range
Internal Server Error: /admin/operations/parsing/
Traceback (most recent call last):
  File "C:\Python3.6.1\lib\site-packages\django\core\handlers\exception.py", line 41, in inner
    response = get_response(request)
  File "C:\Python3.6.1\lib\site-packages\django\core\handlers\base.py", line 187, in _get_response
    response = self.process_exception_by_middleware(e, request)
  File "C:\Python3.6.1\lib\site-packages\django\core\handlers\base.py", line 185, in _get_response
    response = wrapped_callback(request, *callback_args, **callback_kwargs)
  File "C:\Users\timig\PycharmProjects\GrabTheTrade\gtt\views.py", line 59, in parsing
    data.grab_the_site(resource[0])
  File "C:\Users\timig\PycharmProjects\GrabTheTrade\gtt\models.py", line 152, in grab_the_site
    x1, x2, x3 = par[0], par[1], par[3]
IndexError: list index out of range
Internal Server Error: /admin/operations/parsing/
Traceback (most recent call last):
  File "C:\Python3.6.1\lib\site-packages\django\core\handlers\exception.py", line 41, in inner
    response = get_response(request)
  File "C:\Python3.6.1\lib\site-packages\django\core\handlers\base.py", line 187, in _get_response
    response = self.process_exception_by_middleware(e, request)
  File "C:\Python3.6.1\lib\site-packages\django\core\handlers\base.py", line 185, in _get_response
    response = wrapped_callback(request, *callback_args, **callback_kwargs)
  File "C:\Users\timig\PycharmProjects\GrabTheTrade\gtt\views.py", line 59, in parsing
    data.grab_the_site(resource[0])
  File "C:\Users\timig\PycharmProjects\GrabTheTrade\gtt\models.py", line 152, in grab_the_site
    x1, x2, x3 = par[0], par[1], par[3]
IndexError: list index out of range
Not Found: /favicon.ico
Internal Server Error: /admin/operations/get_task_statuses/
Traceback (most recent call last):
  File "C:\Python3.6.1\lib\site-packages\django\core\handlers\exception.py", line 41, in inner
    response = get_response(request)
  File "C:\Python3.6.1\lib\site-packages\django\core\handlers\base.py", line 187, in _get_response
    response = self.process_exception_by_middleware(e, request)
  File "C:\Python3.6.1\lib\site-packages\django\core\handlers\base.py", line 185, in _get_response
    response = wrapped_callback(request, *callback_args, **callback_kwargs)
  File "C:\Users\timig\PycharmProjects\GrabTheTrade\gtt\views.py", line 212, in get_tasks_statuses
    statuses = processes_status(tasks)
  File "C:\Users\timig\PycharmProjects\GrabTheTrade\gtt\views.py", line 34, in processes_status
    status = count_success*100//len(bodys)
ZeroDivisionError: integer division or modulo by zero
Internal Server Error: /admin/operations/get_task_statuses/
Traceback (most recent call last):
  File "C:\Python3.6.1\lib\site-packages\django\core\handlers\exception.py", line 41, in inner
    response = get_response(request)
  File "C:\Python3.6.1\lib\site-packages\django\core\handlers\base.py", line 187, in _get_response
    response = self.process_exception_by_middleware(e, request)
  File "C:\Python3.6.1\lib\site-packages\django\core\handlers\base.py", line 185, in _get_response
    response = wrapped_callback(request, *callback_args, **callback_kwargs)
  File "C:\Users\timig\PycharmProjects\GrabTheTrade\gtt\views.py", line 212, in get_tasks_statuses
    statuses = processes_status(tasks)
  File "C:\Users\timig\PycharmProjects\GrabTheTrade\gtt\views.py", line 34, in processes_status
    status = count_success*100//len(bodys)
ZeroDivisionError: integer division or modulo by zero
Internal Server Error: /admin/operations/get_task_statuses/
Traceback (most recent call last):
  File "C:\Python3.6.1\lib\site-packages\django\core\handlers\exception.py", line 41, in inner
    response = get_response(request)
  File "C:\Python3.6.1\lib\site-packages\django\core\handlers\base.py", line 187, in _get_response
    response = self.process_exception_by_middleware(e, request)
  File "C:\Python3.6.1\lib\site-packages\django\core\handlers\base.py", line 185, in _get_response
    response = wrapped_callback(request, *callback_args, **callback_kwargs)
  File "C:\Users\timig\PycharmProjects\GrabTheTrade\gtt\views.py", line 212, in get_tasks_statuses
    statuses = processes_status(tasks)
  File "C:\Users\timig\PycharmProjects\GrabTheTrade\gtt\views.py", line 34, in processes_status
    status = count_success*100//len(bodys)
ZeroDivisionError: integer division or modulo by zero
Internal Server Error: /admin/operations/get_task_statuses/
Traceback (most recent call last):
  File "C:\Python3.6.1\lib\site-packages\django\core\handlers\exception.py", line 41, in inner
    response = get_response(request)
  File "C:\Python3.6.1\lib\site-packages\django\core\handlers\base.py", line 187, in _get_response
    response = self.process_exception_by_middleware(e, request)
  File "C:\Python3.6.1\lib\site-packages\django\core\handlers\base.py", line 185, in _get_response
    response = wrapped_callback(request, *callback_args, **callback_kwargs)
  File "C:\Users\timig\PycharmProjects\GrabTheTrade\gtt\views.py", line 212, in get_tasks_statuses
    statuses = processes_status(tasks)
  File "C:\Users\timig\PycharmProjects\GrabTheTrade\gtt\views.py", line 34, in processes_status
    status = count_success*100//len(bodys)
ZeroDivisionError: integer division or modulo by zero
Internal Server Error: /admin/operations/get_task_statuses/
Traceback (most recent call last):
  File "C:\Python3.6.1\lib\site-packages\django\core\handlers\exception.py", line 41, in inner
    response = get_response(request)
  File "C:\Python3.6.1\lib\site-packages\django\core\handlers\base.py", line 187, in _get_response
    response = self.process_exception_by_middleware(e, request)
  File "C:\Python3.6.1\lib\site-packages\django\core\handlers\base.py", line 185, in _get_response
    response = wrapped_callback(request, *callback_args, **callback_kwargs)
  File "C:\Users\timig\PycharmProjects\GrabTheTrade\gtt\views.py", line 212, in get_tasks_statuses
    statuses = processes_status(tasks)
  File "C:\Users\timig\PycharmProjects\GrabTheTrade\gtt\views.py", line 34, in processes_status
    status = count_success*100//len(bodys)
ZeroDivisionError: integer division or modulo by zero
Internal Server Error: /admin/operations/get_task_statuses/
Traceback (most recent call last):
  File "C:\Python3.6.1\lib\site-packages\django\core\handlers\exception.py", line 41, in inner
    response = get_response(request)
  File "C:\Python3.6.1\lib\site-packages\django\core\handlers\base.py", line 187, in _get_response
    response = self.process_exception_by_middleware(e, request)
  File "C:\Python3.6.1\lib\site-packages\django\core\handlers\base.py", line 185, in _get_response
    response = wrapped_callback(request, *callback_args, **callback_kwargs)
  File "C:\Users\timig\PycharmProjects\GrabTheTrade\gtt\views.py", line 212, in get_tasks_statuses
    statuses = processes_status(tasks)
  File "C:\Users\timig\PycharmProjects\GrabTheTrade\gtt\views.py", line 34, in processes_status
    status = count_success*100//len(bodys)
ZeroDivisionError: integer division or modulo by zero
Internal Server Error: /admin/operations/get_task_statuses/
Traceback (most recent call last):
  File "C:\Python3.6.1\lib\site-packages\django\core\handlers\exception.py", line 41, in inner
    response = get_response(request)
  File "C:\Python3.6.1\lib\site-packages\django\core\handlers\base.py", line 187, in _get_response
    response = self.process_exception_by_middleware(e, request)
  File "C:\Python3.6.1\lib\site-packages\django\core\handlers\base.py", line 185, in _get_response
    response = wrapped_callback(request, *callback_args, **callback_kwargs)
  File "C:\Users\timig\PycharmProjects\GrabTheTrade\gtt\views.py", line 212, in get_tasks_statuses
    statuses = processes_status(tasks)
  File "C:\Users\timig\PycharmProjects\GrabTheTrade\gtt\views.py", line 34, in processes_status
    status = count_success*100//len(bodys)
ZeroDivisionError: integer division or modulo by zero
Not Found: /favicon.ico
Internal Server Error: /admin/operations/get_task_statuses/
Traceback (most recent call last):
  File "C:\Python3.6.1\lib\site-packages\django\core\handlers\exception.py", line 41, in inner
    response = get_response(request)
  File "C:\Python3.6.1\lib\site-packages\django\core\handlers\base.py", line 187, in _get_response
    response = self.process_exception_by_middleware(e, request)
  File "C:\Python3.6.1\lib\site-packages\django\core\handlers\base.py", line 185, in _get_response
    response = wrapped_callback(request, *callback_args, **callback_kwargs)
  File "C:\Users\timig\PycharmProjects\GrabTheTrade\gtt\views.py", line 212, in get_tasks_statuses
    statuses = processes_status(tasks)
  File "C:\Users\timig\PycharmProjects\GrabTheTrade\gtt\views.py", line 34, in processes_status
    status = count_success*100//len(bodys)
ZeroDivisionError: integer division or modulo by zero
Internal Server Error: /admin/operations/get_task_statuses/
Traceback (most recent call last):
  File "C:\Python3.6.1\lib\site-packages\django\core\handlers\exception.py", line 41, in inner
    response = get_response(request)
  File "C:\Python3.6.1\lib\site-packages\django\core\handlers\base.py", line 187, in _get_response
    response = self.process_exception_by_middleware(e, request)
  File "C:\Python3.6.1\lib\site-packages\django\core\handlers\base.py", line 185, in _get_response
    response = wrapped_callback(request, *callback_args, **callback_kwargs)
  File "C:\Users\timig\PycharmProjects\GrabTheTrade\gtt\views.py", line 212, in get_tasks_statuses
    statuses = processes_status(tasks)
  File "C:\Users\timig\PycharmProjects\GrabTheTrade\gtt\views.py", line 34, in processes_status
    status = count_success*100//len(bodys)
ZeroDivisionError: integer division or modulo by zero
Internal Server Error: /admin/operations/get_task_statuses/
Traceback (most recent call last):
  File "C:\Python3.6.1\lib\site-packages\django\core\handlers\exception.py", line 41, in inner
    response = get_response(request)
  File "C:\Python3.6.1\lib\site-packages\django\core\handlers\base.py", line 187, in _get_response
    response = self.process_exception_by_middleware(e, request)
  File "C:\Python3.6.1\lib\site-packages\django\core\handlers\base.py", line 185, in _get_response
    response = wrapped_callback(request, *callback_args, **callback_kwargs)
  File "C:\Users\timig\PycharmProjects\GrabTheTrade\gtt\views.py", line 212, in get_tasks_statuses
    statuses = processes_status(tasks)
  File "C:\Users\timig\PycharmProjects\GrabTheTrade\gtt\views.py", line 34, in processes_status
    status = count_success*100//len(bodys)
ZeroDivisionError: integer division or modulo by zero
Internal Server Error: /admin/operations/parsing/
Traceback (most recent call last):
  File "C:\Python3.6.1\lib\site-packages\django\core\handlers\exception.py", line 41, in inner
    response = get_response(request)
  File "C:\Python3.6.1\lib\site-packages\django\core\handlers\base.py", line 187, in _get_response
    response = self.process_exception_by_middleware(e, request)
  File "C:\Python3.6.1\lib\site-packages\django\core\handlers\base.py", line 185, in _get_response
    response = wrapped_callback(request, *callback_args, **callback_kwargs)
  File "C:\Users\timig\PycharmProjects\GrabTheTrade\gtt\views.py", line 59, in parsing
    data.grab_the_site(resource[0])
  File "C:\Users\timig\PycharmProjects\GrabTheTrade\gtt\models.py", line 239, in grab_the_site
    task = Task.task.add_task(" ", resource, json.dumps([analyzer]), datetime.now(), None)
  File "C:\Python3.6.1\lib\json\__init__.py", line 231, in dumps
    return _default_encoder.encode(obj)
  File "C:\Python3.6.1\lib\json\encoder.py", line 199, in encode
    chunks = self.iterencode(o, _one_shot=True)
  File "C:\Python3.6.1\lib\json\encoder.py", line 257, in iterencode
    return _iterencode(o, 0)
  File "C:\Python3.6.1\lib\json\encoder.py", line 180, in default
    o.__class__.__name__)
TypeError: Object of type 'AsyncResult' is not JSON serializable
Internal Server Error: /admin/operations/parsing/
Traceback (most recent call last):
  File "C:\Python3.6.1\lib\site-packages\django\core\handlers\exception.py", line 41, in inner
    response = get_response(request)
  File "C:\Python3.6.1\lib\site-packages\django\core\handlers\base.py", line 187, in _get_response
    response = self.process_exception_by_middleware(e, request)
  File "C:\Python3.6.1\lib\site-packages\django\core\handlers\base.py", line 185, in _get_response
    response = wrapped_callback(request, *callback_args, **callback_kwargs)
  File "C:\Users\timig\PycharmProjects\GrabTheTrade\gtt\views.py", line 59, in parsing
    data.grab_the_site(resource[0])
  File "C:\Users\timig\PycharmProjects\GrabTheTrade\gtt\models.py", line 239, in grab_the_site
    task = Task.task.add_task(" ", resource, json.dumps([analyzer]), datetime.now(), None)
  File "C:\Python3.6.1\lib\json\__init__.py", line 231, in dumps
    return _default_encoder.encode(obj)
  File "C:\Python3.6.1\lib\json\encoder.py", line 199, in encode
    chunks = self.iterencode(o, _one_shot=True)
  File "C:\Python3.6.1\lib\json\encoder.py", line 257, in iterencode
    return _iterencode(o, 0)
  File "C:\Python3.6.1\lib\json\encoder.py", line 180, in default
    o.__class__.__name__)
TypeError: Object of type 'AsyncResult' is not JSON serializable
